[Warning] [simulation_app.simulation_app] Modules: ['omni.kit_app'] were loaded before SimulationApp was started and might not be loaded correctly.
[Warning] [simulation_app.simulation_app] Please check to make sure no extra omniverse or pxr modules are imported before the call to SimulationApp(...)
[Info] [carb] Logging to file: c:/users/aa598/miniconda3/envs/robot_env_gpu/lib/site-packages/omni/logs/Kit/Isaac-Sim Python/4.5/kit_20260316_230041.log
2026-03-16 15:00:41 [0ms] [Warning] [omni.kit.app.plugin] No crash reporter present, dumps uploading isn't available.
[0.170s] [ext: omni.kit.async_engine-0.0.1] startup
[0.641s] [ext: omni.metrics.core-0.0.1] startup
[0.643s] [ext: omni.client.lib-1.0.0] startup
[0.666s] [ext: omni.blobkey-1.1.2] startup
[0.667s] [ext: omni.stats-1.0.1] startup
[0.671s] [ext: omni.datastore-0.0.0] startup
[0.674s] [ext: omni.client-1.2.2] startup
[0.684s] [ext: omni.ujitso.default-1.0.0] startup
[0.689s] [ext: omni.hsscclient-1.1.1] startup
2026-03-16 15:00:42 [593ms] [Warning] [omni.datastore] OmniHub is inaccessible
[0.699s] [ext: omni.gpu_foundation.shadercache.vulkan-1.0.0] startup
[0.707s] [ext: omni.assets.plugins-0.0.0] startup
[0.713s] [ext: omni.gpu_foundation-0.0.0] startup
[0.752s] [ext: carb.windowing.plugins-1.0.0] startup
[1.017s] [ext: omni.kit.renderer.init-0.0.0] startup
[1.019s] [ext: omni.kit.pipapi-0.0.0] startup
[1.033s] [ext: omni.kit.pip_archive-0.0.0] startup
[1.034s] [ext: omni.pip.compute-1.4.5] startup
[1.035s] [ext: omni.pip.cloud-1.1.7] startup
[1.040s] [ext: omni.isaac.core_archive-2.3.3] startup
[1.041s] [ext: omni.materialx.libs-1.0.6] startup
[1.069s] [ext: omni.isaac.ml_archive-2.1.2] startup
[1.070s] [ext: omni.usd.config-1.0.5] startup
[1.092s] [ext: omni.gpucompute.plugins-0.0.0] startup
[1.096s] [ext: omni.usd.libs-1.0.1] startup
[1.314s] [ext: omni.mdl-55.0.1] startup
[1.338s] [ext: omni.iray.libs-0.0.0] startup
[1.373s] [ext: omni.mdl.neuraylib-0.2.10] startup
[1.381s] [ext: omni.kit.usd.mdl-1.0.7] startup
[1.573s] [ext: omni.kit.telemetry-0.5.1] startup
2026-03-16 15:00:43 [1,476ms] [Warning] [gpu.foundation.plugin] Skipping unsupported non-NVIDIA GPU: AMD Radeon RX 6800 XT
2026-03-16 15:00:43 [1,476ms] [Warning] [gpu.foundation.plugin] Skipping unsupported non-NVIDIA GPU: AMD Radeon(TM) Graphics
2026-03-16 15:00:43 [1,476ms] [Warning] [gpu.foundation.plugin] Skipping unsupported non-NVIDIA GPU: AMD Radeon RX 6800 XT
2026-03-16 15:00:43 [1,476ms] [Warning] [gpu.foundation.plugin] Skipping unsupported non-NVIDIA GPU: AMD Radeon(TM) Graphics
[1.598s] [ext: omni.kit.loop-isaac-1.2.1] startup
[1.602s] [ext: omni.kit.test-1.1.2] startup
[1.774s] [ext: omni.appwindow-1.1.9] startup
[1.798s] [ext: omni.kit.renderer.core-1.0.2] startup
[1.810s] [ext: omni.kit.renderer.capture-0.0.0] startup
[1.821s] [ext: omni.kit.renderer.imgui-1.0.2] startup
[1.849s] [ext: omni.ui-2.26.5] startup
[1.870s] [ext: omni.kit.mainwindow-1.0.3] startup
[1.874s] [ext: carb.audio-0.1.0] startup
[1.877s] [ext: omni.uiaudio-1.0.0] startup

|---------------------------------------------------------------------------------------------|
| Driver Version: 591.74        | Graphics API: Vulkan
|=============================================================================================|
| GPU | Name                             | Active | LDA | GPU Memory | Vendor-ID | LUID       |
|     |                                  |        |     |            | Device-ID | UUID       |
|     |                                  |        |     |            | Bus-ID    |            |
|---------------------------------------------------------------------------------------------|
| 0   | NVIDIA GeForce RTX 5060 Ti       | Yes: 0 |     | 16050   MB | 10de      | e9f80100.. |
|     |                                  |        |     |            | 2d04      | 2a21c339.. |
|     |                                  |        |     |            | a         |            |
|---------------------------------------------------------------------------------------------|
| 1   | AMD Radeon RX 6800 XT            |        |     | 16368   MB | 1002      | 0aaf0100.. |
|     |                                  |        |     |            | 73bf      | 00000000.. |
|     |                                  |        |     |            | N/A       |            |
|---------------------------------------------------------------------------------------------|
| 2   | AMD Radeon(TM) Graphics          |        |     | 2048    MB | 1002      | 9fe00100.. |
|     |                                  |        |     |            | 13c0      | 00000000.. |
|     |                                  |        |     |            | N/A       |            |
|=============================================================================================|
| OS: Windows 11 Pro, Version: 10.0 (25H2), Build: 26200, Kernel: 10.0.26100.8036
| Processor: AMD Ryzen 9 9900X 12-Core Processor            
| Cores: 12 | Logical Cores: 24
|---------------------------------------------------------------------------------------------|
| Total Memory (MB): 128668 | Free Memory: 81910
| Total Page/Swap (MB): 136860 | Free Page/Swap: 70136
|---------------------------------------------------------------------------------------------|
[1.882s] [ext: omni.kit.uiapp-0.0.0] startup
[1.882s] [ext: omni.usd.schema.metrics.assembler-106.5.0] startup
[1.893s] [ext: omni.usd.schema.anim-0.0.0] startup
[1.947s] [ext: omni.usd.schema.omniscripting-1.0.0] startup
[1.960s] [ext: omni.usd.schema.geospatial-0.0.0] startup
[1.969s] [ext: omni.usd.schema.physx-106.5.7] startup
[2.000s] [ext: omni.usd.schema.audio-0.0.0] startup
[2.009s] [ext: omni.usd.schema.semantics-0.0.0] startup
[2.017s] [ext: omni.usd_resolver-1.0.0] startup
[2.027s] [ext: usdrt.scenegraph-7.5.1] startup
[2.090s] [ext: omni.kit.actions.core-1.0.0] startup
[2.097s] [ext: omni.timeline-1.0.11] startup
[2.101s] [ext: omni.usd.core-1.4.2] startup
[2.103s] [ext: omni.resourcemonitor-107.0.0] startup
[2.109s] [ext: omni.activity.core-1.0.1] startup
[2.112s] [ext: omni.kit.audiodeviceenum-1.0.1] startup
[2.117s] [ext: omni.hydra.usdrt_delegate-7.5.1] startup
[2.136s] [ext: omni.graph.exec-0.9.4] startup
[2.138s] [ext: omni.kit.window.popup_dialog-2.0.24] startup
[2.146s] [ext: omni.kit.exec.core-0.13.4] startup
[2.151s] [ext: omni.kit.widget.nucleus_connector-1.1.10] startup
[2.156s] [ext: omni.kit.usd_undo-0.1.8] startup
[2.158s] [ext: omni.kit.commands-1.4.9] startup
[2.168s] [ext: omni.hydra.scene_delegate-0.3.3] startup
[2.172s] [ext: omni.usd-1.12.4] startup
[2.238s] [ext: omni.kit.asset_converter-2.8.3] startup
[2.253s] [ext: omni.usd.schema.isaac-3.0.2] startup
[2.253s] [ext: isaacsim.robot.schema-3.1.3] startup
[2.270s] [ext: omni.usd.schema.omnigraph-1.0.0] startup
[2.284s] [ext: omni.inspect-1.0.1] startup
[2.288s] [ext: omni.kit.notification_manager-1.0.9] startup
[2.292s] [ext: omni.graph.core-2.181.8] startup
[2.296s] [ext: isaacsim.core.deprecation_manager-0.2.2] startup
[2.298s] [ext: omni.usd.schema.forcefield-106.5.7] startup
[2.308s] [ext: omni.kit.menu.core-1.1.2] startup
[2.309s] [ext: omni.kvdb-106.5.7] startup
[2.313s] [ext: omni.graph.tools-1.79.1] startup
[2.375s] [ext: omni.localcache-106.5.7] startup
[2.381s] [ext: omni.convexdecomposition-106.5.7] startup
[2.387s] [ext: omni.kit.widget.text_editor-1.0.2] startup
[2.390s] [ext: omni.kit.menu.utils-1.7.7] startup
[2.405s] [ext: omni.graph-1.140.2] startup
[2.547s] [ext: omni.kit.widget.path_field-2.0.11] startup
[2.550s] [ext: omni.graph.image.core-0.6.0] startup
[2.552s] [ext: omni.kit.usd.layers-2.2.0] startup
[2.566s] [ext: omni.kit.helper.file_utils-0.1.9] startup
[2.570s] [ext: omni.graph.image.nodes-1.3.0] startup
[2.573s] [ext: omni.kit.menu.create-1.0.17] startup
[2.576s] [ext: omni.physx.foundation-106.5.7] startup
[2.586s] [ext: omni.graph.nodes-1.162.1] startup
[2.599s] [ext: omni.kit.widget.browser_bar-2.0.10] startup
[2.602s] [ext: omni.kit.widget.filebrowser-2.10.52] startup
[2.612s] [ext: omni.kit.widget.context_menu-1.2.4] startup
[2.615s] [ext: omni.kit.clipboard-1.0.5] startup
[2.618s] [ext: omni.kit.widget.graph-1.12.17] startup
[2.630s] [ext: omni.ujitso.processor.texture-1.0.0] startup
[2.634s] [ext: omni.index.libs-380600.1777.0] startup
[2.635s] [ext: omni.ujitso.client-0.0.0] startup
[2.636s] [ext: omni.index-1.0.1] startup
[2.638s] [ext: omni.hydra.rtx.shadercache.vulkan-1.0.0] startup
[2.641s] [ext: omni.kit.widget.options_menu-1.1.6] startup
[2.650s] [ext: omni.volume-0.5.0] startup
[2.657s] [ext: omni.ui.scene-1.11.2] startup
[2.664s] [ext: omni.kit.widget.options_button-1.0.3] startup
[2.666s] [ext: omni.hydra.rtx-1.0.0] startup
[2.711s] [ext: omni.kit.window.filepicker-2.11.7] startup
[2.742s] [ext: omni.kit.graph.delegate.default-1.2.2] startup
[2.744s] [ext: omni.kit.hydra_texture-1.4.0] startup
[2.750s] [ext: omni.kit.window.file_importer-1.1.14] startup
[2.757s] [ext: omni.kit.context_menu-1.8.3] startup
[2.762s] [ext: omni.kit.widget.searchfield-1.1.8] startup
[2.766s] [ext: omni.kit.graph.usd.commands-1.3.1] startup
[2.774s] [ext: omni.kit.widget.material_preview-1.0.16] startup
[2.778s] [ext: omni.kit.material.library-1.5.15] startup
[2.788s] [ext: omni.kit.graph.editor.core-1.5.3] startup
[2.794s] [ext: omni.graph.action_core-1.1.7] startup
[2.799s] [ext: omni.kit.stage_template.core-1.1.22] startup
[2.801s] [ext: omni.kit.widget.filter-1.1.4] startup
[2.803s] [ext: omni.kit.hotkeys.core-1.3.10] startup
[2.805s] [ext: omni.kit.window.file_exporter-1.0.31] startup
[2.808s] [ext: omni.kit.property.adapter.core-1.0.2] startup
[2.814s] [ext: omni.kit.window.drop_support-1.0.4] startup
[2.815s] [ext: omni.kit.window.file-1.3.57] startup
[2.822s] [ext: omni.kit.window.content_browser_registry-0.0.6] startup
[2.824s] [ext: omni.kit.widget.searchable_combobox-1.0.6] startup
[2.827s] [ext: omni.kit.widget.highlight_label-1.0.3] startup
[2.829s] [ext: omni.kit.window.content_browser-2.10.3] startup
2026-03-16 15:00:44 [2,737ms] [Warning] [omni.ext._impl._internal] Found class `WrappedClass` derived from `omni.ext.IExt` in module: 'omni.kit.window.content_browser', but it was imported from other extension: 'C:\Users\aa598\miniconda3\envs\robot_env_gpu\Lib\site-packages\omni\kernel\py\omni\kit\app\_impl\__init__.py', which is not a subpath to: 'c:\users\aa598\miniconda3\envs\robot_env_gpu\lib\site-packages\isaacsim\extscache\omni.kit.window.content_browser-2.10.3+d02c707b'. Do not import `IExt` derived class from other extension in your public namespace.
[3.198s] [ext: omni.kit.widget.stage-2.11.6] startup
[3.217s] [ext: omni.kit.property.adapter.usd-1.0.2] startup
[3.220s] [ext: omni.kit.widget.settings-1.2.2] startup
[3.224s] [ext: omni.kit.window.property-1.11.5] startup
[3.230s] [ext: omni.kit.property.adapter.fabric-1.0.3] startup
[3.233s] [ext: omni.kit.window.preferences-1.7.0] startup
[3.247s] [ext: omni.kit.property.usd-4.2.16] startup
[3.265s] [ext: omni.kit.window.material_graph-1.8.19] startup
[3.439s] [ext: omni.usdphysics-106.5.7] startup
[3.441s] [ext: omni.graph.action_nodes-1.40.1] startup
[3.446s] [ext: omni.kit.scripting-106.5.2] startup
[3.461s] [ext: omni.physx.cooking-106.5.7] startup
[3.468s] [ext: isaacsim.core.version-2.0.2] startup
[3.470s] [ext: omni.graph.action-1.120.0] startup
[3.471s] [ext: omni.warp.core-1.5.0] startup
[3.475s] [ext: omni.physx-106.5.7] startup
[3.488s] [ext: isaacsim.storage.native-1.0.6] startup
[3.492s] [ext: omni.warp-1.5.0] startup
[3.514s] [ext: isaacsim.replicator.behavior-1.0.8] startup
[3.526s] [ext: omni.kit.viewport.scene_camera_model-1.0.5] startup
[3.531s] [ext: omni.kit.viewport.legacy_gizmos-1.0.16] startup
[3.535s] [ext: omni.kit.viewport.registry-104.0.6] startup
[3.537s] [ext: omni.kit.widget.viewport-107.0.7] startup
[3.558s] [ext: omni.kit.raycast.query-1.0.5] startup
[3.566s] [ext: omni.hydra.engine.stats-1.0.3] startup
[3.570s] [ext: omni.kit.viewport.menubar.core-107.1.2] startup
[3.624s] [ext: omni.kit.viewport.window-107.0.8] startup
[3.657s] [ext: omni.kit.manipulator.viewport-107.0.1] startup
[3.661s] [ext: omni.ui_query-1.1.7] startup
[3.663s] [ext: omni.kit.viewport.utility-1.0.18] startup
[3.664s] [ext: omni.kit.window.extensions-1.4.25] startup
[3.676s] [ext: omni.kit.ui_test-1.3.3] startup
[3.680s] [ext: omni.graph.visualization.nodes-2.1.1] startup
[3.688s] [ext: omni.kit.widget.stage_icons-1.0.6] startup
[3.691s] [ext: isaacsim.gui.components-1.0.9] startup
[3.701s] [ext: omni.kit.window.stage-2.5.11] startup
[3.713s] [ext: omni.physx.stageupdate-106.5.7] startup
[3.720s] [ext: omni.kit.numpy.common-0.1.2] startup
[3.724s] [ext: omni.kit.menu.stage-1.2.5] startup
[3.726s] [ext: omni.isaac.dynamic_control-1.3.15] startup
2026-03-16 15:00:45 [3,635ms] [Warning] [omni.isaac.dynamic_control] omni.isaac.dynamic_control is deprecated as of Isaac Sim 4.5. No action is needed from end-users.
[3.734s] [ext: omni.kit.usd.collect-2.2.22] startup
[3.739s] [ext: omni.physics.tensors-106.5.7] startup
[3.747s] [ext: isaacsim.core.utils-2.2.8] startup
[3.752s] [ext: omni.kit.widget.zoombar-1.0.5] startup
[3.755s] [ext: omni.physx.tensors-106.5.7] startup
[3.759s] [ext: omni.kit.widget.prompt-1.0.7] startup
[3.761s] [ext: omni.kit.browser.core-2.3.11] startup
[3.770s] [ext: isaacsim.core.simulation_manager-0.3.3] startup
[5.489s] [ext: omni.kit.tool.collect-2.2.16] startup
[5.496s] [ext: omni.kit.browser.folder.core-1.10.1] startup
[5.515s] [ext: isaacsim.core.cloner-1.3.4] startup
[5.518s] [ext: isaacsim.examples.browser-0.1.8] startup
[5.524s] [ext: omni.isaac.cloner-1.0.2] startup
2026-03-16 15:00:47 [5,427ms] [Warning] [omni.isaac.cloner] omni.isaac.cloner has been deprecated in favor of isaacsim.core.cloner. Please update your code accordingly.
[5.526s] [ext: omni.kit.primitive.mesh-1.0.17] startup
[5.535s] [ext: omni.syntheticdata-0.6.10] startup
[5.558s] [ext: omni.graph.scriptnode-1.40.1] startup
[5.564s] [ext: omni.kit.stage_templates-1.2.6] startup
[5.575s] [ext: isaacsim.core.prims-0.3.7] startup
[5.621s] [ext: omni.replicator.core-1.11.35] startup
2026-03-16 15:00:47 [5,627ms] [Warning] [omni.replicator.core.scripts.extension] No material configuration file, adding configuration to material settings directly.
[5.728s] [ext: isaacsim.core.api-4.2.16] startup
[5.766s] [ext: omni.kit.tool.asset_importer-2.12.2] startup
[5.781s] [ext: isaacsim.core.nodes-2.1.4] startup
[5.797s] [ext: isaacsim.asset.importer.urdf-2.3.10] startup
[6.064s] [ext: omni.isaac.core-4.0.3] startup
2026-03-16 15:00:47 [5,969ms] [Warning] [omni.isaac.core.physics_context.physics_context] omni.isaac.core.physics_context.physics_context has been deprecated in favor of isaacsim.core.api.physics_context.physics_context. Please update your code accordingly.
2026-03-16 15:00:47 [5,973ms] [Warning] [omni.isaac.core.simulation_context.simulation_context] omni.isaac.core.simulation_context.simulation_context has been deprecated in favor of isaacsim.core.api.simulation_context.simulation_context. Please update your code accordingly.
2026-03-16 15:00:47 [5,977ms] [Warning] [omni.isaac.core.world.world] omni.isaac.core.world.world has been deprecated in favor of isaacsim.core.api.world.world. Please update your code accordingly.
2026-03-16 15:00:47 [5,977ms] [Warning] [omni.isaac.core] omni.isaac.core has been deprecated in favor of isaacsim.core.api. Please update your code accordingly.
[6.076s] [ext: omni.isaac.core_nodes-2.0.2] startup
2026-03-16 15:00:47 [5,980ms] [Warning] [omni.isaac.core_nodes] omni.isaac.core_nodes has been deprecated in favor of isaacsim.core.nodes. Please update your code accordingly.
[6.079s] [ext: omni.anim.curve.core-1.2.0] startup
[6.097s] [ext: isaacsim.asset.importer.mjcf-2.3.3] startup
[6.109s] [ext: isaacsim.asset.browser-1.3.4] startup
[6.407s] [ext: isaacsim.robot_motion.lula-4.0.4] startup
[6.439s] [ext: omni.isaac.assets_check-0.3.9] startup
2026-03-16 15:00:48 [6,342ms] [Warning] [omni.isaac.assets_check] omni.isaac.assets_check has been deprecated in favor of isaacsim.asset.browser. Please update your code accordingly.
[6.441s] [ext: isaacsim.robot_motion.motion_generation-8.0.6] startup
[6.461s] [ext: isaacsim.robot.surface_gripper-2.0.6] startup
[6.469s] [ext: omni.kit.selection-0.1.5] startup
[6.475s] [ext: isaacsim.robot_motion.lula_test_widget-1.0.5] startup
[6.482s] [ext: isaacsim.robot.manipulators-3.0.4] startup
[6.492s] [ext: isaacsim.gui.menu-2.0.9] startup
[6.519s] [ext: omni.isaac.lula_test_widget-1.0.2] startup
2026-03-16 15:00:48 [6,424ms] [Warning] [omni.isaac.lula_test_widget] omni.isaac.lula_test_widget has been deprecated in favor of isaacsim.robot_motion.lula_test_widget. Please update your code accordingly.
[6.523s] [ext: omni.isaac.manipulators-3.0.3] startup
2026-03-16 15:00:48 [6,427ms] [Warning] [omni.isaac.manipulators] omni.isaac.manipulators has been deprecated in favor of isaacsim.robot.manipulators. Please update your code accordingly.
2026-03-16 15:00:48 [6,428ms] [Warning] [omni.isaac.manipulators.controllers] omni.isaac.manipulators has been deprecated in favor of isaacsim.robot.manipulators. Please update your code accordingly.
2026-03-16 15:00:48 [6,431ms] [Warning] [omni.isaac.manipulators.controllers.pick_place_controller] omni.isaac.manipulators has been deprecated in favor of isaacsim.robot.manipulators. Please update your code accordingly.
2026-03-16 15:00:48 [6,434ms] [Warning] [omni.isaac.manipulators.controllers.stacking_controller] omni.isaac.manipulators has been deprecated in favor of isaacsim.robot.manipulators. Please update your code accordingly.
2026-03-16 15:00:48 [6,434ms] [Warning] [omni.isaac.manipulators.grippers] omni.isaac.manipulators has been deprecated in favor of isaacsim.robot.manipulators. Please update your code accordingly.
2026-03-16 15:00:48 [6,435ms] [Warning] [omni.isaac.manipulators.grippers.gripper] omni.isaac.manipulators has been deprecated in favor of isaacsim.robot.manipulators. Please update your code accordingly.
2026-03-16 15:00:48 [6,435ms] [Warning] [omni.isaac.manipulators.grippers.parallel_gripper] omni.isaac.manipulators has been deprecated in favor of isaacsim.robot.manipulators. Please update your code accordingly.
2026-03-16 15:00:48 [6,436ms] [Warning] [omni.isaac.manipulators.grippers.surface_gripper] omni.isaac.manipulators has been deprecated in favor of isaacsim.robot.manipulators. Please update your code accordingly.
2026-03-16 15:00:48 [6,436ms] [Warning] [omni.isaac.manipulators.manipulators] omni.isaac.manipulators has been deprecated in favor of isaacsim.robot.manipulators. Please update your code accordingly.
2026-03-16 15:00:48 [6,437ms] [Warning] [omni.isaac.manipulators.manipulators.single_manipulator] omni.isaac.manipulators has been deprecated in favor of isaacsim.robot.manipulators. Please update your code accordingly.
[6.536s] [ext: omni.isaac.menu-1.0.2] startup
2026-03-16 15:00:48 [6,440ms] [Warning] [omni.isaac.menu] omni.isaac.menu has been deprecated in favor of isaacsim.gui.menu. Please update your code accordingly.
[6.539s] [ext: isaacsim.sensors.physics-0.3.6] startup
[6.550s] [ext: isaacsim.util.debug_draw-2.0.3] startup
[6.558s] [ext: omni.isaac.motion_generation-8.0.2] startup
2026-03-16 15:00:48 [6,462ms] [Warning] [omni.isaac.motion_generation] omni.isaac.motion_generation has been deprecated in favor of isaacsim.robot_motion.motion_generation. Please update your code accordingly.
2026-03-16 15:00:48 [6,464ms] [Warning] [omni.isaac.motion_generation.articulation_kinematics_solver] omni.isaac.motion_generation has been deprecated in favor of isaacsim.robot_motion.motion_generation. Please update your code accordingly.
2026-03-16 15:00:48 [6,465ms] [Warning] [omni.isaac.motion_generation.articulation_motion_policy] omni.isaac.motion_generation has been deprecated in favor of isaacsim.robot_motion.motion_generation. Please update your code accordingly.
2026-03-16 15:00:48 [6,466ms] [Warning] [omni.isaac.motion_generation.articulation_trajectory] omni.isaac.motion_generation has been deprecated in favor of isaacsim.robot_motion.motion_generation. Please update your code accordingly.
2026-03-16 15:00:48 [6,467ms] [Warning] [omni.isaac.motion_generation.kinematics_interface] omni.isaac.motion_generation has been deprecated in favor of isaacsim.robot_motion.motion_generation. Please update your code accordingly.
2026-03-16 15:00:48 [6,468ms] [Warning] [omni.isaac.motion_generation.lula] omni.isaac.motion_generation has been deprecated in favor of isaacsim.robot_motion.motion_generation. Please update your code accordingly.
2026-03-16 15:00:48 [6,469ms] [Warning] [omni.isaac.motion_generation.lula.kinematics] omni.isaac.motion_generation has been deprecated in favor of isaacsim.robot_motion.motion_generation. Please update your code accordingly.
2026-03-16 15:00:48 [6,469ms] [Warning] [omni.isaac.motion_generation.lula.motion_policies] omni.isaac.motion_generation has been deprecated in favor of isaacsim.robot_motion.motion_generation. Please update your code accordingly.
2026-03-16 15:00:48 [6,470ms] [Warning] [omni.isaac.motion_generation.lula.path_planners] omni.isaac.motion_generation has been deprecated in favor of isaacsim.robot_motion.motion_generation. Please update your code accordingly.
2026-03-16 15:00:48 [6,471ms] [Warning] [omni.isaac.motion_generation.lula.trajectory_generator] omni.isaac.motion_generation has been deprecated in favor of isaacsim.robot_motion.motion_generation. Please update your code accordingly.
2026-03-16 15:00:48 [6,473ms] [Warning] [omni.isaac.motion_generation.motion_policy_controller] omni.isaac.motion_generation has been deprecated in favor of isaacsim.robot_motion.motion_generation. Please update your code accordingly.
2026-03-16 15:00:48 [6,473ms] [Warning] [omni.isaac.motion_generation.motion_policy_interface] omni.isaac.motion_generation has been deprecated in favor of isaacsim.robot_motion.motion_generation. Please update your code accordingly.
2026-03-16 15:00:48 [6,474ms] [Warning] [omni.isaac.motion_generation.path_planner_visualizer] omni.isaac.motion_generation has been deprecated in favor of isaacsim.robot_motion.motion_generation. Please update your code accordingly.
2026-03-16 15:00:48 [6,475ms] [Warning] [omni.isaac.motion_generation.path_planning_interface] omni.isaac.motion_generation has been deprecated in favor of isaacsim.robot_motion.motion_generation. Please update your code accordingly.
2026-03-16 15:00:48 [6,476ms] [Warning] [omni.isaac.motion_generation.trajectory] omni.isaac.motion_generation has been deprecated in favor of isaacsim.robot_motion.motion_generation. Please update your code accordingly.
2026-03-16 15:00:48 [6,477ms] [Warning] [omni.isaac.motion_generation.world_interface] omni.isaac.motion_generation has been deprecated in favor of isaacsim.robot_motion.motion_generation. Please update your code accordingly.
[6.576s] [ext: omni.sensors.nv.common-2.5.0-coreapi] startup
[6.608s] [ext: isaacsim.robot.policy.examples-4.0.3] startup
[6.612s] [ext: isaacsim.sensors.physx-2.2.5] startup
[6.625s] [ext: omni.isaac.nucleus-1.0.3] startup
2026-03-16 15:00:48 [6,528ms] [Warning] [omni.isaac.nucleus] omni.isaac.nucleus has been deprecated in favor of isaacsim.storage.native. Please update your code accordingly.
2026-03-16 15:00:48 [6,529ms] [Warning] [omni.isaac.nucleus.nucleus] omni.isaac.nucleus.nucleus has been deprecated in favor of isaacsim.storage.native. Please update your code accordingly.
[6.628s] [ext: omni.sensors.nv.materials-1.4.0-coreapi] startup
[6.647s] [ext: omni.isaac.quadruped-3.0.2] startup
2026-03-16 15:00:48 [6,550ms] [Warning] [omni.isaac.quadruped] omni.isaac.quadruped has been deprecated in favor of isaacsim.robot.policy.examples. Please update your code accordingly.
[6.649s] [ext: omni.isaac.range_sensor-4.0.2] startup
[6.657s] [ext: omni.sensors.nv.wpm-2.4.0-coreapi] startup
[6.667s] [ext: omni.sensors.nv.lidar-2.6.3-coreapi] startup
[6.678s] [ext: omni.sensors.nv.ids-1.4.0-coreapi] startup
[6.685s] [ext: omni.sensors.tiled-0.0.6] startup
[6.689s] [ext: omni.sensors.nv.radar-2.6.1-coreapi] startup
[6.707s] [ext: isaacsim.robot.manipulators.examples-1.0.3] startup
[6.710s] [ext: isaacsim.sensors.camera-0.2.9] startup
[6.723s] [ext: omni.kit.widget.toolbar-1.7.3] startup
[6.748s] [ext: isaacsim.sensors.rtx-13.6.4] startup
[6.758s] [ext: omni.kit.manipulator.transform-106.0.1] startup
[6.772s] [ext: isaacsim.cortex.framework-1.0.2] startup
[6.775s] [ext: omni.kit.manipulator.selector-1.1.1] startup
[6.781s] [ext: omni.isaac.sensor-13.0.3] startup
2026-03-16 15:00:48 [6,684ms] [Warning] [omni.isaac.sensor] omni.isaac.sensor has been deprecated in favor of isaacsim.sensors.camera, isaacsim.sensors.physics, isaacsim.sensors.physx, and isaacsim.sensors.rtx. Please update your code accordingly.
2026-03-16 15:00:48 [6,684ms] [Warning] [omni.isaac.sensor.camera] omni.isaac.sensor.camera has been deprecated in favor of isaacsim.sensors.camera.camera. Please update your code accordingly.
2026-03-16 15:00:48 [6,685ms] [Warning] [omni.isaac.sensor.camera_view] omni.isaac.sensor.camera_view has been deprecated in favor of isaacsim.sensors.camera.camera_view. Please update your code accordingly.
2026-03-16 15:00:48 [6,686ms] [Warning] [omni.isaac.sensor.commands] omni.isaac.sensor.commands has been deprecated in favor of isaacsim.sensors.physics.commands, isaacsim.sensors.physx.commands, and isaacsim.sensors.rtx.commands. Please update your code accordingly.
2026-03-16 15:00:48 [6,687ms] [Warning] [omni.isaac.sensor.contact_sensor] omni.isaac.sensor.contact_sensor has been deprecated in favor of isaacsim.sensors.physics.contact_sensor. Please update your code accordingly.
2026-03-16 15:00:48 [6,688ms] [Warning] [omni.isaac.sensor.imu_sensor] omni.isaac.sensor.imu_sensor has been deprecated in favor of isaacsim.sensors.physics.imu_sensor. Please update your code accordingly.
2026-03-16 15:00:48 [6,690ms] [Warning] [omni.isaac.sensor.lidar_rtx] omni.isaac.sensor.lidar_rtx has been deprecated in favor of isaacsim.sensors.rtx.lidar_rtx. Please update your code accordingly.
2026-03-16 15:00:48 [6,690ms] [Warning] [omni.isaac.sensor.rotating_lidar_physX] omni.isaac.sensor.imu_sensor has been deprecated in favor of isaacsim.sensors.physix.rotating_lidar_physX. Please update your code accordingly.
2026-03-16 15:00:48 [6,696ms] [Warning] [omni.isaac.sensor.scripts.samples.contact_sensor] omni.isaac.sensor.scripts.samples.contact_sensor has been deprecated in favor of isaacsim.sensors.physics.scripts.samples.contact_sensor. Please update your code accordingly.
2026-03-16 15:00:48 [6,697ms] [Warning] [omni.isaac.sensor.scripts.samples.imu_sensor] omni.isaac.sensor.scripts.samples.imu_sensor has been deprecated in favor of isaacsim.sensors.physics.scripts.samples.imu_sensor. Please update your code accordingly.
2026-03-16 15:00:48 [6,697ms] [Warning] [omni.isaac.sensor.scripts.samples.lightbeam_sensor] omni.isaac.sensor.scripts.samples.lightbeam_sensor has been deprecated in favor of isaacsim.sensors.physx.scripts.samples.lightbeam_sensor. Please update your code accordingly.
[6.796s] [ext: omni.kit.manipulator.tool.snap-1.5.12] startup
[6.816s] [ext: omni.isaac.surface_gripper-2.0.2] startup
2026-03-16 15:00:48 [6,719ms] [Warning] [omni.isaac.surface_gripper] omni.isaac.surface_gripper has been deprecated in favor of isaacsim.robot.surface_gripper. Please update your code accordingly.
[6.818s] [ext: omni.isaac.cortex-1.0.2] startup
2026-03-16 15:00:48 [6,721ms] [Warning] [omni.isaac.cortex] omni.isaac.cortex has been deprecated in favor of isaacsim.cortex.framework. Please update your code accordingly.
[6.820s] [ext: isaacsim.cortex.behaviors-2.0.3] startup
[6.823s] [ext: omni.kit.viewport.manipulator.transform-107.0.4] startup
[6.829s] [ext: omni.isaac.universal_robots-1.0.2] startup
2026-03-16 15:00:48 [6,731ms] [Warning] [omni.isaac.universal_robots] omni.isaac.universal_robots has been deprecated in favor of isaacsim.robot.manipulators.examples.universal_robots. Please update your code accordingly.
2026-03-16 15:00:48 [6,732ms] [Warning] [omni.isaac.universal_robots.kinematics_solver] omni.isaac.franka has been deprecated in favor of isaacsim.robot.manipulators.examples.universal_robots. Please update your code accordingly.
2026-03-16 15:00:48 [6,734ms] [Warning] [omni.isaac.universal_robots.ur10] omni.isaac.franka has been deprecated in favor of isaacsim.robot.manipulators.examples.universal_robots. Please update your code accordingly.
[6.833s] [ext: omni.isaac.utils-2.0.2] startup
[6.836s] [ext: omni.isaac.cortex.sample_behaviors-2.0.2] startup
2026-03-16 15:00:48 [6,739ms] [Warning] [omni.isaac.cortex.sample_behaviors] omni.isaac.cortex.sample_behaviors has been deprecated in favor of isaacsim.cortex.behaviors. Please update your code accordingly.
[6.839s] [ext: omni.kit.manipulator.prim.core-107.0.7] startup
[6.854s] [ext: omni.fabric.commands-1.1.5] startup
[6.861s] [ext: omni.kit.viewport.actions-107.0.0] startup
[6.867s] [ext: omni.kit.manipulator.prim.usd-107.0.3] startup
[6.870s] [ext: omni.kit.manipulator.prim.fabric-107.0.4] startup
[6.874s] [ext: omni.kit.viewport.menubar.display-107.0.3] startup
[6.878s] [ext: omni.kit.widget.layers-1.8.2] startup
[6.907s] [ext: omni.kit.manipulator.selection-106.0.1] startup
[6.912s] [ext: omni.kit.manipulator.prim-107.0.0] startup
[6.912s] [ext: omni.debugdraw-0.1.3] startup
[6.918s] [ext: omni.graph.ui_nodes-1.40.1] startup
[6.925s] [ext: omni.physx.commands-106.5.7] startup
[6.931s] [ext: omni.usdphysics.ui-106.5.7] startup
[6.961s] [ext: omni.kit.property.audio-1.0.16] startup
[6.965s] [ext: omni.kit.property.camera-1.0.9] startup
[6.969s] [ext: omni.kit.property.geometry-1.3.3] startup
[6.980s] [ext: omni.hydra.scene_api-0.1.2] startup
[6.987s] [ext: omni.physx.ui-106.5.7] startup
[7.032s] [ext: omni.kit.property.material-1.10.17] startup
[7.052s] [ext: omni.kit.property.light-1.0.11] startup
[7.057s] [ext: omni.kit.property.render-1.1.3] startup
[7.061s] [ext: omni.kit.property.transform-1.5.10] startup
[7.072s] [ext: isaacsim.gui.property-1.0.4] startup
[7.079s] [ext: omni.kit.property.physx-106.5.7] startup
[7.126s] [ext: omni.physx.demos-106.5.7] startup
[7.189s] [ext: omni.isaac.lula-4.0.2] startup
2026-03-16 15:00:48 [7,094ms] [Warning] [omni.isaac.lula] omni.isaac.lula has been deprecated in favor of isaacsim.robot_motion.lula. Please update your code accordingly.
[7.193s] [ext: omni.kit.property.bundle-1.3.2] startup
[7.198s] [ext: omni.kit.property.isaac-1.0.2] startup
2026-03-16 15:00:48 [7,101ms] [Warning] [omni.kit.property.isaac] omni.kit.property.isaac has been deprecated in favor of isaacsim.gui.property. Please update your code accordingly.
2026-03-16 15:00:48 [7,101ms] [Warning] [omni.kit.property.isaac.widgets] omni.kit.property.isaac.widgets has been deprecated in favor of isaacsim.gui.property.widgets. Please update your code accordingly.
2026-03-16 15:00:48 [7,101ms] [Warning] [omni.ext._impl._internal] Found class `IsaacPropertyWidgets` derived from `omni.ext.IExt` in module: 'omni.kit.property.isaac', but it was imported from other extension: 'c:/users/aa598/miniconda3/envs/robot_env_gpu/lib/site-packages/omni/data/kit/isaac-sim python/4.5/exts/3/isaacsim.gui.property-1.0.4+106.5.0/isaacsim/gui/property/widgets.py', which is not a subpath to: 'c:\users\aa598\miniconda3\envs\robot_env_gpu\lib\site-packages\omni\data\kit\isaac-sim python\4.5\exts\3\omni.kit.property.isaac-1.0.2+106.5.0'. Do not import `IExt` derived class from other extension in your public namespace.
[7.200s] [ext: omni.kit.viewport.menubar.camera-107.0.2] startup
[7.214s] [ext: omni.physx.vehicle-106.5.7] startup
[7.249s] [ext: omni.kit.viewport.menubar.lighting-106.0.2] startup
[7.256s] [ext: omni.kit.viewport.menubar.render-107.0.8] startup
[7.264s] [ext: omni.kit.viewport.menubar.settings-107.0.3] startup
[7.275s] [ext: omni.kit.window.console-0.2.14] startup
[7.286s] [ext: omni.physx.camera-106.5.7] startup
[7.304s] [ext: omni.kit.window.toolbar-1.6.2] startup
[7.311s] [ext: omni.isaac.version-2.0.2] startup
2026-03-16 15:00:48 [7,214ms] [Warning] [omni.isaac.version] omni.isaac.version has been deprecated in favor of isaacsim.core.version. Please update your code accordingly.
[7.313s] [ext: isaacsim.robot.wheeled_robots-4.0.4] startup
2026-03-16 15:00:48 [7,231ms] [Error] [omni.ext._impl.custom_importer] Failed to import python module isaacsim.robot.wheeled_robots. Error: DLL load failed while importing _isaacsim_robot_wheeled_robots: 檔名或副檔名太長。. Traceback:
Traceback (most recent call last):
  File "C:\Users\aa598\miniconda3\envs\robot_env_gpu\Lib\site-packages\omni\kernel\py\omni\ext\_impl\custom_importer.py", line 76, in import_module
    return importlib.import_module(name)
  File "C:\Users\aa598\miniconda3\envs\robot_env_gpu\lib\importlib\__init__.py", line 126, in import_module
    return _bootstrap._gcd_import(name[level:], package, level)
  File "<frozen importlib._bootstrap>", line 1050, in _gcd_import
  File "<frozen importlib._bootstrap>", line 1027, in _find_and_load
  File "<frozen importlib._bootstrap>", line 1006, in _find_and_load_unlocked
  File "<frozen importlib._bootstrap>", line 688, in _load_unlocked
  File "<frozen importlib._bootstrap_external>", line 883, in exec_module
  File "<frozen importlib._bootstrap>", line 241, in _call_with_frames_removed
  File "c:/users/aa598/miniconda3/envs/robot_env_gpu/lib/site-packages/omni/data/kit/isaac-sim python/4.5/exts/3/isaacsim.robot.wheeled_robots-4.0.4+106.5.0.wx64.r.cp310/isaacsim/robot/wheeled_robots/__init__.py", line 10, in <module>
    from .impl.extension import Extension
  File "c:/users/aa598/miniconda3/envs/robot_env_gpu/lib/site-packages/omni/data/kit/isaac-sim python/4.5/exts/3/isaacsim.robot.wheeled_robots-4.0.4+106.5.0.wx64.r.cp310/isaacsim/robot/wheeled_robots/impl/__init__.py", line 11, in <module>
    from .extension import *
  File "c:/users/aa598/miniconda3/envs/robot_env_gpu/lib/site-packages/omni/data/kit/isaac-sim python/4.5/exts/3/isaacsim.robot.wheeled_robots-4.0.4+106.5.0.wx64.r.cp310/isaacsim/robot/wheeled_robots/impl/extension.py", line 12, in <module>
    from isaacsim.robot.wheeled_robots.bindings._isaacsim_robot_wheeled_robots import (
ImportError: DLL load failed while importing _isaacsim_robot_wheeled_robots: 檔名或副檔名太長。

2026-03-16 15:00:48 [7,231ms] [Error] [carb.scripting-python.plugin] Exception: Extension python module: 'isaacsim.robot.wheeled_robots' in 'c:\users\aa598\miniconda3\envs\robot_env_gpu\lib\site-packages\omni\data\kit\isaac-sim python\4.5\exts\3\isaacsim.robot.wheeled_robots-4.0.4+106.5.0.wx64.r.cp310' failed to load.

At:
  C:\Users\aa598\miniconda3\envs\robot_env_gpu\Lib\site-packages\omni\kernel\py\omni\ext\_impl\_internal.py(213): startup
  C:\Users\aa598\miniconda3\envs\robot_env_gpu\Lib\site-packages\omni\kernel\py\omni\ext\_impl\_internal.py(328): startup_extension
  PythonExtension.cpp::startup()(2): <module>
  C:\Users\aa598\miniconda3\envs\robot_env_gpu\Lib\site-packages\isaacsim\exts\isaacsim.simulation_app\isaacsim\simulation_app\simulation_app.py(427): _start_app
  C:\Users\aa598\miniconda3\envs\robot_env_gpu\Lib\site-packages\isaacsim\exts\isaacsim.simulation_app\isaacsim\simulation_app\simulation_app.py(212): __init__
  C:\Users\aa598\archimedes-survey\mechanics\isaac_sim_beach.py(21): <module>

2026-03-16 15:00:48 [7,231ms] [Error] [omni.ext.plugin] [ext: isaacsim.robot.wheeled_robots-4.0.4] Failed to startup python extension.
[7.609s] [ext: omni.physx.cct-106.5.7] startup
2026-03-16 15:00:49 [7,525ms] [Error] [omni.graph.core._impl.extension] OGN node registration completed with errors: DLL load failed while importing _isaacsim_robot_wheeled_robots: 檔名或副檔名太長。
[7.628s] [ext: omni.physx.graph-106.5.7] startup
[7.651s] [ext: isaacsim.replicator.writers-1.0.1] startup
[7.698s] [ext: omni.physx.supportui-106.5.7] startup
[7.727s] [ext: omni.physx.telemetry-106.5.7] startup
[7.740s] [ext: omni.isaac.wheeled_robots-3.0.3] startup
2026-03-16 15:00:49 [7,644ms] [Warning] [omni.isaac.wheeled_robots] omni.isaac.wheeled_robots has been deprecated in favor of isaacsim.robot.wheeled_robots. Please update your code accordingly.
2026-03-16 15:00:49 [7,645ms] [Warning] [omni.isaac.wheeled_robots.controllers] omni.isaac.wheeled_robots has been deprecated in favor of isaacsim.robot.wheeled_robots. Please update your code accordingly.
2026-03-16 15:00:49 [7,645ms] [Warning] [omni.isaac.wheeled_robots.controllers.ackermann_controller] omni.isaac.wheeled_robots has been deprecated in favor of isaacsim.robot.wheeled_robots. Please update your code accordingly.
2026-03-16 15:00:49 [7,646ms] [Warning] [omni.isaac.wheeled_robots.controllers.differential_controller] omni.isaac.wheeled_robots has been deprecated in favor of isaacsim.robot.wheeled_robots. Please update your code accordingly.
2026-03-16 15:00:49 [7,647ms] [Warning] [omni.isaac.wheeled_robots.controllers.holonomic_controller] omni.isaac.wheeled_robots has been deprecated in favor of isaacsim.robot.wheeled_robots. Please update your code accordingly.
2026-03-16 15:00:49 [7,647ms] [Warning] [omni.isaac.wheeled_robots.controllers.quintic_path_planner] omni.isaac.wheeled_robots has been deprecated in favor of isaacsim.robot.wheeled_robots. Please update your code accordingly.
2026-03-16 15:00:49 [7,648ms] [Warning] [omni.isaac.wheeled_robots.controllers.stanley_control] omni.isaac.wheeled_robots has been deprecated in favor of isaacsim.robot.wheeled_robots. Please update your code accordingly.
2026-03-16 15:00:49 [7,648ms] [Warning] [omni.isaac.wheeled_robots.controllers.wheel_base_pose_controller] omni.isaac.wheeled_robots has been deprecated in favor of isaacsim.robot.wheeled_robots. Please update your code accordingly.
2026-03-16 15:00:49 [7,649ms] [Warning] [omni.isaac.wheeled_robots.impl] omni.isaac.wheeled_robots has been deprecated in favor of isaacsim.robot.wheeled_robots. Please update your code accordingly.
2026-03-16 15:00:49 [7,649ms] [Warning] [omni.isaac.wheeled_robots.robots] omni.isaac.wheeled_robots has been deprecated in favor of isaacsim.robot.wheeled_robots. Please update your code accordingly.
2026-03-16 15:00:49 [7,650ms] [Warning] [omni.isaac.wheeled_robots.robots.holonomic_robot_usd_setup] omni.isaac.wheeled_robots has been deprecated in favor of isaacsim.robot.wheeled_robots. Please update your code accordingly.
2026-03-16 15:00:49 [7,654ms] [Error] [omni.ext._impl.custom_importer] Failed to import python module omni.isaac.wheeled_robots. Error: DLL load failed while importing _isaacsim_robot_wheeled_robots: 檔名或副檔名太長。. Traceback:
Traceback (most recent call last):
  File "C:\Users\aa598\miniconda3\envs\robot_env_gpu\Lib\site-packages\omni\kernel\py\omni\ext\_impl\custom_importer.py", line 76, in import_module
    return importlib.import_module(name)
  File "C:\Users\aa598\miniconda3\envs\robot_env_gpu\lib\importlib\__init__.py", line 126, in import_module
    return _bootstrap._gcd_import(name[level:], package, level)
  File "<frozen importlib._bootstrap>", line 1050, in _gcd_import
  File "<frozen importlib._bootstrap>", line 1027, in _find_and_load
  File "<frozen importlib._bootstrap>", line 1006, in _find_and_load_unlocked
  File "<frozen importlib._bootstrap>", line 688, in _load_unlocked
  File "<frozen importlib._bootstrap_external>", line 883, in exec_module
  File "<frozen importlib._bootstrap>", line 241, in _call_with_frames_removed
  File "c:/users/aa598/miniconda3/envs/robot_env_gpu/lib/site-packages/omni/data/kit/isaac-sim python/4.5/exts/3/omni.isaac.wheeled_robots-3.0.3+106.5.0/omni/isaac/wheeled_robots/__init__.py", line 23, in <module>
    from .robots import *
  File "c:/users/aa598/miniconda3/envs/robot_env_gpu/lib/site-packages/omni/data/kit/isaac-sim python/4.5/exts/3/omni.isaac.wheeled_robots-3.0.3+106.5.0/omni/isaac/wheeled_robots/robots/__init__.py", line 22, in <module>
    from .holonomic_robot_usd_setup import *
  File "c:/users/aa598/miniconda3/envs/robot_env_gpu/lib/site-packages/omni/data/kit/isaac-sim python/4.5/exts/3/omni.isaac.wheeled_robots-3.0.3+106.5.0/omni/isaac/wheeled_robots/robots/holonomic_robot_usd_setup.py", line 17, in <module>
    from isaacsim.robot.wheeled_robots.robots.holonomic_robot_usd_setup import *
  File "c:/users/aa598/miniconda3/envs/robot_env_gpu/lib/site-packages/omni/data/kit/isaac-sim python/4.5/exts/3/isaacsim.robot.wheeled_robots-4.0.4+106.5.0.wx64.r.cp310/isaacsim/robot/wheeled_robots/__init__.py", line 10, in <module>
    from .impl.extension import Extension
  File "c:/users/aa598/miniconda3/envs/robot_env_gpu/lib/site-packages/omni/data/kit/isaac-sim python/4.5/exts/3/isaacsim.robot.wheeled_robots-4.0.4+106.5.0.wx64.r.cp310/isaacsim/robot/wheeled_robots/impl/__init__.py", line 11, in <module>
    from .extension import *
  File "c:/users/aa598/miniconda3/envs/robot_env_gpu/lib/site-packages/omni/data/kit/isaac-sim python/4.5/exts/3/isaacsim.robot.wheeled_robots-4.0.4+106.5.0.wx64.r.cp310/isaacsim/robot/wheeled_robots/impl/extension.py", line 12, in <module>
    from isaacsim.robot.wheeled_robots.bindings._isaacsim_robot_wheeled_robots import (
ImportError: DLL load failed while importing _isaacsim_robot_wheeled_robots: 檔名或副檔名太長。

2026-03-16 15:00:49 [7,654ms] [Error] [carb.scripting-python.plugin] Exception: Extension python module: 'omni.isaac.wheeled_robots' in 'c:\users\aa598\miniconda3\envs\robot_env_gpu\lib\site-packages\omni\data\kit\isaac-sim python\4.5\exts\3\omni.isaac.wheeled_robots-3.0.3+106.5.0' failed to load.

At:
  C:\Users\aa598\miniconda3\envs\robot_env_gpu\Lib\site-packages\omni\kernel\py\omni\ext\_impl\_internal.py(213): startup
  C:\Users\aa598\miniconda3\envs\robot_env_gpu\Lib\site-packages\omni\kernel\py\omni\ext\_impl\_internal.py(328): startup_extension
  PythonExtension.cpp::startup()(2): <module>
  C:\Users\aa598\miniconda3\envs\robot_env_gpu\Lib\site-packages\isaacsim\exts\isaacsim.simulation_app\isaacsim\simulation_app\simulation_app.py(427): _start_app
  C:\Users\aa598\miniconda3\envs\robot_env_gpu\Lib\site-packages\isaacsim\exts\isaacsim.simulation_app\isaacsim\simulation_app\simulation_app.py(212): __init__
  C:\Users\aa598\archimedes-survey\mechanics\isaac_sim_beach.py(21): <module>

2026-03-16 15:00:49 [7,654ms] [Error] [omni.ext.plugin] [ext: omni.isaac.wheeled_robots-3.0.3] Failed to startup python extension.
[8.045s] [ext: omni.isaac.franka-1.0.2] startup
2026-03-16 15:00:49 [7,950ms] [Warning] [omni.isaac.wheeled_robots] omni.isaac.wheeled_robots has been deprecated in favor of isaacsim.robot.wheeled_robots. Please update your code accordingly.
2026-03-16 15:00:49 [7,950ms] [Warning] [omni.isaac.franka] omni.isaac.franka has been deprecated in favor of isaacsim.robot.manipulators.examples.franka. Please update your code accordingly.
2026-03-16 15:00:49 [7,950ms] [Warning] [omni.isaac.wheeled_robots.controllers] omni.isaac.wheeled_robots has been deprecated in favor of isaacsim.robot.wheeled_robots. Please update your code accordingly.
2026-03-16 15:00:49 [7,951ms] [Warning] [omni.isaac.franka.franka] omni.isaac.franka has been deprecated in favor of isaacsim.robot.manipulators.examples.franka. Please update your code accordingly.
2026-03-16 15:00:49 [7,951ms] [Warning] [omni.isaac.wheeled_robots.controllers.ackermann_controller] omni.isaac.wheeled_robots has been deprecated in favor of isaacsim.robot.wheeled_robots. Please update your code accordingly.
2026-03-16 15:00:49 [7,952ms] [Warning] [omni.isaac.wheeled_robots.controllers.differential_controller] omni.isaac.wheeled_robots has been deprecated in favor of isaacsim.robot.wheeled_robots. Please update your code accordingly.
2026-03-16 15:00:49 [7,952ms] [Warning] [omni.isaac.wheeled_robots.controllers.holonomic_controller] omni.isaac.wheeled_robots has been deprecated in favor of isaacsim.robot.wheeled_robots. Please update your code accordingly.
2026-03-16 15:00:49 [7,953ms] [Warning] [omni.isaac.wheeled_robots.controllers.quintic_path_planner] omni.isaac.wheeled_robots has been deprecated in favor of isaacsim.robot.wheeled_robots. Please update your code accordingly.
2026-03-16 15:00:49 [7,953ms] [Warning] [omni.isaac.wheeled_robots.controllers.stanley_control] omni.isaac.wheeled_robots has been deprecated in favor of isaacsim.robot.wheeled_robots. Please update your code accordingly.
2026-03-16 15:00:49 [7,954ms] [Warning] [omni.isaac.wheeled_robots.controllers.wheel_base_pose_controller] omni.isaac.wheeled_robots has been deprecated in favor of isaacsim.robot.wheeled_robots. Please update your code accordingly.
2026-03-16 15:00:49 [7,955ms] [Warning] [omni.isaac.franka.kinematics_solver] omni.isaac.franka has been deprecated in favor of isaacsim.robot.manipulators.examples.franka. Please update your code accordingly.
[8.054s] [ext: isaacsim.replicator.domain_randomization-1.0.2] startup
2026-03-16 15:00:49 [7,957ms] [Warning] [omni.isaac.wheeled_robots.impl] omni.isaac.wheeled_robots has been deprecated in favor of isaacsim.robot.wheeled_robots. Please update your code accordingly.
2026-03-16 15:00:49 [7,958ms] [Warning] [omni.isaac.wheeled_robots.robots] omni.isaac.wheeled_robots has been deprecated in favor of isaacsim.robot.wheeled_robots. Please update your code accordingly.
2026-03-16 15:00:49 [7,958ms] [Warning] [omni.isaac.wheeled_robots.robots.holonomic_robot_usd_setup] omni.isaac.wheeled_robots has been deprecated in favor of isaacsim.robot.wheeled_robots. Please update your code accordingly.
2026-03-16 15:00:49 [7,961ms] [Error] [omni.graph.core._impl.extension] OGN node registration completed with errors: DLL load failed while importing _isaacsim_robot_wheeled_robots: 檔名或副檔名太長。
[8.062s] [ext: isaacsim.replicator.examples-1.1.2] startup
[8.068s] [ext: omni.kit.window.status_bar-0.1.7] startup
[8.078s] [ext: omni.rtx.window.settings-0.6.17] startup
[8.091s] [ext: omni.usd.metrics.assembler-106.5.0] startup
[8.102s] [ext: omni.physx.bundle-106.5.7] startup
[8.103s] [ext: isaacsim.app.about-2.0.7] startup
[8.108s] [ext: omni.replicator.isaac-2.0.3] startup
2026-03-16 15:00:49 [8,012ms] [Warning] [omni.replicator.isaac] omni.replicator.isaac has been deprecated in favor of isaacsim.replicator.domain_randomization, isaacsim.replicator.examples, isaacsim.replicator.writers. Please update your code accordingly.
[8.111s] [ext: omni.replicator.replicator_yaml-2.0.10] startup
[8.147s] [ext: omni.rtx.settings.core-0.6.3] startup
[8.156s] [ext: omni.usd.metrics.assembler.ui-106.5.0] startup
[8.166s] [ext: isaacsim.simulation_app-2.4.2] startup
[8.166s] [ext: omni.isaac.window.about-2.0.2] startup
2026-03-16 15:00:49 [8,071ms] [Warning] [omni.isaac.window.about] omni.isaac.window.about has been deprecated in favor of isaacsim.app.about. Please update your code accordingly.
2026-03-16 15:00:49 [8,071ms] [Warning] [omni.isaac.window.about.about] omni.isaac.window.about.about has been deprecated in favor of isaacsim.app.about.about. Please update your code accordingly.
[8.171s] [ext: semantics.schema.editor-0.3.10] startup
[8.178s] [ext: omni.kit.ui.actions-1.0.2] startup
[8.181s] [ext: semantics.schema.property-1.0.5] startup
[8.185s] [ext: omni.kit.manipulator.camera-106.0.3] startup
[8.196s] [ext: omni.isaac.kit-2.0.3] startup
2026-03-16 15:00:49 [8,098ms] [Warning] [omni.isaac.kit] omni.isaac.kit has been deprecated in favor of isaacsim.simulation_app. Please update your code accordingly.
[8.196s] [ext: omni.isaac.asset_browser-1.0.2] startup
2026-03-16 15:00:49 [8,099ms] [Warning] [omni.isaac.asset_browser] omni.isaac.asset_browser has been deprecated in favor of isaacsim.asset.browser. Please update your code accordingly.
[8.198s] [ext: isaacsim.core.throttling-2.0.2] startup
[8.201s] [ext: omni.kit.menu.common-1.1.9] startup
[8.205s] [ext: isaacsim.exp.base-4.5.0] startup
[8.206s] [ext: isaacsim.exp.base.python-4.5.0] startup
[8.207s] Simulation App Starting
[8.664s] app ready
Starting kit application with the following args:  ['C:\\Users\\aa598\\miniconda3\\envs\\robot_env_gpu\\Lib\\site-packages\\isaacsim\\exts\\isaacsim.simulation_app\\isaacsim\\simulation_app\\simulation_app.py', 'C:\\Users\\aa598\\miniconda3\\envs\\robot_env_gpu\\Lib\\site-packages\\isaacsim\\apps/isaacsim.exp.base.python.kit', '--/app/tokens/exe-path=C:\\Users\\aa598\\miniconda3\\envs\\robot_env_gpu\\Lib\\site-packages\\omni', '--/persistent/app/viewport/displayOptions=3094', '--/rtx/materialDb/syncLoads=True', '--/rtx/hydra/materialSyncLoads=True', '--/omni.kit.plugin/syncUsdLoads=True', '--/app/renderer/resolution/width=1280', '--/app/renderer/resolution/height=720', '--/app/window/width=1440', '--/app/window/height=900', '--/renderer/multiGpu/enabled=True', '--/app/fastShutdown=True', '--/app/installSignalHandlers=0', '--ext-folder', 'C:\\Users\\aa598\\miniconda3\\envs\\robot_env_gpu\\Lib\\site-packages\\isaacsim/exts', '--ext-folder', 'C:\\Users\\aa598\\miniconda3\\envs\\robot_env_gpu\\Lib\\site-packages\\isaacsim/apps', '--/physics/cudaDevice=0', '--portable']
Passing the following args to the base kit application:  []
Warp 1.5.0 initialized:
   CUDA Toolkit 11.8, Driver 13.1
   Devices:
     "cpu"      : "AMD64 Family 26 Model 68 Stepping 0, AuthenticAMD"
     "cuda:0"   : "NVIDIA GeForce RTX 5060 Ti" (16 GiB, sm_120, mempool enabled)
   Kernel cache:
     C:\Users\aa598\AppData\Local\NVIDIA\warp\Cache\1.5.0
v_fwd=5.27 m/min  v_lat=2.90 m/min  spin=20.2 deg/s
F_WIND=13.5N  F_anchor=740N  wind_drift=0.00 m/min (~0)
2026-03-16 15:00:50 [8,614ms] [Warning] [rtx.neuraylib.plugin] [IRAY:RENDER]   1.1   IRAY   rend warn : GPU 1 (NVIDIA GeForce RTX 5060 Ti) with CUDA compute capability 12.0 is unsupported by this version of iray photoreal. Please look for an update with your software provider.
2026-03-16 15:00:50 [8,623ms] [Warning] [rtx.scenedb.plugin] SceneDbContext : TLAS limit buffer size 7508933632
2026-03-16 15:00:50 [8,623ms] [Warning] [rtx.scenedb.plugin] SceneDbContext : TLAS limit : valid false, within: false
2026-03-16 15:00:50 [8,623ms] [Warning] [rtx.scenedb.plugin] SceneDbContext : TLAS limit : decrement: 167690, decrement size: 7433845248
2026-03-16 15:00:50 [8,623ms] [Warning] [rtx.scenedb.plugin] SceneDbContext : New limit 9574251 (slope: 447, intercept: 13179904)
2026-03-16 15:00:50 [8,623ms] [Warning] [rtx.scenedb.plugin] SceneDbContext : TLAS limit buffer size 4287216384
2026-03-16 15:00:50 [8,623ms] [Warning] [rtx.scenedb.plugin] SceneDbContext : TLAS limit : valid true, within: true
2026-03-16 15:00:52 [10,754ms] [Warning] [omni.usd-abi.plugin] No setting was found for '/rtx-defaults-transient/meshlights/forceDisable'
2026-03-16 15:00:52 [10,779ms] [Warning] [omni.usd-abi.plugin] No setting was found for '/rtx-defaults/post/dlss/execMode'
[13.372s] Simulation App Startup Complete
2026-03-16 15:00:55 [13,304ms] [Error] [omni.kit.app._impl] [py stderr]: Traceback (most recent call last):
2026-03-16 15:00:55 [13,304ms] [Error] [omni.kit.app._impl] [py stderr]:   File "C:\Users\aa598\archimedes-survey\mechanics\isaac_sim_beach.py", line 143, in <module>
2026-03-16 15:00:55 [13,304ms] [Error] [omni.kit.app._impl] [py stderr]:     _or_op.Set(Gf.Quatd(0.5, Gf.Vec3d(0.5, 0.5, 0.5)))   # fixed rotation
2026-03-16 15:00:55 [13,304ms] [Error] [omni.kit.app._impl] [py stderr]: pxr.Tf.ErrorException: 
	Error in 'pxrInternal_v0_22__pxrReserved__::UsdStage::_SetValueImpl' at line 6189 in file C:\g\122538378\USD\pxr\usd\usd\stage.cpp : 'Type mismatch for </World/Machine.xformOp:orient>: expected 'GfQuatf', got 'GfQuatd''
2026-03-16 15:00:55 [13,340ms] [Warning] [omni.graph.core.plugin] Could not find category 'Replicator:Annotators' for removal
2026-03-16 15:00:55 [13,340ms] [Warning] [omni.graph.core.plugin] Could not find category 'Replicator:Annotators' for removal
2026-03-16 15:00:55 [13,340ms] [Warning] [omni.graph.core.plugin] Could not find category 'Replicator:Annotators' for removal
2026-03-16 15:00:55 [13,340ms] [Warning] [omni.graph.core.plugin] Could not find category 'Replicator:Annotators' for removal
2026-03-16 15:00:55 [13,340ms] [Warning] [omni.graph.core.plugin] Could not find category 'Replicator:Annotators' for removal
2026-03-16 15:00:55 [13,340ms] [Warning] [omni.graph.core.plugin] Could not find category 'Replicator:Annotators' for removal
2026-03-16 15:00:55 [13,340ms] [Warning] [omni.graph.core.plugin] Could not find category 'Replicator:Annotators' for removal
2026-03-16 15:00:55 [13,340ms] [Warning] [omni.graph.core.plugin] Could not find category 'Replicator:Annotators' for removal
2026-03-16 15:00:55 [13,340ms] [Warning] [omni.graph.core.plugin] Could not find category 'Replicator:Annotators' for removal
2026-03-16 15:00:55 [13,340ms] [Warning] [omni.graph.core.plugin] Could not find category 'Replicator:Annotators' for removal
2026-03-16 15:00:55 [13,340ms] [Warning] [omni.graph.core.plugin] Could not find category 'Replicator:Annotators' for removal
2026-03-16 15:00:55 [13,340ms] [Warning] [omni.graph.core.plugin] Could not find category 'Replicator:Annotators' for removal
2026-03-16 15:00:55 [13,340ms] [Warning] [omni.graph.core.plugin] Could not find category 'Replicator:Core' for removal
2026-03-16 15:00:55 [13,346ms] [Warning] [omni.graph.core.plugin] Could not find category 'animation' for removal
2026-03-16 15:00:55 [13,351ms] [Warning] [omni.fabric.plugin] gFabricState->gUsdStageToSimStageWithHistoryMap had 1 outstanding SimStageWithHistory(s) at shutdown
2026-03-16 15:00:55 [13,351ms] [Warning] [carb.audio.context] 1 contexts were leaked
2026-03-16 15:00:55 [13,449ms] [Warning] [carb] Recursive unloadAllPlugins() detected!
