[Warning] [simulation_app.simulation_app] Modules: ['omni.kit_app'] were loaded before SimulationApp was started and might not be loaded correctly.
[Warning] [simulation_app.simulation_app] Please check to make sure no extra omniverse or pxr modules are imported before the call to SimulationApp(...)
[Info] [carb] Logging to file: c:/users/aa598/miniconda3/envs/robot_env_gpu/lib/site-packages/omni/logs/Kit/Isaac-Sim Python/4.5/kit_20260316_225742.log
2026-03-16 14:57:42 [0ms] [Warning] [omni.kit.app.plugin] No crash reporter present, dumps uploading isn't available.
[0.172s] [ext: omni.kit.async_engine-0.0.1] startup
[0.729s] [ext: omni.metrics.core-0.0.1] startup
[0.731s] [ext: omni.client.lib-1.0.0] startup
[0.753s] [ext: omni.blobkey-1.1.2] startup
[0.755s] [ext: omni.stats-1.0.1] startup
[0.759s] [ext: omni.datastore-0.0.0] startup
[0.762s] [ext: omni.client-1.2.2] startup
[0.771s] [ext: omni.ujitso.default-1.0.0] startup
[0.776s] [ext: omni.hsscclient-1.1.1] startup
2026-03-16 14:57:43 [688ms] [Warning] [omni.datastore] OmniHub is inaccessible
[0.785s] [ext: omni.gpu_foundation.shadercache.vulkan-1.0.0] startup
[0.793s] [ext: omni.assets.plugins-0.0.0] startup
[0.801s] [ext: omni.gpu_foundation-0.0.0] startup
[0.836s] [ext: carb.windowing.plugins-1.0.0] startup
[1.098s] [ext: omni.kit.renderer.init-0.0.0] startup
[1.100s] [ext: omni.kit.pipapi-0.0.0] startup
[1.127s] [ext: omni.kit.pip_archive-0.0.0] startup
[1.133s] [ext: omni.pip.compute-1.4.5] startup
[1.135s] [ext: omni.pip.cloud-1.1.7] startup
[1.140s] [ext: omni.isaac.core_archive-2.3.3] startup
[1.142s] [ext: omni.materialx.libs-1.0.6] startup
[1.166s] [ext: omni.isaac.ml_archive-2.1.2] startup
[1.167s] [ext: omni.usd.config-1.0.5] startup
[1.190s] [ext: omni.gpucompute.plugins-0.0.0] startup
[1.194s] [ext: omni.usd.libs-1.0.1] startup
[1.422s] [ext: omni.mdl-55.0.1] startup
[1.445s] [ext: omni.iray.libs-0.0.0] startup
[1.482s] [ext: omni.mdl.neuraylib-0.2.10] startup
[1.491s] [ext: omni.kit.usd.mdl-1.0.7] startup
2026-03-16 14:57:43 [1,584ms] [Warning] [gpu.foundation.plugin] Skipping unsupported non-NVIDIA GPU: AMD Radeon RX 6800 XT
2026-03-16 14:57:43 [1,585ms] [Warning] [gpu.foundation.plugin] Skipping unsupported non-NVIDIA GPU: AMD Radeon(TM) Graphics
2026-03-16 14:57:43 [1,585ms] [Warning] [gpu.foundation.plugin] Skipping unsupported non-NVIDIA GPU: AMD Radeon RX 6800 XT
2026-03-16 14:57:43 [1,585ms] [Warning] [gpu.foundation.plugin] Skipping unsupported non-NVIDIA GPU: AMD Radeon(TM) Graphics
[1.677s] [ext: omni.kit.telemetry-0.5.1] startup
[1.702s] [ext: omni.kit.loop-isaac-1.2.1] startup
[1.730s] [ext: omni.kit.test-1.1.2] startup
[1.871s] [ext: omni.appwindow-1.1.9] startup
[1.895s] [ext: omni.kit.renderer.core-1.0.2] startup
[1.906s] [ext: omni.kit.renderer.capture-0.0.0] startup
[1.915s] [ext: omni.kit.renderer.imgui-1.0.2] startup
[1.943s] [ext: omni.ui-2.26.5] startup

|---------------------------------------------------------------------------------------------|
| Driver Version: 591.74        | Graphics API: Vulkan
|=============================================================================================|
| GPU | Name                             | Active | LDA | GPU Memory | Vendor-ID | LUID       |
|     |                                  |        |     |            | Device-ID | UUID       |
|     |                                  |        |     |            | Bus-ID    |            |
|---------------------------------------------------------------------------------------------|
| 0   | NVIDIA GeForce RTX 5060 Ti       | Yes: 0 |     | 16050   MB | 10de      | e9f80100.. |
|     |                                  |        |     |            | 2d04      | 2a21c339.. |
|     |                                  |        |     |            | a         |            |
|---------------------------------------------------------------------------------------------|
| 1   | AMD Radeon RX 6800 XT            |        |     | 16368   MB | 1002      | 0aaf0100.. |
|     |                                  |        |     |            | 73bf      | 00000000.. |
|     |                                  |        |     |            | N/A       |            |
|---------------------------------------------------------------------------------------------|
| 2   | AMD Radeon(TM) Graphics          |        |     | 2048    MB | 1002      | 9fe00100.. |
|     |                                  |        |     |            | 13c0      | 00000000.. |
|     |                                  |        |     |            | N/A       |            |
|=============================================================================================|
| OS: Windows 11 Pro, Version: 10.0 (25H2), Build: 26200, Kernel: 10.0.26100.8036
| Processor: AMD Ryzen 9 9900X 12-Core Processor            
| Cores: 12 | Logical Cores: 24
|---------------------------------------------------------------------------------------------|
| Total Memory (MB): 128668 | Free Memory: 81933
| Total Page/Swap (MB): 136860 | Free Page/Swap: 70151
|---------------------------------------------------------------------------------------------|
[1.964s] [ext: omni.kit.mainwindow-1.0.3] startup
[1.967s] [ext: carb.audio-0.1.0] startup
[1.970s] [ext: omni.uiaudio-1.0.0] startup
[1.975s] [ext: omni.kit.uiapp-0.0.0] startup
[1.975s] [ext: omni.usd.schema.metrics.assembler-106.5.0] startup
[1.986s] [ext: omni.usd.schema.anim-0.0.0] startup
[2.031s] [ext: omni.usd.schema.omniscripting-1.0.0] startup
[2.045s] [ext: omni.usd.schema.geospatial-0.0.0] startup
[2.053s] [ext: omni.usd.schema.physx-106.5.7] startup
[2.084s] [ext: omni.usd.schema.audio-0.0.0] startup
[2.094s] [ext: omni.usd.schema.semantics-0.0.0] startup
[2.102s] [ext: omni.usd_resolver-1.0.0] startup
[2.114s] [ext: usdrt.scenegraph-7.5.1] startup
[2.177s] [ext: omni.kit.actions.core-1.0.0] startup
[2.184s] [ext: omni.timeline-1.0.11] startup
[2.189s] [ext: omni.usd.core-1.4.2] startup
[2.190s] [ext: omni.resourcemonitor-107.0.0] startup
[2.196s] [ext: omni.activity.core-1.0.1] startup
[2.201s] [ext: omni.kit.audiodeviceenum-1.0.1] startup
[2.206s] [ext: omni.hydra.usdrt_delegate-7.5.1] startup
[2.224s] [ext: omni.graph.exec-0.9.4] startup
[2.226s] [ext: omni.kit.window.popup_dialog-2.0.24] startup
[2.234s] [ext: omni.kit.exec.core-0.13.4] startup
[2.240s] [ext: omni.kit.widget.nucleus_connector-1.1.10] startup
[2.245s] [ext: omni.kit.usd_undo-0.1.8] startup
[2.246s] [ext: omni.kit.commands-1.4.9] startup
[2.257s] [ext: omni.hydra.scene_delegate-0.3.3] startup
[2.261s] [ext: omni.usd-1.12.4] startup
[2.328s] [ext: omni.kit.asset_converter-2.8.3] startup
[2.344s] [ext: omni.usd.schema.isaac-3.0.2] startup
[2.344s] [ext: isaacsim.robot.schema-3.1.3] startup
[2.362s] [ext: omni.usd.schema.omnigraph-1.0.0] startup
[2.376s] [ext: omni.inspect-1.0.1] startup
[2.380s] [ext: omni.kit.notification_manager-1.0.9] startup
[2.384s] [ext: omni.graph.core-2.181.8] startup
[2.389s] [ext: isaacsim.core.deprecation_manager-0.2.2] startup
[2.391s] [ext: omni.usd.schema.forcefield-106.5.7] startup
[2.401s] [ext: omni.kit.menu.core-1.1.2] startup
[2.402s] [ext: omni.kvdb-106.5.7] startup
[2.407s] [ext: omni.graph.tools-1.79.1] startup
[2.469s] [ext: omni.localcache-106.5.7] startup
[2.474s] [ext: omni.convexdecomposition-106.5.7] startup
[2.480s] [ext: omni.kit.widget.text_editor-1.0.2] startup
[2.484s] [ext: omni.kit.menu.utils-1.7.7] startup
[2.501s] [ext: omni.graph-1.140.2] startup
[2.649s] [ext: omni.kit.widget.path_field-2.0.11] startup
[2.651s] [ext: omni.graph.image.core-0.6.0] startup
[2.654s] [ext: omni.kit.usd.layers-2.2.0] startup
[2.668s] [ext: omni.kit.helper.file_utils-0.1.9] startup
[2.672s] [ext: omni.graph.image.nodes-1.3.0] startup
[2.676s] [ext: omni.kit.menu.create-1.0.17] startup
[2.679s] [ext: omni.physx.foundation-106.5.7] startup
[2.690s] [ext: omni.graph.nodes-1.162.1] startup
[2.704s] [ext: omni.kit.widget.browser_bar-2.0.10] startup
[2.708s] [ext: omni.kit.widget.filebrowser-2.10.52] startup
[2.720s] [ext: omni.kit.widget.context_menu-1.2.4] startup
[2.724s] [ext: omni.kit.clipboard-1.0.5] startup
[2.727s] [ext: omni.kit.widget.graph-1.12.17] startup
[2.739s] [ext: omni.ujitso.processor.texture-1.0.0] startup
[2.744s] [ext: omni.index.libs-380600.1777.0] startup
[2.744s] [ext: omni.ujitso.client-0.0.0] startup
[2.746s] [ext: omni.index-1.0.1] startup
[2.749s] [ext: omni.hydra.rtx.shadercache.vulkan-1.0.0] startup
[2.752s] [ext: omni.kit.widget.options_menu-1.1.6] startup
[2.761s] [ext: omni.volume-0.5.0] startup
[2.768s] [ext: omni.ui.scene-1.11.2] startup
[2.776s] [ext: omni.kit.widget.options_button-1.0.3] startup
[2.779s] [ext: omni.hydra.rtx-1.0.0] startup
[2.822s] [ext: omni.kit.window.filepicker-2.11.7] startup
[2.856s] [ext: omni.kit.graph.delegate.default-1.2.2] startup
[2.858s] [ext: omni.kit.hydra_texture-1.4.0] startup
[2.863s] [ext: omni.kit.window.file_importer-1.1.14] startup
[2.870s] [ext: omni.kit.context_menu-1.8.3] startup
[2.875s] [ext: omni.kit.widget.searchfield-1.1.8] startup
[2.879s] [ext: omni.kit.graph.usd.commands-1.3.1] startup
[2.887s] [ext: omni.kit.widget.material_preview-1.0.16] startup
[2.891s] [ext: omni.kit.material.library-1.5.15] startup
[2.902s] [ext: omni.kit.graph.editor.core-1.5.3] startup
[2.909s] [ext: omni.graph.action_core-1.1.7] startup
[2.914s] [ext: omni.kit.stage_template.core-1.1.22] startup
[2.917s] [ext: omni.kit.widget.filter-1.1.4] startup
[2.919s] [ext: omni.kit.hotkeys.core-1.3.10] startup
[2.920s] [ext: omni.kit.window.file_exporter-1.0.31] startup
[2.923s] [ext: omni.kit.property.adapter.core-1.0.2] startup
[2.929s] [ext: omni.kit.window.drop_support-1.0.4] startup
[2.931s] [ext: omni.kit.window.file-1.3.57] startup
[2.938s] [ext: omni.kit.window.content_browser_registry-0.0.6] startup
[2.940s] [ext: omni.kit.widget.searchable_combobox-1.0.6] startup
[2.943s] [ext: omni.kit.widget.highlight_label-1.0.3] startup
[2.946s] [ext: omni.kit.window.content_browser-2.10.3] startup
2026-03-16 14:57:45 [2,862ms] [Warning] [omni.ext._impl._internal] Found class `WrappedClass` derived from `omni.ext.IExt` in module: 'omni.kit.window.content_browser', but it was imported from other extension: 'C:\Users\aa598\miniconda3\envs\robot_env_gpu\Lib\site-packages\omni\kernel\py\omni\kit\app\_impl\__init__.py', which is not a subpath to: 'c:\users\aa598\miniconda3\envs\robot_env_gpu\lib\site-packages\isaacsim\extscache\omni.kit.window.content_browser-2.10.3+d02c707b'. Do not import `IExt` derived class from other extension in your public namespace.
[3.322s] [ext: omni.kit.widget.stage-2.11.6] startup
[3.342s] [ext: omni.kit.property.adapter.usd-1.0.2] startup
[3.345s] [ext: omni.kit.widget.settings-1.2.2] startup
[3.350s] [ext: omni.kit.window.property-1.11.5] startup
[3.357s] [ext: omni.kit.property.adapter.fabric-1.0.3] startup
[3.361s] [ext: omni.kit.window.preferences-1.7.0] startup
[3.375s] [ext: omni.kit.property.usd-4.2.16] startup
[3.393s] [ext: omni.kit.window.material_graph-1.8.19] startup
[3.569s] [ext: omni.usdphysics-106.5.7] startup
[3.571s] [ext: omni.graph.action_nodes-1.40.1] startup
[3.576s] [ext: omni.kit.scripting-106.5.2] startup
[3.592s] [ext: omni.physx.cooking-106.5.7] startup
[3.599s] [ext: isaacsim.core.version-2.0.2] startup
[3.602s] [ext: omni.graph.action-1.120.0] startup
[3.604s] [ext: omni.warp.core-1.5.0] startup
[3.608s] [ext: omni.physx-106.5.7] startup
[3.622s] [ext: isaacsim.storage.native-1.0.6] startup
[3.627s] [ext: omni.warp-1.5.0] startup
[3.653s] [ext: isaacsim.replicator.behavior-1.0.8] startup
[3.656s] [ext: omni.kit.viewport.scene_camera_model-1.0.5] startup
[3.661s] [ext: omni.kit.viewport.legacy_gizmos-1.0.16] startup
[3.664s] [ext: omni.kit.viewport.registry-104.0.6] startup
[3.667s] [ext: omni.kit.widget.viewport-107.0.7] startup
[3.687s] [ext: omni.kit.raycast.query-1.0.5] startup
[3.699s] [ext: omni.hydra.engine.stats-1.0.3] startup
[3.703s] [ext: omni.kit.viewport.menubar.core-107.1.2] startup
[3.760s] [ext: omni.kit.viewport.window-107.0.8] startup
[3.794s] [ext: omni.kit.manipulator.viewport-107.0.1] startup
[3.798s] [ext: omni.ui_query-1.1.7] startup
[3.800s] [ext: omni.kit.viewport.utility-1.0.18] startup
[3.802s] [ext: omni.kit.window.extensions-1.4.25] startup
[3.814s] [ext: omni.kit.ui_test-1.3.3] startup
[3.819s] [ext: omni.graph.visualization.nodes-2.1.1] startup
[3.827s] [ext: omni.kit.widget.stage_icons-1.0.6] startup
[3.831s] [ext: isaacsim.gui.components-1.0.9] startup
[3.841s] [ext: omni.kit.window.stage-2.5.11] startup
[3.852s] [ext: omni.physx.stageupdate-106.5.7] startup
[3.860s] [ext: omni.kit.numpy.common-0.1.2] startup
[3.864s] [ext: omni.kit.menu.stage-1.2.5] startup
[3.866s] [ext: omni.isaac.dynamic_control-1.3.15] startup
2026-03-16 14:57:46 [3,783ms] [Warning] [omni.isaac.dynamic_control] omni.isaac.dynamic_control is deprecated as of Isaac Sim 4.5. No action is needed from end-users.
[3.875s] [ext: omni.kit.usd.collect-2.2.22] startup
[3.880s] [ext: omni.physics.tensors-106.5.7] startup
[3.889s] [ext: isaacsim.core.utils-2.2.8] startup
[3.893s] [ext: omni.kit.widget.zoombar-1.0.5] startup
[3.897s] [ext: omni.physx.tensors-106.5.7] startup
[3.900s] [ext: omni.kit.widget.prompt-1.0.7] startup
[3.902s] [ext: omni.kit.browser.core-2.3.11] startup
[3.912s] [ext: isaacsim.core.simulation_manager-0.3.3] startup
[5.587s] [ext: omni.kit.tool.collect-2.2.16] startup
[5.594s] [ext: omni.kit.browser.folder.core-1.10.1] startup
[5.616s] [ext: isaacsim.core.cloner-1.3.4] startup
[5.619s] [ext: isaacsim.examples.browser-0.1.8] startup
[5.626s] [ext: omni.isaac.cloner-1.0.2] startup
2026-03-16 14:57:47 [5,536ms] [Warning] [omni.isaac.cloner] omni.isaac.cloner has been deprecated in favor of isaacsim.core.cloner. Please update your code accordingly.
[5.627s] [ext: omni.kit.primitive.mesh-1.0.17] startup
[5.637s] [ext: omni.syntheticdata-0.6.10] startup
[5.658s] [ext: omni.graph.scriptnode-1.40.1] startup
[5.663s] [ext: omni.kit.stage_templates-1.2.6] startup
[5.676s] [ext: isaacsim.core.prims-0.3.7] startup
[5.727s] [ext: omni.replicator.core-1.11.35] startup
2026-03-16 14:57:48 [5,737ms] [Warning] [omni.replicator.core.scripts.extension] No material configuration file, adding configuration to material settings directly.
[5.831s] [ext: isaacsim.core.api-4.2.16] startup
[5.874s] [ext: omni.kit.tool.asset_importer-2.12.2] startup
[5.894s] [ext: isaacsim.core.nodes-2.1.4] startup
[5.915s] [ext: isaacsim.asset.importer.urdf-2.3.10] startup
[6.173s] [ext: omni.isaac.core-4.0.3] startup
2026-03-16 14:57:48 [6,085ms] [Warning] [omni.isaac.core.physics_context.physics_context] omni.isaac.core.physics_context.physics_context has been deprecated in favor of isaacsim.core.api.physics_context.physics_context. Please update your code accordingly.
2026-03-16 14:57:48 [6,090ms] [Warning] [omni.isaac.core.simulation_context.simulation_context] omni.isaac.core.simulation_context.simulation_context has been deprecated in favor of isaacsim.core.api.simulation_context.simulation_context. Please update your code accordingly.
2026-03-16 14:57:48 [6,093ms] [Warning] [omni.isaac.core.world.world] omni.isaac.core.world.world has been deprecated in favor of isaacsim.core.api.world.world. Please update your code accordingly.
2026-03-16 14:57:48 [6,093ms] [Warning] [omni.isaac.core] omni.isaac.core has been deprecated in favor of isaacsim.core.api. Please update your code accordingly.
[6.184s] [ext: omni.isaac.core_nodes-2.0.2] startup
2026-03-16 14:57:48 [6,096ms] [Warning] [omni.isaac.core_nodes] omni.isaac.core_nodes has been deprecated in favor of isaacsim.core.nodes. Please update your code accordingly.
[6.188s] [ext: omni.anim.curve.core-1.2.0] startup
[6.208s] [ext: isaacsim.asset.importer.mjcf-2.3.3] startup
[6.221s] [ext: isaacsim.asset.browser-1.3.4] startup
[6.516s] [ext: isaacsim.robot_motion.lula-4.0.4] startup
[6.527s] [ext: omni.isaac.assets_check-0.3.9] startup
2026-03-16 14:57:48 [6,437ms] [Warning] [omni.isaac.assets_check] omni.isaac.assets_check has been deprecated in favor of isaacsim.asset.browser. Please update your code accordingly.
[6.529s] [ext: isaacsim.robot_motion.motion_generation-8.0.6] startup
[6.546s] [ext: isaacsim.robot.surface_gripper-2.0.6] startup
[6.553s] [ext: omni.kit.selection-0.1.5] startup
[6.558s] [ext: isaacsim.robot_motion.lula_test_widget-1.0.5] startup
[6.565s] [ext: isaacsim.robot.manipulators-3.0.4] startup
[6.575s] [ext: isaacsim.gui.menu-2.0.9] startup
[6.604s] [ext: omni.isaac.lula_test_widget-1.0.2] startup
2026-03-16 14:57:48 [6,515ms] [Warning] [omni.isaac.lula_test_widget] omni.isaac.lula_test_widget has been deprecated in favor of isaacsim.robot_motion.lula_test_widget. Please update your code accordingly.
[6.606s] [ext: omni.isaac.manipulators-3.0.3] startup
2026-03-16 14:57:48 [6,520ms] [Warning] [omni.isaac.manipulators] omni.isaac.manipulators has been deprecated in favor of isaacsim.robot.manipulators. Please update your code accordingly.
2026-03-16 14:57:48 [6,522ms] [Warning] [omni.isaac.manipulators.controllers] omni.isaac.manipulators has been deprecated in favor of isaacsim.robot.manipulators. Please update your code accordingly.
2026-03-16 14:57:48 [6,523ms] [Warning] [omni.isaac.manipulators.controllers.pick_place_controller] omni.isaac.manipulators has been deprecated in favor of isaacsim.robot.manipulators. Please update your code accordingly.
2026-03-16 14:57:48 [6,526ms] [Warning] [omni.isaac.manipulators.controllers.stacking_controller] omni.isaac.manipulators has been deprecated in favor of isaacsim.robot.manipulators. Please update your code accordingly.
2026-03-16 14:57:48 [6,527ms] [Warning] [omni.isaac.manipulators.grippers] omni.isaac.manipulators has been deprecated in favor of isaacsim.robot.manipulators. Please update your code accordingly.
2026-03-16 14:57:48 [6,528ms] [Warning] [omni.isaac.manipulators.grippers.gripper] omni.isaac.manipulators has been deprecated in favor of isaacsim.robot.manipulators. Please update your code accordingly.
2026-03-16 14:57:48 [6,528ms] [Warning] [omni.isaac.manipulators.grippers.parallel_gripper] omni.isaac.manipulators has been deprecated in favor of isaacsim.robot.manipulators. Please update your code accordingly.
2026-03-16 14:57:48 [6,529ms] [Warning] [omni.isaac.manipulators.grippers.surface_gripper] omni.isaac.manipulators has been deprecated in favor of isaacsim.robot.manipulators. Please update your code accordingly.
2026-03-16 14:57:48 [6,529ms] [Warning] [omni.isaac.manipulators.manipulators] omni.isaac.manipulators has been deprecated in favor of isaacsim.robot.manipulators. Please update your code accordingly.
2026-03-16 14:57:48 [6,530ms] [Warning] [omni.isaac.manipulators.manipulators.single_manipulator] omni.isaac.manipulators has been deprecated in favor of isaacsim.robot.manipulators. Please update your code accordingly.
[6.621s] [ext: omni.isaac.menu-1.0.2] startup
2026-03-16 14:57:48 [6,533ms] [Warning] [omni.isaac.menu] omni.isaac.menu has been deprecated in favor of isaacsim.gui.menu. Please update your code accordingly.
[6.624s] [ext: isaacsim.sensors.physics-0.3.6] startup
[6.634s] [ext: isaacsim.util.debug_draw-2.0.3] startup
[6.643s] [ext: omni.isaac.motion_generation-8.0.2] startup
2026-03-16 14:57:48 [6,554ms] [Warning] [omni.isaac.motion_generation] omni.isaac.motion_generation has been deprecated in favor of isaacsim.robot_motion.motion_generation. Please update your code accordingly.
2026-03-16 14:57:48 [6,555ms] [Warning] [omni.isaac.motion_generation.articulation_kinematics_solver] omni.isaac.motion_generation has been deprecated in favor of isaacsim.robot_motion.motion_generation. Please update your code accordingly.
2026-03-16 14:57:48 [6,556ms] [Warning] [omni.isaac.motion_generation.articulation_motion_policy] omni.isaac.motion_generation has been deprecated in favor of isaacsim.robot_motion.motion_generation. Please update your code accordingly.
2026-03-16 14:57:48 [6,557ms] [Warning] [omni.isaac.motion_generation.articulation_trajectory] omni.isaac.motion_generation has been deprecated in favor of isaacsim.robot_motion.motion_generation. Please update your code accordingly.
2026-03-16 14:57:48 [6,557ms] [Warning] [omni.isaac.motion_generation.kinematics_interface] omni.isaac.motion_generation has been deprecated in favor of isaacsim.robot_motion.motion_generation. Please update your code accordingly.
2026-03-16 14:57:48 [6,558ms] [Warning] [omni.isaac.motion_generation.lula] omni.isaac.motion_generation has been deprecated in favor of isaacsim.robot_motion.motion_generation. Please update your code accordingly.
2026-03-16 14:57:48 [6,559ms] [Warning] [omni.isaac.motion_generation.lula.kinematics] omni.isaac.motion_generation has been deprecated in favor of isaacsim.robot_motion.motion_generation. Please update your code accordingly.
2026-03-16 14:57:48 [6,560ms] [Warning] [omni.isaac.motion_generation.lula.motion_policies] omni.isaac.motion_generation has been deprecated in favor of isaacsim.robot_motion.motion_generation. Please update your code accordingly.
2026-03-16 14:57:48 [6,561ms] [Warning] [omni.isaac.motion_generation.lula.path_planners] omni.isaac.motion_generation has been deprecated in favor of isaacsim.robot_motion.motion_generation. Please update your code accordingly.
2026-03-16 14:57:48 [6,563ms] [Warning] [omni.isaac.motion_generation.lula.trajectory_generator] omni.isaac.motion_generation has been deprecated in favor of isaacsim.robot_motion.motion_generation. Please update your code accordingly.
2026-03-16 14:57:48 [6,563ms] [Warning] [omni.isaac.motion_generation.motion_policy_controller] omni.isaac.motion_generation has been deprecated in favor of isaacsim.robot_motion.motion_generation. Please update your code accordingly.
2026-03-16 14:57:48 [6,564ms] [Warning] [omni.isaac.motion_generation.motion_policy_interface] omni.isaac.motion_generation has been deprecated in favor of isaacsim.robot_motion.motion_generation. Please update your code accordingly.
2026-03-16 14:57:48 [6,565ms] [Warning] [omni.isaac.motion_generation.path_planner_visualizer] omni.isaac.motion_generation has been deprecated in favor of isaacsim.robot_motion.motion_generation. Please update your code accordingly.
2026-03-16 14:57:48 [6,566ms] [Warning] [omni.isaac.motion_generation.path_planning_interface] omni.isaac.motion_generation has been deprecated in favor of isaacsim.robot_motion.motion_generation. Please update your code accordingly.
2026-03-16 14:57:48 [6,567ms] [Warning] [omni.isaac.motion_generation.trajectory] omni.isaac.motion_generation has been deprecated in favor of isaacsim.robot_motion.motion_generation. Please update your code accordingly.
2026-03-16 14:57:48 [6,568ms] [Warning] [omni.isaac.motion_generation.world_interface] omni.isaac.motion_generation has been deprecated in favor of isaacsim.robot_motion.motion_generation. Please update your code accordingly.
[6.660s] [ext: omni.sensors.nv.common-2.5.0-coreapi] startup
[6.690s] [ext: isaacsim.robot.policy.examples-4.0.3] startup
[6.695s] [ext: isaacsim.sensors.physx-2.2.5] startup
[6.705s] [ext: omni.isaac.nucleus-1.0.3] startup
2026-03-16 14:57:48 [6,616ms] [Warning] [omni.isaac.nucleus] omni.isaac.nucleus has been deprecated in favor of isaacsim.storage.native. Please update your code accordingly.
2026-03-16 14:57:48 [6,617ms] [Warning] [omni.isaac.nucleus.nucleus] omni.isaac.nucleus.nucleus has been deprecated in favor of isaacsim.storage.native. Please update your code accordingly.
[6.710s] [ext: omni.sensors.nv.materials-1.4.0-coreapi] startup
[6.727s] [ext: omni.isaac.quadruped-3.0.2] startup
2026-03-16 14:57:48 [6,638ms] [Warning] [omni.isaac.quadruped] omni.isaac.quadruped has been deprecated in favor of isaacsim.robot.policy.examples. Please update your code accordingly.
[6.729s] [ext: omni.isaac.range_sensor-4.0.2] startup
[6.736s] [ext: omni.sensors.nv.wpm-2.4.0-coreapi] startup
[6.744s] [ext: omni.sensors.nv.lidar-2.6.3-coreapi] startup
[6.755s] [ext: omni.sensors.nv.ids-1.4.0-coreapi] startup
[6.761s] [ext: omni.sensors.tiled-0.0.6] startup
[6.764s] [ext: omni.sensors.nv.radar-2.6.1-coreapi] startup
[6.780s] [ext: isaacsim.robot.manipulators.examples-1.0.3] startup
[6.783s] [ext: isaacsim.sensors.camera-0.2.9] startup
[6.794s] [ext: omni.kit.widget.toolbar-1.7.3] startup
[6.817s] [ext: isaacsim.sensors.rtx-13.6.4] startup
[6.826s] [ext: omni.kit.manipulator.transform-106.0.1] startup
[6.839s] [ext: isaacsim.cortex.framework-1.0.2] startup
[6.843s] [ext: omni.kit.manipulator.selector-1.1.1] startup
[6.849s] [ext: omni.isaac.sensor-13.0.3] startup
2026-03-16 14:57:49 [6,760ms] [Warning] [omni.isaac.sensor] omni.isaac.sensor has been deprecated in favor of isaacsim.sensors.camera, isaacsim.sensors.physics, isaacsim.sensors.physx, and isaacsim.sensors.rtx. Please update your code accordingly.
2026-03-16 14:57:49 [6,760ms] [Warning] [omni.isaac.sensor.camera] omni.isaac.sensor.camera has been deprecated in favor of isaacsim.sensors.camera.camera. Please update your code accordingly.
2026-03-16 14:57:49 [6,761ms] [Warning] [omni.isaac.sensor.camera_view] omni.isaac.sensor.camera_view has been deprecated in favor of isaacsim.sensors.camera.camera_view. Please update your code accordingly.
2026-03-16 14:57:49 [6,762ms] [Warning] [omni.isaac.sensor.commands] omni.isaac.sensor.commands has been deprecated in favor of isaacsim.sensors.physics.commands, isaacsim.sensors.physx.commands, and isaacsim.sensors.rtx.commands. Please update your code accordingly.
2026-03-16 14:57:49 [6,763ms] [Warning] [omni.isaac.sensor.contact_sensor] omni.isaac.sensor.contact_sensor has been deprecated in favor of isaacsim.sensors.physics.contact_sensor. Please update your code accordingly.
2026-03-16 14:57:49 [6,765ms] [Warning] [omni.isaac.sensor.imu_sensor] omni.isaac.sensor.imu_sensor has been deprecated in favor of isaacsim.sensors.physics.imu_sensor. Please update your code accordingly.
2026-03-16 14:57:49 [6,766ms] [Warning] [omni.isaac.sensor.lidar_rtx] omni.isaac.sensor.lidar_rtx has been deprecated in favor of isaacsim.sensors.rtx.lidar_rtx. Please update your code accordingly.
2026-03-16 14:57:49 [6,767ms] [Warning] [omni.isaac.sensor.rotating_lidar_physX] omni.isaac.sensor.imu_sensor has been deprecated in favor of isaacsim.sensors.physix.rotating_lidar_physX. Please update your code accordingly.
2026-03-16 14:57:49 [6,772ms] [Warning] [omni.isaac.sensor.scripts.samples.contact_sensor] omni.isaac.sensor.scripts.samples.contact_sensor has been deprecated in favor of isaacsim.sensors.physics.scripts.samples.contact_sensor. Please update your code accordingly.
2026-03-16 14:57:49 [6,773ms] [Warning] [omni.isaac.sensor.scripts.samples.imu_sensor] omni.isaac.sensor.scripts.samples.imu_sensor has been deprecated in favor of isaacsim.sensors.physics.scripts.samples.imu_sensor. Please update your code accordingly.
2026-03-16 14:57:49 [6,773ms] [Warning] [omni.isaac.sensor.scripts.samples.lightbeam_sensor] omni.isaac.sensor.scripts.samples.lightbeam_sensor has been deprecated in favor of isaacsim.sensors.physx.scripts.samples.lightbeam_sensor. Please update your code accordingly.
[6.864s] [ext: omni.kit.manipulator.tool.snap-1.5.12] startup
[6.881s] [ext: omni.isaac.surface_gripper-2.0.2] startup
2026-03-16 14:57:49 [6,792ms] [Warning] [omni.isaac.surface_gripper] omni.isaac.surface_gripper has been deprecated in favor of isaacsim.robot.surface_gripper. Please update your code accordingly.
[6.883s] [ext: omni.isaac.cortex-1.0.2] startup
2026-03-16 14:57:49 [6,794ms] [Warning] [omni.isaac.cortex] omni.isaac.cortex has been deprecated in favor of isaacsim.cortex.framework. Please update your code accordingly.
[6.885s] [ext: isaacsim.cortex.behaviors-2.0.3] startup
[6.889s] [ext: omni.kit.viewport.manipulator.transform-107.0.4] startup
[6.895s] [ext: omni.isaac.universal_robots-1.0.2] startup
2026-03-16 14:57:49 [6,806ms] [Warning] [omni.isaac.universal_robots] omni.isaac.universal_robots has been deprecated in favor of isaacsim.robot.manipulators.examples.universal_robots. Please update your code accordingly.
2026-03-16 14:57:49 [6,806ms] [Warning] [omni.isaac.universal_robots.kinematics_solver] omni.isaac.franka has been deprecated in favor of isaacsim.robot.manipulators.examples.universal_robots. Please update your code accordingly.
2026-03-16 14:57:49 [6,809ms] [Warning] [omni.isaac.universal_robots.ur10] omni.isaac.franka has been deprecated in favor of isaacsim.robot.manipulators.examples.universal_robots. Please update your code accordingly.
[6.900s] [ext: omni.isaac.utils-2.0.2] startup
[6.904s] [ext: omni.isaac.cortex.sample_behaviors-2.0.2] startup
2026-03-16 14:57:49 [6,814ms] [Warning] [omni.isaac.cortex.sample_behaviors] omni.isaac.cortex.sample_behaviors has been deprecated in favor of isaacsim.cortex.behaviors. Please update your code accordingly.
[6.905s] [ext: omni.kit.manipulator.prim.core-107.0.7] startup
[6.920s] [ext: omni.fabric.commands-1.1.5] startup
[6.927s] [ext: omni.kit.viewport.actions-107.0.0] startup
[6.934s] [ext: omni.kit.manipulator.prim.usd-107.0.3] startup
[6.937s] [ext: omni.kit.manipulator.prim.fabric-107.0.4] startup
[6.942s] [ext: omni.kit.viewport.menubar.display-107.0.3] startup
[6.946s] [ext: omni.kit.widget.layers-1.8.2] startup
[6.975s] [ext: omni.kit.manipulator.selection-106.0.1] startup
[6.981s] [ext: omni.kit.manipulator.prim-107.0.0] startup
[6.981s] [ext: omni.debugdraw-0.1.3] startup
[6.987s] [ext: omni.graph.ui_nodes-1.40.1] startup
[6.994s] [ext: omni.physx.commands-106.5.7] startup
[7.000s] [ext: omni.usdphysics.ui-106.5.7] startup
[7.028s] [ext: omni.kit.property.audio-1.0.16] startup
[7.033s] [ext: omni.kit.property.camera-1.0.9] startup
[7.036s] [ext: omni.kit.property.geometry-1.3.3] startup
[7.046s] [ext: omni.hydra.scene_api-0.1.2] startup
[7.053s] [ext: omni.physx.ui-106.5.7] startup
[7.094s] [ext: omni.kit.property.material-1.10.17] startup
[7.112s] [ext: omni.kit.property.light-1.0.11] startup
[7.116s] [ext: omni.kit.property.render-1.1.3] startup
[7.119s] [ext: omni.kit.property.transform-1.5.10] startup
[7.127s] [ext: isaacsim.gui.property-1.0.4] startup
[7.133s] [ext: omni.kit.property.physx-106.5.7] startup
[7.168s] [ext: omni.physx.demos-106.5.7] startup
[7.220s] [ext: omni.isaac.lula-4.0.2] startup
2026-03-16 14:57:49 [7,132ms] [Warning] [omni.isaac.lula] omni.isaac.lula has been deprecated in favor of isaacsim.robot_motion.lula. Please update your code accordingly.
[7.223s] [ext: omni.kit.property.bundle-1.3.2] startup
[7.228s] [ext: omni.kit.property.isaac-1.0.2] startup
2026-03-16 14:57:49 [7,139ms] [Warning] [omni.kit.property.isaac] omni.kit.property.isaac has been deprecated in favor of isaacsim.gui.property. Please update your code accordingly.
2026-03-16 14:57:49 [7,139ms] [Warning] [omni.kit.property.isaac.widgets] omni.kit.property.isaac.widgets has been deprecated in favor of isaacsim.gui.property.widgets. Please update your code accordingly.
2026-03-16 14:57:49 [7,140ms] [Warning] [omni.ext._impl._internal] Found class `IsaacPropertyWidgets` derived from `omni.ext.IExt` in module: 'omni.kit.property.isaac', but it was imported from other extension: 'c:/users/aa598/miniconda3/envs/robot_env_gpu/lib/site-packages/omni/data/kit/isaac-sim python/4.5/exts/3/isaacsim.gui.property-1.0.4+106.5.0/isaacsim/gui/property/widgets.py', which is not a subpath to: 'c:\users\aa598\miniconda3\envs\robot_env_gpu\lib\site-packages\omni\data\kit\isaac-sim python\4.5\exts\3\omni.kit.property.isaac-1.0.2+106.5.0'. Do not import `IExt` derived class from other extension in your public namespace.
[7.231s] [ext: omni.kit.viewport.menubar.camera-107.0.2] startup
[7.244s] [ext: omni.physx.vehicle-106.5.7] startup
[7.274s] [ext: omni.kit.viewport.menubar.lighting-106.0.2] startup
[7.282s] [ext: omni.kit.viewport.menubar.render-107.0.8] startup
[7.291s] [ext: omni.kit.viewport.menubar.settings-107.0.3] startup
[7.301s] [ext: omni.kit.window.console-0.2.14] startup
[7.312s] [ext: omni.physx.camera-106.5.7] startup
[7.326s] [ext: omni.kit.window.toolbar-1.6.2] startup
[7.332s] [ext: omni.isaac.version-2.0.2] startup
2026-03-16 14:57:49 [7,242ms] [Warning] [omni.isaac.version] omni.isaac.version has been deprecated in favor of isaacsim.core.version. Please update your code accordingly.
[7.333s] [ext: isaacsim.robot.wheeled_robots-4.0.4] startup
2026-03-16 14:57:49 [7,259ms] [Error] [omni.ext._impl.custom_importer] Failed to import python module isaacsim.robot.wheeled_robots. Error: DLL load failed while importing _isaacsim_robot_wheeled_robots: 檔名或副檔名太長。. Traceback:
Traceback (most recent call last):
  File "C:\Users\aa598\miniconda3\envs\robot_env_gpu\Lib\site-packages\omni\kernel\py\omni\ext\_impl\custom_importer.py", line 76, in import_module
    return importlib.import_module(name)
  File "C:\Users\aa598\miniconda3\envs\robot_env_gpu\lib\importlib\__init__.py", line 126, in import_module
    return _bootstrap._gcd_import(name[level:], package, level)
  File "<frozen importlib._bootstrap>", line 1050, in _gcd_import
  File "<frozen importlib._bootstrap>", line 1027, in _find_and_load
  File "<frozen importlib._bootstrap>", line 1006, in _find_and_load_unlocked
  File "<frozen importlib._bootstrap>", line 688, in _load_unlocked
  File "<frozen importlib._bootstrap_external>", line 883, in exec_module
  File "<frozen importlib._bootstrap>", line 241, in _call_with_frames_removed
  File "c:/users/aa598/miniconda3/envs/robot_env_gpu/lib/site-packages/omni/data/kit/isaac-sim python/4.5/exts/3/isaacsim.robot.wheeled_robots-4.0.4+106.5.0.wx64.r.cp310/isaacsim/robot/wheeled_robots/__init__.py", line 10, in <module>
    from .impl.extension import Extension
  File "c:/users/aa598/miniconda3/envs/robot_env_gpu/lib/site-packages/omni/data/kit/isaac-sim python/4.5/exts/3/isaacsim.robot.wheeled_robots-4.0.4+106.5.0.wx64.r.cp310/isaacsim/robot/wheeled_robots/impl/__init__.py", line 11, in <module>
    from .extension import *
  File "c:/users/aa598/miniconda3/envs/robot_env_gpu/lib/site-packages/omni/data/kit/isaac-sim python/4.5/exts/3/isaacsim.robot.wheeled_robots-4.0.4+106.5.0.wx64.r.cp310/isaacsim/robot/wheeled_robots/impl/extension.py", line 12, in <module>
    from isaacsim.robot.wheeled_robots.bindings._isaacsim_robot_wheeled_robots import (
ImportError: DLL load failed while importing _isaacsim_robot_wheeled_robots: 檔名或副檔名太長。

2026-03-16 14:57:49 [7,259ms] [Error] [carb.scripting-python.plugin] Exception: Extension python module: 'isaacsim.robot.wheeled_robots' in 'c:\users\aa598\miniconda3\envs\robot_env_gpu\lib\site-packages\omni\data\kit\isaac-sim python\4.5\exts\3\isaacsim.robot.wheeled_robots-4.0.4+106.5.0.wx64.r.cp310' failed to load.

At:
  C:\Users\aa598\miniconda3\envs\robot_env_gpu\Lib\site-packages\omni\kernel\py\omni\ext\_impl\_internal.py(213): startup
  C:\Users\aa598\miniconda3\envs\robot_env_gpu\Lib\site-packages\omni\kernel\py\omni\ext\_impl\_internal.py(328): startup_extension
  PythonExtension.cpp::startup()(2): <module>
  C:\Users\aa598\miniconda3\envs\robot_env_gpu\Lib\site-packages\isaacsim\exts\isaacsim.simulation_app\isaacsim\simulation_app\simulation_app.py(427): _start_app
  C:\Users\aa598\miniconda3\envs\robot_env_gpu\Lib\site-packages\isaacsim\exts\isaacsim.simulation_app\isaacsim\simulation_app\simulation_app.py(212): __init__
  C:\Users\aa598\archimedes-survey\mechanics\isaac_sim_beach.py(21): <module>

2026-03-16 14:57:49 [7,259ms] [Error] [omni.ext.plugin] [ext: isaacsim.robot.wheeled_robots-4.0.4] Failed to startup python extension.
[7.654s] [ext: omni.physx.cct-106.5.7] startup
2026-03-16 14:57:49 [7,575ms] [Error] [omni.graph.core._impl.extension] OGN node registration completed with errors: DLL load failed while importing _isaacsim_robot_wheeled_robots: 檔名或副檔名太長。
[7.678s] [ext: omni.physx.graph-106.5.7] startup
[7.702s] [ext: isaacsim.replicator.writers-1.0.1] startup
[7.756s] [ext: omni.physx.supportui-106.5.7] startup
[7.792s] [ext: omni.physx.telemetry-106.5.7] startup
[7.806s] [ext: omni.isaac.wheeled_robots-3.0.3] startup
2026-03-16 14:57:50 [7,717ms] [Warning] [omni.isaac.wheeled_robots] omni.isaac.wheeled_robots has been deprecated in favor of isaacsim.robot.wheeled_robots. Please update your code accordingly.
2026-03-16 14:57:50 [7,718ms] [Warning] [omni.isaac.wheeled_robots.controllers] omni.isaac.wheeled_robots has been deprecated in favor of isaacsim.robot.wheeled_robots. Please update your code accordingly.
2026-03-16 14:57:50 [7,718ms] [Warning] [omni.isaac.wheeled_robots.controllers.ackermann_controller] omni.isaac.wheeled_robots has been deprecated in favor of isaacsim.robot.wheeled_robots. Please update your code accordingly.
2026-03-16 14:57:50 [7,720ms] [Warning] [omni.isaac.wheeled_robots.controllers.differential_controller] omni.isaac.wheeled_robots has been deprecated in favor of isaacsim.robot.wheeled_robots. Please update your code accordingly.
2026-03-16 14:57:50 [7,720ms] [Warning] [omni.isaac.wheeled_robots.controllers.holonomic_controller] omni.isaac.wheeled_robots has been deprecated in favor of isaacsim.robot.wheeled_robots. Please update your code accordingly.
2026-03-16 14:57:50 [7,721ms] [Warning] [omni.isaac.wheeled_robots.controllers.quintic_path_planner] omni.isaac.wheeled_robots has been deprecated in favor of isaacsim.robot.wheeled_robots. Please update your code accordingly.
2026-03-16 14:57:50 [7,722ms] [Warning] [omni.isaac.wheeled_robots.controllers.stanley_control] omni.isaac.wheeled_robots has been deprecated in favor of isaacsim.robot.wheeled_robots. Please update your code accordingly.
2026-03-16 14:57:50 [7,722ms] [Warning] [omni.isaac.wheeled_robots.controllers.wheel_base_pose_controller] omni.isaac.wheeled_robots has been deprecated in favor of isaacsim.robot.wheeled_robots. Please update your code accordingly.
2026-03-16 14:57:50 [7,723ms] [Warning] [omni.isaac.wheeled_robots.impl] omni.isaac.wheeled_robots has been deprecated in favor of isaacsim.robot.wheeled_robots. Please update your code accordingly.
2026-03-16 14:57:50 [7,724ms] [Warning] [omni.isaac.wheeled_robots.robots] omni.isaac.wheeled_robots has been deprecated in favor of isaacsim.robot.wheeled_robots. Please update your code accordingly.
2026-03-16 14:57:50 [7,724ms] [Warning] [omni.isaac.wheeled_robots.robots.holonomic_robot_usd_setup] omni.isaac.wheeled_robots has been deprecated in favor of isaacsim.robot.wheeled_robots. Please update your code accordingly.
2026-03-16 14:57:50 [7,729ms] [Error] [omni.ext._impl.custom_importer] Failed to import python module omni.isaac.wheeled_robots. Error: DLL load failed while importing _isaacsim_robot_wheeled_robots: 檔名或副檔名太長。. Traceback:
Traceback (most recent call last):
  File "C:\Users\aa598\miniconda3\envs\robot_env_gpu\Lib\site-packages\omni\kernel\py\omni\ext\_impl\custom_importer.py", line 76, in import_module
    return importlib.import_module(name)
  File "C:\Users\aa598\miniconda3\envs\robot_env_gpu\lib\importlib\__init__.py", line 126, in import_module
    return _bootstrap._gcd_import(name[level:], package, level)
  File "<frozen importlib._bootstrap>", line 1050, in _gcd_import
  File "<frozen importlib._bootstrap>", line 1027, in _find_and_load
  File "<frozen importlib._bootstrap>", line 1006, in _find_and_load_unlocked
  File "<frozen importlib._bootstrap>", line 688, in _load_unlocked
  File "<frozen importlib._bootstrap_external>", line 883, in exec_module
  File "<frozen importlib._bootstrap>", line 241, in _call_with_frames_removed
  File "c:/users/aa598/miniconda3/envs/robot_env_gpu/lib/site-packages/omni/data/kit/isaac-sim python/4.5/exts/3/omni.isaac.wheeled_robots-3.0.3+106.5.0/omni/isaac/wheeled_robots/__init__.py", line 23, in <module>
    from .robots import *
  File "c:/users/aa598/miniconda3/envs/robot_env_gpu/lib/site-packages/omni/data/kit/isaac-sim python/4.5/exts/3/omni.isaac.wheeled_robots-3.0.3+106.5.0/omni/isaac/wheeled_robots/robots/__init__.py", line 22, in <module>
    from .holonomic_robot_usd_setup import *
  File "c:/users/aa598/miniconda3/envs/robot_env_gpu/lib/site-packages/omni/data/kit/isaac-sim python/4.5/exts/3/omni.isaac.wheeled_robots-3.0.3+106.5.0/omni/isaac/wheeled_robots/robots/holonomic_robot_usd_setup.py", line 17, in <module>
    from isaacsim.robot.wheeled_robots.robots.holonomic_robot_usd_setup import *
  File "c:/users/aa598/miniconda3/envs/robot_env_gpu/lib/site-packages/omni/data/kit/isaac-sim python/4.5/exts/3/isaacsim.robot.wheeled_robots-4.0.4+106.5.0.wx64.r.cp310/isaacsim/robot/wheeled_robots/__init__.py", line 10, in <module>
    from .impl.extension import Extension
  File "c:/users/aa598/miniconda3/envs/robot_env_gpu/lib/site-packages/omni/data/kit/isaac-sim python/4.5/exts/3/isaacsim.robot.wheeled_robots-4.0.4+106.5.0.wx64.r.cp310/isaacsim/robot/wheeled_robots/impl/__init__.py", line 11, in <module>
    from .extension import *
  File "c:/users/aa598/miniconda3/envs/robot_env_gpu/lib/site-packages/omni/data/kit/isaac-sim python/4.5/exts/3/isaacsim.robot.wheeled_robots-4.0.4+106.5.0.wx64.r.cp310/isaacsim/robot/wheeled_robots/impl/extension.py", line 12, in <module>
    from isaacsim.robot.wheeled_robots.bindings._isaacsim_robot_wheeled_robots import (
ImportError: DLL load failed while importing _isaacsim_robot_wheeled_robots: 檔名或副檔名太長。

2026-03-16 14:57:50 [7,729ms] [Error] [carb.scripting-python.plugin] Exception: Extension python module: 'omni.isaac.wheeled_robots' in 'c:\users\aa598\miniconda3\envs\robot_env_gpu\lib\site-packages\omni\data\kit\isaac-sim python\4.5\exts\3\omni.isaac.wheeled_robots-3.0.3+106.5.0' failed to load.

At:
  C:\Users\aa598\miniconda3\envs\robot_env_gpu\Lib\site-packages\omni\kernel\py\omni\ext\_impl\_internal.py(213): startup
  C:\Users\aa598\miniconda3\envs\robot_env_gpu\Lib\site-packages\omni\kernel\py\omni\ext\_impl\_internal.py(328): startup_extension
  PythonExtension.cpp::startup()(2): <module>
  C:\Users\aa598\miniconda3\envs\robot_env_gpu\Lib\site-packages\isaacsim\exts\isaacsim.simulation_app\isaacsim\simulation_app\simulation_app.py(427): _start_app
  C:\Users\aa598\miniconda3\envs\robot_env_gpu\Lib\site-packages\isaacsim\exts\isaacsim.simulation_app\isaacsim\simulation_app\simulation_app.py(212): __init__
  C:\Users\aa598\archimedes-survey\mechanics\isaac_sim_beach.py(21): <module>

2026-03-16 14:57:50 [7,729ms] [Error] [omni.ext.plugin] [ext: omni.isaac.wheeled_robots-3.0.3] Failed to startup python extension.
[8.114s] [ext: omni.isaac.franka-1.0.2] startup
2026-03-16 14:57:50 [8,026ms] [Warning] [omni.isaac.wheeled_robots] omni.isaac.wheeled_robots has been deprecated in favor of isaacsim.robot.wheeled_robots. Please update your code accordingly.
2026-03-16 14:57:50 [8,027ms] [Warning] [omni.isaac.wheeled_robots.controllers] omni.isaac.wheeled_robots has been deprecated in favor of isaacsim.robot.wheeled_robots. Please update your code accordingly.
2026-03-16 14:57:50 [8,027ms] [Warning] [omni.isaac.franka] omni.isaac.franka has been deprecated in favor of isaacsim.robot.manipulators.examples.franka. Please update your code accordingly.
2026-03-16 14:57:50 [8,028ms] [Warning] [omni.isaac.wheeled_robots.controllers.ackermann_controller] omni.isaac.wheeled_robots has been deprecated in favor of isaacsim.robot.wheeled_robots. Please update your code accordingly.
2026-03-16 14:57:50 [8,028ms] [Warning] [omni.isaac.franka.franka] omni.isaac.franka has been deprecated in favor of isaacsim.robot.manipulators.examples.franka. Please update your code accordingly.
2026-03-16 14:57:50 [8,028ms] [Warning] [omni.isaac.wheeled_robots.controllers.differential_controller] omni.isaac.wheeled_robots has been deprecated in favor of isaacsim.robot.wheeled_robots. Please update your code accordingly.
2026-03-16 14:57:50 [8,029ms] [Warning] [omni.isaac.wheeled_robots.controllers.holonomic_controller] omni.isaac.wheeled_robots has been deprecated in favor of isaacsim.robot.wheeled_robots. Please update your code accordingly.
2026-03-16 14:57:50 [8,029ms] [Warning] [omni.isaac.wheeled_robots.controllers.quintic_path_planner] omni.isaac.wheeled_robots has been deprecated in favor of isaacsim.robot.wheeled_robots. Please update your code accordingly.
2026-03-16 14:57:50 [8,030ms] [Warning] [omni.isaac.wheeled_robots.controllers.stanley_control] omni.isaac.wheeled_robots has been deprecated in favor of isaacsim.robot.wheeled_robots. Please update your code accordingly.
2026-03-16 14:57:50 [8,030ms] [Warning] [omni.isaac.wheeled_robots.controllers.wheel_base_pose_controller] omni.isaac.wheeled_robots has been deprecated in favor of isaacsim.robot.wheeled_robots. Please update your code accordingly.
2026-03-16 14:57:50 [8,030ms] [Warning] [omni.isaac.franka.kinematics_solver] omni.isaac.franka has been deprecated in favor of isaacsim.robot.manipulators.examples.franka. Please update your code accordingly.
[8.122s] [ext: isaacsim.replicator.domain_randomization-1.0.2] startup
2026-03-16 14:57:50 [8,033ms] [Warning] [omni.isaac.wheeled_robots.impl] omni.isaac.wheeled_robots has been deprecated in favor of isaacsim.robot.wheeled_robots. Please update your code accordingly.
2026-03-16 14:57:50 [8,033ms] [Warning] [omni.isaac.wheeled_robots.robots] omni.isaac.wheeled_robots has been deprecated in favor of isaacsim.robot.wheeled_robots. Please update your code accordingly.
2026-03-16 14:57:50 [8,034ms] [Warning] [omni.isaac.wheeled_robots.robots.holonomic_robot_usd_setup] omni.isaac.wheeled_robots has been deprecated in favor of isaacsim.robot.wheeled_robots. Please update your code accordingly.
2026-03-16 14:57:50 [8,036ms] [Error] [omni.graph.core._impl.extension] OGN node registration completed with errors: DLL load failed while importing _isaacsim_robot_wheeled_robots: 檔名或副檔名太長。
[8.131s] [ext: isaacsim.replicator.examples-1.1.2] startup
[8.137s] [ext: omni.kit.window.status_bar-0.1.7] startup
[8.146s] [ext: omni.rtx.window.settings-0.6.17] startup
[8.158s] [ext: omni.usd.metrics.assembler-106.5.0] startup
[8.167s] [ext: omni.physx.bundle-106.5.7] startup
[8.168s] [ext: isaacsim.app.about-2.0.7] startup
[8.171s] [ext: omni.replicator.isaac-2.0.3] startup
2026-03-16 14:57:50 [8,082ms] [Warning] [omni.replicator.isaac] omni.replicator.isaac has been deprecated in favor of isaacsim.replicator.domain_randomization, isaacsim.replicator.examples, isaacsim.replicator.writers. Please update your code accordingly.
[8.174s] [ext: omni.replicator.replicator_yaml-2.0.10] startup
[8.211s] [ext: omni.rtx.settings.core-0.6.3] startup
[8.225s] [ext: omni.usd.metrics.assembler.ui-106.5.0] startup
[8.238s] [ext: isaacsim.simulation_app-2.4.2] startup
[8.239s] [ext: omni.isaac.window.about-2.0.2] startup
2026-03-16 14:57:50 [8,151ms] [Warning] [omni.isaac.window.about] omni.isaac.window.about has been deprecated in favor of isaacsim.app.about. Please update your code accordingly.
2026-03-16 14:57:50 [8,152ms] [Warning] [omni.isaac.window.about.about] omni.isaac.window.about.about has been deprecated in favor of isaacsim.app.about.about. Please update your code accordingly.
[8.243s] [ext: semantics.schema.editor-0.3.10] startup
[8.247s] [ext: omni.kit.ui.actions-1.0.2] startup
[8.251s] [ext: semantics.schema.property-1.0.5] startup
[8.254s] [ext: omni.kit.manipulator.camera-106.0.3] startup
[8.264s] [ext: omni.isaac.kit-2.0.3] startup
2026-03-16 14:57:50 [8,173ms] [Warning] [omni.isaac.kit] omni.isaac.kit has been deprecated in favor of isaacsim.simulation_app. Please update your code accordingly.
[8.264s] [ext: omni.isaac.asset_browser-1.0.2] startup
2026-03-16 14:57:50 [8,175ms] [Warning] [omni.isaac.asset_browser] omni.isaac.asset_browser has been deprecated in favor of isaacsim.asset.browser. Please update your code accordingly.
[8.266s] [ext: isaacsim.core.throttling-2.0.2] startup
[8.270s] [ext: omni.kit.menu.common-1.1.9] startup
[8.274s] [ext: isaacsim.exp.base-4.5.0] startup
[8.274s] [ext: isaacsim.exp.base.python-4.5.0] startup
[8.276s] Simulation App Starting
[8.743s] app ready
Starting kit application with the following args:  ['C:\\Users\\aa598\\miniconda3\\envs\\robot_env_gpu\\Lib\\site-packages\\isaacsim\\exts\\isaacsim.simulation_app\\isaacsim\\simulation_app\\simulation_app.py', 'C:\\Users\\aa598\\miniconda3\\envs\\robot_env_gpu\\Lib\\site-packages\\isaacsim\\apps/isaacsim.exp.base.python.kit', '--/app/tokens/exe-path=C:\\Users\\aa598\\miniconda3\\envs\\robot_env_gpu\\Lib\\site-packages\\omni', '--/persistent/app/viewport/displayOptions=3094', '--/rtx/materialDb/syncLoads=True', '--/rtx/hydra/materialSyncLoads=True', '--/omni.kit.plugin/syncUsdLoads=True', '--/app/renderer/resolution/width=1280', '--/app/renderer/resolution/height=720', '--/app/window/width=1440', '--/app/window/height=900', '--/renderer/multiGpu/enabled=True', '--/app/fastShutdown=True', '--/app/installSignalHandlers=0', '--ext-folder', 'C:\\Users\\aa598\\miniconda3\\envs\\robot_env_gpu\\Lib\\site-packages\\isaacsim/exts', '--ext-folder', 'C:\\Users\\aa598\\miniconda3\\envs\\robot_env_gpu\\Lib\\site-packages\\isaacsim/apps', '--/physics/cudaDevice=0', '--portable']
Passing the following args to the base kit application:  []
Warp 1.5.0 initialized:
   CUDA Toolkit 11.8, Driver 13.1
   Devices:
     "cpu"      : "AMD64 Family 26 Model 68 Stepping 0, AuthenticAMD"
     "cuda:0"   : "NVIDIA GeForce RTX 5060 Ti" (16 GiB, sm_120, mempool enabled)
   Kernel cache:
     C:\Users\aa598\AppData\Local\NVIDIA\warp\Cache\1.5.0
v_fwd=5.27 m/min  v_lat=2.90 m/min  spin=20.2 deg/s
2026-03-16 14:57:51 [8,702ms] [Warning] [rtx.neuraylib.plugin] [IRAY:RENDER]   1.1   IRAY   rend warn : GPU 1 (NVIDIA GeForce RTX 5060 Ti) with CUDA compute capability 12.0 is unsupported by this version of iray photoreal. Please look for an update with your software provider.
2026-03-16 14:57:51 [8,712ms] [Warning] [rtx.scenedb.plugin] SceneDbContext : TLAS limit buffer size 7508933632
2026-03-16 14:57:51 [8,712ms] [Warning] [rtx.scenedb.plugin] SceneDbContext : TLAS limit : valid false, within: false
2026-03-16 14:57:51 [8,712ms] [Warning] [rtx.scenedb.plugin] SceneDbContext : TLAS limit : decrement: 167690, decrement size: 7433845248
2026-03-16 14:57:51 [8,712ms] [Warning] [rtx.scenedb.plugin] SceneDbContext : New limit 9574251 (slope: 447, intercept: 13179904)
2026-03-16 14:57:51 [8,712ms] [Warning] [rtx.scenedb.plugin] SceneDbContext : TLAS limit buffer size 4287216384
2026-03-16 14:57:51 [8,712ms] [Warning] [rtx.scenedb.plugin] SceneDbContext : TLAS limit : valid true, within: true
2026-03-16 14:57:53 [10,898ms] [Warning] [omni.usd-abi.plugin] No setting was found for '/rtx-defaults-transient/meshlights/forceDisable'
2026-03-16 14:57:53 [10,923ms] [Warning] [omni.usd-abi.plugin] No setting was found for '/rtx-defaults/post/dlss/execMode'
[13.479s] Simulation App Startup Complete
2026-03-16 14:57:55 [13,388ms] [Error] [omni.kit.app._impl] [py stderr]: Traceback (most recent call last):
2026-03-16 14:57:55 [13,388ms] [Error] [omni.kit.app._impl] [py stderr]:   File "C:\Users\aa598\archimedes-survey\mechanics\isaac_sim_beach.py", line 78, in <module>
2026-03-16 14:57:55 [13,389ms] [Error] [omni.kit.app._impl] [py stderr]:     print(f"F_WIND={F_WIND:.1f}N  F_anchor={F_anchor_lat:.0f}N  "
2026-03-16 14:57:55 [13,389ms] [Error] [omni.kit.app._impl] [py stderr]:   File "C:\Users\aa598\miniconda3\envs\robot_env_gpu\Lib\site-packages\omni\kernel\py\omni\kit\app\_impl\__init__.py", line 156, in write
2026-03-16 14:57:55 [13,390ms] [Error] [omni.kit.app._impl] [py stderr]:     self._out.write(msg)
2026-03-16 14:57:55 [13,390ms] [Error] [omni.kit.app._impl] [py stderr]: UnicodeEncodeError: 'cp932' codec can't encode character '\u2248' in position 52: illegal multibyte sequence
2026-03-16 14:57:55 [13,430ms] [Warning] [omni.graph.core.plugin] Could not find category 'Replicator:Annotators' for removal
2026-03-16 14:57:55 [13,430ms] [Warning] [omni.graph.core.plugin] Could not find category 'Replicator:Annotators' for removal
2026-03-16 14:57:55 [13,431ms] [Warning] [omni.graph.core.plugin] Could not find category 'Replicator:Annotators' for removal
2026-03-16 14:57:55 [13,431ms] [Warning] [omni.graph.core.plugin] Could not find category 'Replicator:Annotators' for removal
2026-03-16 14:57:55 [13,431ms] [Warning] [omni.graph.core.plugin] Could not find category 'Replicator:Annotators' for removal
2026-03-16 14:57:55 [13,431ms] [Warning] [omni.graph.core.plugin] Could not find category 'Replicator:Annotators' for removal
2026-03-16 14:57:55 [13,431ms] [Warning] [omni.graph.core.plugin] Could not find category 'Replicator:Annotators' for removal
2026-03-16 14:57:55 [13,431ms] [Warning] [omni.graph.core.plugin] Could not find category 'Replicator:Annotators' for removal
2026-03-16 14:57:55 [13,431ms] [Warning] [omni.graph.core.plugin] Could not find category 'Replicator:Annotators' for removal
2026-03-16 14:57:55 [13,431ms] [Warning] [omni.graph.core.plugin] Could not find category 'Replicator:Annotators' for removal
2026-03-16 14:57:55 [13,431ms] [Warning] [omni.graph.core.plugin] Could not find category 'Replicator:Annotators' for removal
2026-03-16 14:57:55 [13,431ms] [Warning] [omni.graph.core.plugin] Could not find category 'Replicator:Annotators' for removal
2026-03-16 14:57:55 [13,431ms] [Warning] [omni.graph.core.plugin] Could not find category 'Replicator:Core' for removal
2026-03-16 14:57:55 [13,435ms] [Warning] [omni.graph.core.plugin] Could not find category 'animation' for removal
2026-03-16 14:57:55 [13,440ms] [Warning] [omni.fabric.plugin] gFabricState->gUsdStageToSimStageWithHistoryMap had 1 outstanding SimStageWithHistory(s) at shutdown
2026-03-16 14:57:55 [13,441ms] [Warning] [carb.audio.context] 1 contexts were leaked
2026-03-16 14:57:55 [13,566ms] [Warning] [carb] Recursive unloadAllPlugins() detected!
