[Warning] [simulation_app.simulation_app] Modules: ['omni.kit_app'] were loaded before SimulationApp was started and might not be loaded correctly.
[Warning] [simulation_app.simulation_app] Please check to make sure no extra omniverse or pxr modules are imported before the call to SimulationApp(...)
[Info] [carb] Logging to file: c:/users/aa598/miniconda3/envs/robot_env_gpu/lib/site-packages/omni/logs/Kit/Isaac-Sim Python/4.5/kit_20260316_232206.log
2026-03-16 15:22:06 [0ms] [Warning] [omni.kit.app.plugin] No crash reporter present, dumps uploading isn't available.
[0.165s] [ext: omni.kit.async_engine-0.0.1] startup
[0.631s] [ext: omni.metrics.core-0.0.1] startup
[0.633s] [ext: omni.client.lib-1.0.0] startup
[0.653s] [ext: omni.blobkey-1.1.2] startup
[0.655s] [ext: omni.stats-1.0.1] startup
[0.659s] [ext: omni.datastore-0.0.0] startup
[0.662s] [ext: omni.client-1.2.2] startup
[0.671s] [ext: omni.ujitso.default-1.0.0] startup
[0.677s] [ext: omni.hsscclient-1.1.1] startup
2026-03-16 15:22:07 [591ms] [Warning] [omni.datastore] OmniHub is inaccessible
[0.687s] [ext: omni.gpu_foundation.shadercache.vulkan-1.0.0] startup
[0.696s] [ext: omni.assets.plugins-0.0.0] startup
[0.702s] [ext: omni.gpu_foundation-0.0.0] startup
[0.742s] [ext: carb.windowing.plugins-1.0.0] startup
[1.009s] [ext: omni.kit.renderer.init-0.0.0] startup
[1.012s] [ext: omni.kit.pipapi-0.0.0] startup
[1.026s] [ext: omni.kit.pip_archive-0.0.0] startup
[1.027s] [ext: omni.pip.compute-1.4.5] startup
[1.028s] [ext: omni.pip.cloud-1.1.7] startup
[1.034s] [ext: omni.isaac.core_archive-2.3.3] startup
[1.035s] [ext: omni.materialx.libs-1.0.6] startup
[1.052s] [ext: omni.isaac.ml_archive-2.1.2] startup
[1.053s] [ext: omni.usd.config-1.0.5] startup
[1.073s] [ext: omni.gpucompute.plugins-0.0.0] startup
[1.078s] [ext: omni.usd.libs-1.0.1] startup
[1.300s] [ext: omni.mdl-55.0.1] startup
[1.326s] [ext: omni.iray.libs-0.0.0] startup
[1.386s] [ext: omni.mdl.neuraylib-0.2.10] startup
[1.399s] [ext: omni.kit.usd.mdl-1.0.7] startup
2026-03-16 15:22:08 [1,508ms] [Warning] [gpu.foundation.plugin] Skipping unsupported non-NVIDIA GPU: AMD Radeon RX 6800 XT
2026-03-16 15:22:08 [1,508ms] [Warning] [gpu.foundation.plugin] Skipping unsupported non-NVIDIA GPU: AMD Radeon(TM) Graphics
2026-03-16 15:22:08 [1,509ms] [Warning] [gpu.foundation.plugin] Skipping unsupported non-NVIDIA GPU: AMD Radeon RX 6800 XT
2026-03-16 15:22:08 [1,509ms] [Warning] [gpu.foundation.plugin] Skipping unsupported non-NVIDIA GPU: AMD Radeon(TM) Graphics
[1.630s] [ext: omni.kit.telemetry-0.5.1] startup
[1.675s] [ext: omni.kit.loop-isaac-1.2.1] startup
[1.679s] [ext: omni.kit.test-1.1.2] startup
[1.820s] [ext: omni.appwindow-1.1.9] startup
[1.827s] [ext: omni.kit.renderer.core-1.0.2] startup
[1.842s] [ext: omni.kit.renderer.capture-0.0.0] startup
[1.852s] [ext: omni.kit.renderer.imgui-1.0.2] startup
[1.878s] [ext: omni.ui-2.26.5] startup
[1.897s] [ext: omni.kit.mainwindow-1.0.3] startup

|---------------------------------------------------------------------------------------------|
| Driver Version: 591.74        | Graphics API: Vulkan
|=============================================================================================|
| GPU | Name                             | Active | LDA | GPU Memory | Vendor-ID | LUID       |
|     |                                  |        |     |            | Device-ID | UUID       |
|     |                                  |        |     |            | Bus-ID    |            |
|---------------------------------------------------------------------------------------------|
| 0   | NVIDIA GeForce RTX 5060 Ti       | Yes: 0 |     | 16050   MB | 10de      | e9f80100.. |
|     |                                  |        |     |            | 2d04      | 2a21c339.. |
|     |                                  |        |     |            | a         |            |
|---------------------------------------------------------------------------------------------|
| 1   | AMD Radeon RX 6800 XT            |        |     | 16368   MB | 1002      | 0aaf0100.. |
|     |                                  |        |     |            | 73bf      | 00000000.. |
|     |                                  |        |     |            | N/A       |            |
|---------------------------------------------------------------------------------------------|
| 2   | AMD Radeon(TM) Graphics          |        |     | 2048    MB | 1002      | 9fe00100.. |
|     |                                  |        |     |            | 13c0      | 00000000.. |
|     |                                  |        |     |            | N/A       |            |
|=============================================================================================|
| OS: Windows 11 Pro, Version: 10.0 (25H2), Build: 26200, Kernel: 10.0.26100.8036
| Processor: AMD Ryzen 9 9900X 12-Core Processor            
| Cores: 12 | Logical Cores: 24
|---------------------------------------------------------------------------------------------|
| Total Memory (MB): 128668 | Free Memory: 81522
| Total Page/Swap (MB): 136860 | Free Page/Swap: 69598
|---------------------------------------------------------------------------------------------|
[1.901s] [ext: carb.audio-0.1.0] startup
[1.903s] [ext: omni.uiaudio-1.0.0] startup
[1.908s] [ext: omni.kit.uiapp-0.0.0] startup
[1.908s] [ext: omni.usd.schema.metrics.assembler-106.5.0] startup
[1.917s] [ext: omni.usd.schema.anim-0.0.0] startup
[1.969s] [ext: omni.usd.schema.omniscripting-1.0.0] startup
[1.981s] [ext: omni.usd.schema.geospatial-0.0.0] startup
[1.989s] [ext: omni.usd.schema.physx-106.5.7] startup
[2.018s] [ext: omni.usd.schema.audio-0.0.0] startup
[2.027s] [ext: omni.usd.schema.semantics-0.0.0] startup
[2.035s] [ext: omni.usd_resolver-1.0.0] startup
[2.044s] [ext: usdrt.scenegraph-7.5.1] startup
[2.108s] [ext: omni.kit.actions.core-1.0.0] startup
[2.115s] [ext: omni.timeline-1.0.11] startup
[2.121s] [ext: omni.usd.core-1.4.2] startup
[2.122s] [ext: omni.resourcemonitor-107.0.0] startup
[2.128s] [ext: omni.activity.core-1.0.1] startup
[2.132s] [ext: omni.kit.audiodeviceenum-1.0.1] startup
[2.137s] [ext: omni.hydra.usdrt_delegate-7.5.1] startup
[2.156s] [ext: omni.graph.exec-0.9.4] startup
[2.158s] [ext: omni.kit.window.popup_dialog-2.0.24] startup
[2.166s] [ext: omni.kit.exec.core-0.13.4] startup
[2.172s] [ext: omni.kit.widget.nucleus_connector-1.1.10] startup
[2.177s] [ext: omni.kit.usd_undo-0.1.8] startup
[2.179s] [ext: omni.kit.commands-1.4.9] startup
[2.190s] [ext: omni.hydra.scene_delegate-0.3.3] startup
[2.194s] [ext: omni.usd-1.12.4] startup
[2.261s] [ext: omni.kit.asset_converter-2.8.3] startup
[2.275s] [ext: omni.usd.schema.isaac-3.0.2] startup
[2.275s] [ext: isaacsim.robot.schema-3.1.3] startup
[2.292s] [ext: omni.usd.schema.omnigraph-1.0.0] startup
[2.305s] [ext: omni.inspect-1.0.1] startup
[2.310s] [ext: omni.kit.notification_manager-1.0.9] startup
[2.314s] [ext: omni.graph.core-2.181.8] startup
[2.318s] [ext: isaacsim.core.deprecation_manager-0.2.2] startup
[2.320s] [ext: omni.usd.schema.forcefield-106.5.7] startup
[2.331s] [ext: omni.kit.menu.core-1.1.2] startup
[2.333s] [ext: omni.kvdb-106.5.7] startup
[2.338s] [ext: omni.graph.tools-1.79.1] startup
[2.390s] [ext: omni.localcache-106.5.7] startup
[2.396s] [ext: omni.convexdecomposition-106.5.7] startup
[2.402s] [ext: omni.kit.widget.text_editor-1.0.2] startup
[2.406s] [ext: omni.kit.menu.utils-1.7.7] startup
[2.420s] [ext: omni.graph-1.140.2] startup
[2.555s] [ext: omni.kit.widget.path_field-2.0.11] startup
[2.558s] [ext: omni.graph.image.core-0.6.0] startup
[2.560s] [ext: omni.kit.usd.layers-2.2.0] startup
[2.574s] [ext: omni.kit.helper.file_utils-0.1.9] startup
[2.577s] [ext: omni.graph.image.nodes-1.3.0] startup
[2.581s] [ext: omni.kit.menu.create-1.0.17] startup
[2.584s] [ext: omni.physx.foundation-106.5.7] startup
[2.593s] [ext: omni.graph.nodes-1.162.1] startup
[2.604s] [ext: omni.kit.widget.browser_bar-2.0.10] startup
[2.607s] [ext: omni.kit.widget.filebrowser-2.10.52] startup
[2.618s] [ext: omni.kit.widget.context_menu-1.2.4] startup
[2.622s] [ext: omni.kit.clipboard-1.0.5] startup
[2.625s] [ext: omni.kit.widget.graph-1.12.17] startup
[2.636s] [ext: omni.ujitso.processor.texture-1.0.0] startup
[2.640s] [ext: omni.index.libs-380600.1777.0] startup
[2.640s] [ext: omni.ujitso.client-0.0.0] startup
[2.642s] [ext: omni.index-1.0.1] startup
[2.644s] [ext: omni.hydra.rtx.shadercache.vulkan-1.0.0] startup
[2.647s] [ext: omni.kit.widget.options_menu-1.1.6] startup
[2.654s] [ext: omni.volume-0.5.0] startup
[2.662s] [ext: omni.ui.scene-1.11.2] startup
[2.668s] [ext: omni.kit.widget.options_button-1.0.3] startup
[2.671s] [ext: omni.hydra.rtx-1.0.0] startup
[2.714s] [ext: omni.kit.window.filepicker-2.11.7] startup
[2.746s] [ext: omni.kit.graph.delegate.default-1.2.2] startup
[2.748s] [ext: omni.kit.hydra_texture-1.4.0] startup
[2.755s] [ext: omni.kit.window.file_importer-1.1.14] startup
[2.763s] [ext: omni.kit.context_menu-1.8.3] startup
[2.769s] [ext: omni.kit.widget.searchfield-1.1.8] startup
[2.774s] [ext: omni.kit.graph.usd.commands-1.3.1] startup
[2.784s] [ext: omni.kit.widget.material_preview-1.0.16] startup
[2.789s] [ext: omni.kit.material.library-1.5.15] startup
[2.800s] [ext: omni.kit.graph.editor.core-1.5.3] startup
[2.807s] [ext: omni.graph.action_core-1.1.7] startup
[2.812s] [ext: omni.kit.stage_template.core-1.1.22] startup
[2.815s] [ext: omni.kit.widget.filter-1.1.4] startup
[2.817s] [ext: omni.kit.hotkeys.core-1.3.10] startup
[2.819s] [ext: omni.kit.window.file_exporter-1.0.31] startup
[2.822s] [ext: omni.kit.property.adapter.core-1.0.2] startup
[2.827s] [ext: omni.kit.window.drop_support-1.0.4] startup
[2.829s] [ext: omni.kit.window.file-1.3.57] startup
[2.836s] [ext: omni.kit.window.content_browser_registry-0.0.6] startup
[2.838s] [ext: omni.kit.widget.searchable_combobox-1.0.6] startup
[2.841s] [ext: omni.kit.widget.highlight_label-1.0.3] startup
[2.843s] [ext: omni.kit.window.content_browser-2.10.3] startup
2026-03-16 15:22:09 [2,763ms] [Warning] [omni.ext._impl._internal] Found class `WrappedClass` derived from `omni.ext.IExt` in module: 'omni.kit.window.content_browser', but it was imported from other extension: 'C:\Users\aa598\miniconda3\envs\robot_env_gpu\Lib\site-packages\omni\kernel\py\omni\kit\app\_impl\__init__.py', which is not a subpath to: 'c:\users\aa598\miniconda3\envs\robot_env_gpu\lib\site-packages\isaacsim\extscache\omni.kit.window.content_browser-2.10.3+d02c707b'. Do not import `IExt` derived class from other extension in your public namespace.
[2.954s] [ext: omni.kit.widget.stage-2.11.6] startup
[2.973s] [ext: omni.kit.property.adapter.usd-1.0.2] startup
[2.976s] [ext: omni.kit.widget.settings-1.2.2] startup
[2.981s] [ext: omni.kit.window.property-1.11.5] startup
[2.987s] [ext: omni.kit.property.adapter.fabric-1.0.3] startup
[2.992s] [ext: omni.kit.window.preferences-1.7.0] startup
[3.006s] [ext: omni.kit.property.usd-4.2.16] startup
[3.023s] [ext: omni.kit.window.material_graph-1.8.19] startup
[3.201s] [ext: omni.usdphysics-106.5.7] startup
[3.203s] [ext: omni.graph.action_nodes-1.40.1] startup
[3.208s] [ext: omni.kit.scripting-106.5.2] startup
[3.223s] [ext: omni.physx.cooking-106.5.7] startup
[3.230s] [ext: isaacsim.core.version-2.0.2] startup
[3.232s] [ext: omni.graph.action-1.120.0] startup
[3.234s] [ext: omni.warp.core-1.5.0] startup
[3.238s] [ext: omni.physx-106.5.7] startup
[3.251s] [ext: isaacsim.storage.native-1.0.6] startup
[3.256s] [ext: omni.warp-1.5.0] startup
[3.285s] [ext: isaacsim.replicator.behavior-1.0.8] startup
[3.289s] [ext: omni.kit.viewport.scene_camera_model-1.0.5] startup
[3.293s] [ext: omni.kit.viewport.legacy_gizmos-1.0.16] startup
[3.295s] [ext: omni.kit.viewport.registry-104.0.6] startup
[3.298s] [ext: omni.kit.widget.viewport-107.0.7] startup
[3.317s] [ext: omni.kit.raycast.query-1.0.5] startup
[3.322s] [ext: omni.hydra.engine.stats-1.0.3] startup
[3.325s] [ext: omni.kit.viewport.menubar.core-107.1.2] startup
[3.366s] [ext: omni.kit.viewport.window-107.0.8] startup
[3.415s] [ext: omni.kit.manipulator.viewport-107.0.1] startup
[3.419s] [ext: omni.ui_query-1.1.7] startup
[3.420s] [ext: omni.kit.viewport.utility-1.0.18] startup
[3.422s] [ext: omni.kit.window.extensions-1.4.25] startup
[3.435s] [ext: omni.kit.ui_test-1.3.3] startup
[3.439s] [ext: omni.graph.visualization.nodes-2.1.1] startup
[3.447s] [ext: omni.kit.widget.stage_icons-1.0.6] startup
[3.450s] [ext: isaacsim.gui.components-1.0.9] startup
[3.460s] [ext: omni.kit.window.stage-2.5.11] startup
[3.470s] [ext: omni.physx.stageupdate-106.5.7] startup
[3.477s] [ext: omni.kit.numpy.common-0.1.2] startup
[3.480s] [ext: omni.kit.menu.stage-1.2.5] startup
[3.482s] [ext: omni.isaac.dynamic_control-1.3.15] startup
2026-03-16 15:22:10 [3,402ms] [Warning] [omni.isaac.dynamic_control] omni.isaac.dynamic_control is deprecated as of Isaac Sim 4.5. No action is needed from end-users.
[3.491s] [ext: omni.kit.usd.collect-2.2.22] startup
[3.496s] [ext: omni.physics.tensors-106.5.7] startup
[3.505s] [ext: isaacsim.core.utils-2.2.8] startup
[3.510s] [ext: omni.kit.widget.zoombar-1.0.5] startup
[3.513s] [ext: omni.physx.tensors-106.5.7] startup
[3.516s] [ext: omni.kit.widget.prompt-1.0.7] startup
[3.518s] [ext: omni.kit.browser.core-2.3.11] startup
[3.528s] [ext: isaacsim.core.simulation_manager-0.3.3] startup
[5.186s] [ext: omni.kit.tool.collect-2.2.16] startup
[5.192s] [ext: omni.kit.browser.folder.core-1.10.1] startup
[5.208s] [ext: isaacsim.core.cloner-1.3.4] startup
[5.210s] [ext: isaacsim.examples.browser-0.1.8] startup
[5.216s] [ext: omni.isaac.cloner-1.0.2] startup
2026-03-16 15:22:11 [5,129ms] [Warning] [omni.isaac.cloner] omni.isaac.cloner has been deprecated in favor of isaacsim.core.cloner. Please update your code accordingly.
[5.217s] [ext: omni.kit.primitive.mesh-1.0.17] startup
[5.226s] [ext: omni.syntheticdata-0.6.10] startup
[5.245s] [ext: omni.graph.scriptnode-1.40.1] startup
[5.250s] [ext: omni.kit.stage_templates-1.2.6] startup
[5.262s] [ext: isaacsim.core.prims-0.3.7] startup
[5.304s] [ext: omni.replicator.core-1.11.35] startup
2026-03-16 15:22:11 [5,306ms] [Warning] [omni.replicator.core.scripts.extension] No material configuration file, adding configuration to material settings directly.
[5.396s] [ext: isaacsim.core.api-4.2.16] startup
[5.429s] [ext: omni.kit.tool.asset_importer-2.12.2] startup
[5.447s] [ext: isaacsim.core.nodes-2.1.4] startup
[5.464s] [ext: isaacsim.asset.importer.urdf-2.3.10] startup
[5.690s] [ext: omni.isaac.core-4.0.3] startup
2026-03-16 15:22:12 [5,607ms] [Warning] [omni.isaac.core.physics_context.physics_context] omni.isaac.core.physics_context.physics_context has been deprecated in favor of isaacsim.core.api.physics_context.physics_context. Please update your code accordingly.
2026-03-16 15:22:12 [5,611ms] [Warning] [omni.isaac.core.simulation_context.simulation_context] omni.isaac.core.simulation_context.simulation_context has been deprecated in favor of isaacsim.core.api.simulation_context.simulation_context. Please update your code accordingly.
2026-03-16 15:22:12 [5,613ms] [Warning] [omni.isaac.core.world.world] omni.isaac.core.world.world has been deprecated in favor of isaacsim.core.api.world.world. Please update your code accordingly.
2026-03-16 15:22:12 [5,613ms] [Warning] [omni.isaac.core] omni.isaac.core has been deprecated in favor of isaacsim.core.api. Please update your code accordingly.
[5.701s] [ext: omni.isaac.core_nodes-2.0.2] startup
2026-03-16 15:22:12 [5,615ms] [Warning] [omni.isaac.core_nodes] omni.isaac.core_nodes has been deprecated in favor of isaacsim.core.nodes. Please update your code accordingly.
[5.704s] [ext: omni.anim.curve.core-1.2.0] startup
[5.719s] [ext: isaacsim.asset.importer.mjcf-2.3.3] startup
[5.730s] [ext: isaacsim.asset.browser-1.3.4] startup
[5.981s] [ext: isaacsim.robot_motion.lula-4.0.4] startup
[6.014s] [ext: omni.isaac.assets_check-0.3.9] startup
2026-03-16 15:22:12 [5,927ms] [Warning] [omni.isaac.assets_check] omni.isaac.assets_check has been deprecated in favor of isaacsim.asset.browser. Please update your code accordingly.
[6.015s] [ext: isaacsim.robot_motion.motion_generation-8.0.6] startup
[6.031s] [ext: isaacsim.robot.surface_gripper-2.0.6] startup
[6.037s] [ext: omni.kit.selection-0.1.5] startup
[6.042s] [ext: isaacsim.robot_motion.lula_test_widget-1.0.5] startup
[6.047s] [ext: isaacsim.robot.manipulators-3.0.4] startup
[6.057s] [ext: isaacsim.gui.menu-2.0.9] startup
[6.081s] [ext: omni.isaac.lula_test_widget-1.0.2] startup
2026-03-16 15:22:12 [5,996ms] [Warning] [omni.isaac.lula_test_widget] omni.isaac.lula_test_widget has been deprecated in favor of isaacsim.robot_motion.lula_test_widget. Please update your code accordingly.
[6.084s] [ext: omni.isaac.manipulators-3.0.3] startup
2026-03-16 15:22:12 [5,998ms] [Warning] [omni.isaac.manipulators] omni.isaac.manipulators has been deprecated in favor of isaacsim.robot.manipulators. Please update your code accordingly.
2026-03-16 15:22:12 [5,999ms] [Warning] [omni.isaac.manipulators.controllers] omni.isaac.manipulators has been deprecated in favor of isaacsim.robot.manipulators. Please update your code accordingly.
2026-03-16 15:22:12 [6,000ms] [Warning] [omni.isaac.manipulators.controllers.pick_place_controller] omni.isaac.manipulators has been deprecated in favor of isaacsim.robot.manipulators. Please update your code accordingly.
2026-03-16 15:22:12 [6,002ms] [Warning] [omni.isaac.manipulators.controllers.stacking_controller] omni.isaac.manipulators has been deprecated in favor of isaacsim.robot.manipulators. Please update your code accordingly.
2026-03-16 15:22:12 [6,003ms] [Warning] [omni.isaac.manipulators.grippers] omni.isaac.manipulators has been deprecated in favor of isaacsim.robot.manipulators. Please update your code accordingly.
2026-03-16 15:22:12 [6,003ms] [Warning] [omni.isaac.manipulators.grippers.gripper] omni.isaac.manipulators has been deprecated in favor of isaacsim.robot.manipulators. Please update your code accordingly.
2026-03-16 15:22:12 [6,004ms] [Warning] [omni.isaac.manipulators.grippers.parallel_gripper] omni.isaac.manipulators has been deprecated in favor of isaacsim.robot.manipulators. Please update your code accordingly.
2026-03-16 15:22:12 [6,004ms] [Warning] [omni.isaac.manipulators.grippers.surface_gripper] omni.isaac.manipulators has been deprecated in favor of isaacsim.robot.manipulators. Please update your code accordingly.
2026-03-16 15:22:12 [6,005ms] [Warning] [omni.isaac.manipulators.manipulators] omni.isaac.manipulators has been deprecated in favor of isaacsim.robot.manipulators. Please update your code accordingly.
2026-03-16 15:22:12 [6,005ms] [Warning] [omni.isaac.manipulators.manipulators.single_manipulator] omni.isaac.manipulators has been deprecated in favor of isaacsim.robot.manipulators. Please update your code accordingly.
[6.094s] [ext: omni.isaac.menu-1.0.2] startup
2026-03-16 15:22:12 [6,008ms] [Warning] [omni.isaac.menu] omni.isaac.menu has been deprecated in favor of isaacsim.gui.menu. Please update your code accordingly.
[6.096s] [ext: isaacsim.sensors.physics-0.3.6] startup
[6.105s] [ext: isaacsim.util.debug_draw-2.0.3] startup
[6.112s] [ext: omni.isaac.motion_generation-8.0.2] startup
2026-03-16 15:22:12 [6,027ms] [Warning] [omni.isaac.motion_generation] omni.isaac.motion_generation has been deprecated in favor of isaacsim.robot_motion.motion_generation. Please update your code accordingly.
2026-03-16 15:22:12 [6,028ms] [Warning] [omni.isaac.motion_generation.articulation_kinematics_solver] omni.isaac.motion_generation has been deprecated in favor of isaacsim.robot_motion.motion_generation. Please update your code accordingly.
2026-03-16 15:22:12 [6,028ms] [Warning] [omni.isaac.motion_generation.articulation_motion_policy] omni.isaac.motion_generation has been deprecated in favor of isaacsim.robot_motion.motion_generation. Please update your code accordingly.
2026-03-16 15:22:12 [6,029ms] [Warning] [omni.isaac.motion_generation.articulation_trajectory] omni.isaac.motion_generation has been deprecated in favor of isaacsim.robot_motion.motion_generation. Please update your code accordingly.
2026-03-16 15:22:12 [6,029ms] [Warning] [omni.isaac.motion_generation.kinematics_interface] omni.isaac.motion_generation has been deprecated in favor of isaacsim.robot_motion.motion_generation. Please update your code accordingly.
2026-03-16 15:22:12 [6,030ms] [Warning] [omni.isaac.motion_generation.lula] omni.isaac.motion_generation has been deprecated in favor of isaacsim.robot_motion.motion_generation. Please update your code accordingly.
2026-03-16 15:22:12 [6,031ms] [Warning] [omni.isaac.motion_generation.lula.kinematics] omni.isaac.motion_generation has been deprecated in favor of isaacsim.robot_motion.motion_generation. Please update your code accordingly.
2026-03-16 15:22:12 [6,031ms] [Warning] [omni.isaac.motion_generation.lula.motion_policies] omni.isaac.motion_generation has been deprecated in favor of isaacsim.robot_motion.motion_generation. Please update your code accordingly.
2026-03-16 15:22:12 [6,033ms] [Warning] [omni.isaac.motion_generation.lula.path_planners] omni.isaac.motion_generation has been deprecated in favor of isaacsim.robot_motion.motion_generation. Please update your code accordingly.
2026-03-16 15:22:12 [6,033ms] [Warning] [omni.isaac.motion_generation.lula.trajectory_generator] omni.isaac.motion_generation has been deprecated in favor of isaacsim.robot_motion.motion_generation. Please update your code accordingly.
2026-03-16 15:22:12 [6,034ms] [Warning] [omni.isaac.motion_generation.motion_policy_controller] omni.isaac.motion_generation has been deprecated in favor of isaacsim.robot_motion.motion_generation. Please update your code accordingly.
2026-03-16 15:22:12 [6,035ms] [Warning] [omni.isaac.motion_generation.motion_policy_interface] omni.isaac.motion_generation has been deprecated in favor of isaacsim.robot_motion.motion_generation. Please update your code accordingly.
2026-03-16 15:22:12 [6,035ms] [Warning] [omni.isaac.motion_generation.path_planner_visualizer] omni.isaac.motion_generation has been deprecated in favor of isaacsim.robot_motion.motion_generation. Please update your code accordingly.
2026-03-16 15:22:12 [6,036ms] [Warning] [omni.isaac.motion_generation.path_planning_interface] omni.isaac.motion_generation has been deprecated in favor of isaacsim.robot_motion.motion_generation. Please update your code accordingly.
2026-03-16 15:22:12 [6,037ms] [Warning] [omni.isaac.motion_generation.trajectory] omni.isaac.motion_generation has been deprecated in favor of isaacsim.robot_motion.motion_generation. Please update your code accordingly.
2026-03-16 15:22:12 [6,038ms] [Warning] [omni.isaac.motion_generation.world_interface] omni.isaac.motion_generation has been deprecated in favor of isaacsim.robot_motion.motion_generation. Please update your code accordingly.
[6.127s] [ext: omni.sensors.nv.common-2.5.0-coreapi] startup
[6.150s] [ext: isaacsim.robot.policy.examples-4.0.3] startup
[6.153s] [ext: isaacsim.sensors.physx-2.2.5] startup
[6.163s] [ext: omni.isaac.nucleus-1.0.3] startup
2026-03-16 15:22:12 [6,076ms] [Warning] [omni.isaac.nucleus] omni.isaac.nucleus has been deprecated in favor of isaacsim.storage.native. Please update your code accordingly.
2026-03-16 15:22:12 [6,077ms] [Warning] [omni.isaac.nucleus.nucleus] omni.isaac.nucleus.nucleus has been deprecated in favor of isaacsim.storage.native. Please update your code accordingly.
[6.167s] [ext: omni.sensors.nv.materials-1.4.0-coreapi] startup
[6.181s] [ext: omni.isaac.quadruped-3.0.2] startup
2026-03-16 15:22:12 [6,095ms] [Warning] [omni.isaac.quadruped] omni.isaac.quadruped has been deprecated in favor of isaacsim.robot.policy.examples. Please update your code accordingly.
[6.183s] [ext: omni.isaac.range_sensor-4.0.2] startup
[6.188s] [ext: omni.sensors.nv.wpm-2.4.0-coreapi] startup
[6.195s] [ext: omni.sensors.nv.lidar-2.6.3-coreapi] startup
[6.205s] [ext: omni.sensors.nv.ids-1.4.0-coreapi] startup
[6.210s] [ext: omni.sensors.tiled-0.0.6] startup
[6.212s] [ext: omni.sensors.nv.radar-2.6.1-coreapi] startup
[6.225s] [ext: isaacsim.robot.manipulators.examples-1.0.3] startup
[6.228s] [ext: isaacsim.sensors.camera-0.2.9] startup
[6.240s] [ext: omni.kit.widget.toolbar-1.7.3] startup
[6.261s] [ext: isaacsim.sensors.rtx-13.6.4] startup
[6.271s] [ext: omni.kit.manipulator.transform-106.0.1] startup
[6.285s] [ext: isaacsim.cortex.framework-1.0.2] startup
[6.288s] [ext: omni.kit.manipulator.selector-1.1.1] startup
[6.294s] [ext: omni.isaac.sensor-13.0.3] startup
2026-03-16 15:22:12 [6,208ms] [Warning] [omni.isaac.sensor] omni.isaac.sensor has been deprecated in favor of isaacsim.sensors.camera, isaacsim.sensors.physics, isaacsim.sensors.physx, and isaacsim.sensors.rtx. Please update your code accordingly.
2026-03-16 15:22:12 [6,209ms] [Warning] [omni.isaac.sensor.camera] omni.isaac.sensor.camera has been deprecated in favor of isaacsim.sensors.camera.camera. Please update your code accordingly.
2026-03-16 15:22:12 [6,209ms] [Warning] [omni.isaac.sensor.camera_view] omni.isaac.sensor.camera_view has been deprecated in favor of isaacsim.sensors.camera.camera_view. Please update your code accordingly.
2026-03-16 15:22:12 [6,210ms] [Warning] [omni.isaac.sensor.commands] omni.isaac.sensor.commands has been deprecated in favor of isaacsim.sensors.physics.commands, isaacsim.sensors.physx.commands, and isaacsim.sensors.rtx.commands. Please update your code accordingly.
2026-03-16 15:22:12 [6,211ms] [Warning] [omni.isaac.sensor.contact_sensor] omni.isaac.sensor.contact_sensor has been deprecated in favor of isaacsim.sensors.physics.contact_sensor. Please update your code accordingly.
2026-03-16 15:22:12 [6,211ms] [Warning] [omni.isaac.sensor.imu_sensor] omni.isaac.sensor.imu_sensor has been deprecated in favor of isaacsim.sensors.physics.imu_sensor. Please update your code accordingly.
2026-03-16 15:22:12 [6,213ms] [Warning] [omni.isaac.sensor.lidar_rtx] omni.isaac.sensor.lidar_rtx has been deprecated in favor of isaacsim.sensors.rtx.lidar_rtx. Please update your code accordingly.
2026-03-16 15:22:12 [6,214ms] [Warning] [omni.isaac.sensor.rotating_lidar_physX] omni.isaac.sensor.imu_sensor has been deprecated in favor of isaacsim.sensors.physix.rotating_lidar_physX. Please update your code accordingly.
2026-03-16 15:22:12 [6,219ms] [Warning] [omni.isaac.sensor.scripts.samples.contact_sensor] omni.isaac.sensor.scripts.samples.contact_sensor has been deprecated in favor of isaacsim.sensors.physics.scripts.samples.contact_sensor. Please update your code accordingly.
2026-03-16 15:22:12 [6,220ms] [Warning] [omni.isaac.sensor.scripts.samples.imu_sensor] omni.isaac.sensor.scripts.samples.imu_sensor has been deprecated in favor of isaacsim.sensors.physics.scripts.samples.imu_sensor. Please update your code accordingly.
2026-03-16 15:22:12 [6,221ms] [Warning] [omni.isaac.sensor.scripts.samples.lightbeam_sensor] omni.isaac.sensor.scripts.samples.lightbeam_sensor has been deprecated in favor of isaacsim.sensors.physx.scripts.samples.lightbeam_sensor. Please update your code accordingly.
[6.309s] [ext: omni.kit.manipulator.tool.snap-1.5.12] startup
[6.324s] [ext: omni.isaac.surface_gripper-2.0.2] startup
2026-03-16 15:22:12 [6,238ms] [Warning] [omni.isaac.surface_gripper] omni.isaac.surface_gripper has been deprecated in favor of isaacsim.robot.surface_gripper. Please update your code accordingly.
[6.326s] [ext: omni.isaac.cortex-1.0.2] startup
2026-03-16 15:22:12 [6,240ms] [Warning] [omni.isaac.cortex] omni.isaac.cortex has been deprecated in favor of isaacsim.cortex.framework. Please update your code accordingly.
[6.328s] [ext: isaacsim.cortex.behaviors-2.0.3] startup
[6.331s] [ext: omni.kit.viewport.manipulator.transform-107.0.4] startup
[6.337s] [ext: omni.isaac.universal_robots-1.0.2] startup
2026-03-16 15:22:12 [6,250ms] [Warning] [omni.isaac.universal_robots] omni.isaac.universal_robots has been deprecated in favor of isaacsim.robot.manipulators.examples.universal_robots. Please update your code accordingly.
2026-03-16 15:22:12 [6,251ms] [Warning] [omni.isaac.universal_robots.kinematics_solver] omni.isaac.franka has been deprecated in favor of isaacsim.robot.manipulators.examples.universal_robots. Please update your code accordingly.
2026-03-16 15:22:12 [6,253ms] [Warning] [omni.isaac.universal_robots.ur10] omni.isaac.franka has been deprecated in favor of isaacsim.robot.manipulators.examples.universal_robots. Please update your code accordingly.
[6.341s] [ext: omni.isaac.utils-2.0.2] startup
[6.344s] [ext: omni.isaac.cortex.sample_behaviors-2.0.2] startup
2026-03-16 15:22:12 [6,258ms] [Warning] [omni.isaac.cortex.sample_behaviors] omni.isaac.cortex.sample_behaviors has been deprecated in favor of isaacsim.cortex.behaviors. Please update your code accordingly.
[6.346s] [ext: omni.kit.manipulator.prim.core-107.0.7] startup
[6.360s] [ext: omni.fabric.commands-1.1.5] startup
[6.367s] [ext: omni.kit.viewport.actions-107.0.0] startup
[6.373s] [ext: omni.kit.manipulator.prim.usd-107.0.3] startup
[6.376s] [ext: omni.kit.manipulator.prim.fabric-107.0.4] startup
[6.379s] [ext: omni.kit.viewport.menubar.display-107.0.3] startup
[6.383s] [ext: omni.kit.widget.layers-1.8.2] startup
[6.409s] [ext: omni.kit.manipulator.selection-106.0.1] startup
[6.413s] [ext: omni.kit.manipulator.prim-107.0.0] startup
[6.413s] [ext: omni.debugdraw-0.1.3] startup
[6.419s] [ext: omni.graph.ui_nodes-1.40.1] startup
[6.425s] [ext: omni.physx.commands-106.5.7] startup
[6.431s] [ext: omni.usdphysics.ui-106.5.7] startup
[6.455s] [ext: omni.kit.property.audio-1.0.16] startup
[6.460s] [ext: omni.kit.property.camera-1.0.9] startup
[6.469s] [ext: omni.kit.property.geometry-1.3.3] startup
[6.478s] [ext: omni.hydra.scene_api-0.1.2] startup
[6.484s] [ext: omni.physx.ui-106.5.7] startup
[6.520s] [ext: omni.kit.property.material-1.10.17] startup
[6.537s] [ext: omni.kit.property.light-1.0.11] startup
[6.540s] [ext: omni.kit.property.render-1.1.3] startup
[6.543s] [ext: omni.kit.property.transform-1.5.10] startup
[6.549s] [ext: isaacsim.gui.property-1.0.4] startup
[6.553s] [ext: omni.kit.property.physx-106.5.7] startup
[6.588s] [ext: omni.physx.demos-106.5.7] startup
[6.636s] [ext: omni.isaac.lula-4.0.2] startup
2026-03-16 15:22:13 [6,550ms] [Warning] [omni.isaac.lula] omni.isaac.lula has been deprecated in favor of isaacsim.robot_motion.lula. Please update your code accordingly.
[6.639s] [ext: omni.kit.property.bundle-1.3.2] startup
[6.643s] [ext: omni.kit.property.isaac-1.0.2] startup
2026-03-16 15:22:13 [6,557ms] [Warning] [omni.kit.property.isaac] omni.kit.property.isaac has been deprecated in favor of isaacsim.gui.property. Please update your code accordingly.
2026-03-16 15:22:13 [6,557ms] [Warning] [omni.kit.property.isaac.widgets] omni.kit.property.isaac.widgets has been deprecated in favor of isaacsim.gui.property.widgets. Please update your code accordingly.
2026-03-16 15:22:13 [6,557ms] [Warning] [omni.ext._impl._internal] Found class `IsaacPropertyWidgets` derived from `omni.ext.IExt` in module: 'omni.kit.property.isaac', but it was imported from other extension: 'c:/users/aa598/miniconda3/envs/robot_env_gpu/lib/site-packages/omni/data/kit/isaac-sim python/4.5/exts/3/isaacsim.gui.property-1.0.4+106.5.0/isaacsim/gui/property/widgets.py', which is not a subpath to: 'c:\users\aa598\miniconda3\envs\robot_env_gpu\lib\site-packages\omni\data\kit\isaac-sim python\4.5\exts\3\omni.kit.property.isaac-1.0.2+106.5.0'. Do not import `IExt` derived class from other extension in your public namespace.
[6.646s] [ext: omni.kit.viewport.menubar.camera-107.0.2] startup
[6.659s] [ext: omni.physx.vehicle-106.5.7] startup
[6.688s] [ext: omni.kit.viewport.menubar.lighting-106.0.2] startup
[6.695s] [ext: omni.kit.viewport.menubar.render-107.0.8] startup
[6.702s] [ext: omni.kit.viewport.menubar.settings-107.0.3] startup
[6.712s] [ext: omni.kit.window.console-0.2.14] startup
[6.721s] [ext: omni.physx.camera-106.5.7] startup
[6.733s] [ext: omni.kit.window.toolbar-1.6.2] startup
[6.737s] [ext: omni.isaac.version-2.0.2] startup
2026-03-16 15:22:13 [6,651ms] [Warning] [omni.isaac.version] omni.isaac.version has been deprecated in favor of isaacsim.core.version. Please update your code accordingly.
[6.739s] [ext: isaacsim.robot.wheeled_robots-4.0.4] startup
2026-03-16 15:22:13 [6,666ms] [Error] [omni.ext._impl.custom_importer] Failed to import python module isaacsim.robot.wheeled_robots. Error: DLL load failed while importing _isaacsim_robot_wheeled_robots: 檔名或副檔名太長。. Traceback:
Traceback (most recent call last):
  File "C:\Users\aa598\miniconda3\envs\robot_env_gpu\Lib\site-packages\omni\kernel\py\omni\ext\_impl\custom_importer.py", line 76, in import_module
    return importlib.import_module(name)
  File "C:\Users\aa598\miniconda3\envs\robot_env_gpu\lib\importlib\__init__.py", line 126, in import_module
    return _bootstrap._gcd_import(name[level:], package, level)
  File "<frozen importlib._bootstrap>", line 1050, in _gcd_import
  File "<frozen importlib._bootstrap>", line 1027, in _find_and_load
  File "<frozen importlib._bootstrap>", line 1006, in _find_and_load_unlocked
  File "<frozen importlib._bootstrap>", line 688, in _load_unlocked
  File "<frozen importlib._bootstrap_external>", line 883, in exec_module
  File "<frozen importlib._bootstrap>", line 241, in _call_with_frames_removed
  File "c:/users/aa598/miniconda3/envs/robot_env_gpu/lib/site-packages/omni/data/kit/isaac-sim python/4.5/exts/3/isaacsim.robot.wheeled_robots-4.0.4+106.5.0.wx64.r.cp310/isaacsim/robot/wheeled_robots/__init__.py", line 10, in <module>
    from .impl.extension import Extension
  File "c:/users/aa598/miniconda3/envs/robot_env_gpu/lib/site-packages/omni/data/kit/isaac-sim python/4.5/exts/3/isaacsim.robot.wheeled_robots-4.0.4+106.5.0.wx64.r.cp310/isaacsim/robot/wheeled_robots/impl/__init__.py", line 11, in <module>
    from .extension import *
  File "c:/users/aa598/miniconda3/envs/robot_env_gpu/lib/site-packages/omni/data/kit/isaac-sim python/4.5/exts/3/isaacsim.robot.wheeled_robots-4.0.4+106.5.0.wx64.r.cp310/isaacsim/robot/wheeled_robots/impl/extension.py", line 12, in <module>
    from isaacsim.robot.wheeled_robots.bindings._isaacsim_robot_wheeled_robots import (
ImportError: DLL load failed while importing _isaacsim_robot_wheeled_robots: 檔名或副檔名太長。

2026-03-16 15:22:13 [6,667ms] [Error] [carb.scripting-python.plugin] Exception: Extension python module: 'isaacsim.robot.wheeled_robots' in 'c:\users\aa598\miniconda3\envs\robot_env_gpu\lib\site-packages\omni\data\kit\isaac-sim python\4.5\exts\3\isaacsim.robot.wheeled_robots-4.0.4+106.5.0.wx64.r.cp310' failed to load.

At:
  C:\Users\aa598\miniconda3\envs\robot_env_gpu\Lib\site-packages\omni\kernel\py\omni\ext\_impl\_internal.py(213): startup
  C:\Users\aa598\miniconda3\envs\robot_env_gpu\Lib\site-packages\omni\kernel\py\omni\ext\_impl\_internal.py(328): startup_extension
  PythonExtension.cpp::startup()(2): <module>
  C:\Users\aa598\miniconda3\envs\robot_env_gpu\Lib\site-packages\isaacsim\exts\isaacsim.simulation_app\isaacsim\simulation_app\simulation_app.py(427): _start_app
  C:\Users\aa598\miniconda3\envs\robot_env_gpu\Lib\site-packages\isaacsim\exts\isaacsim.simulation_app\isaacsim\simulation_app\simulation_app.py(212): __init__
  C:\Users\aa598\archimedes-survey\mechanics\isaac_sim_full_matrix.py(11): <module>

2026-03-16 15:22:13 [6,667ms] [Error] [omni.ext.plugin] [ext: isaacsim.robot.wheeled_robots-4.0.4] Failed to startup python extension.
[6.991s] [ext: omni.physx.cct-106.5.7] startup
2026-03-16 15:22:13 [6,917ms] [Error] [omni.graph.core._impl.extension] OGN node registration completed with errors: DLL load failed while importing _isaacsim_robot_wheeled_robots: 檔名或副檔名太長。
[7.008s] [ext: omni.physx.graph-106.5.7] startup
[7.027s] [ext: isaacsim.replicator.writers-1.0.1] startup
[7.070s] [ext: omni.physx.supportui-106.5.7] startup
[7.098s] [ext: omni.physx.telemetry-106.5.7] startup
[7.108s] [ext: omni.isaac.wheeled_robots-3.0.3] startup
2026-03-16 15:22:13 [7,022ms] [Warning] [omni.isaac.wheeled_robots] omni.isaac.wheeled_robots has been deprecated in favor of isaacsim.robot.wheeled_robots. Please update your code accordingly.
2026-03-16 15:22:13 [7,022ms] [Warning] [omni.isaac.wheeled_robots.controllers] omni.isaac.wheeled_robots has been deprecated in favor of isaacsim.robot.wheeled_robots. Please update your code accordingly.
2026-03-16 15:22:13 [7,023ms] [Warning] [omni.isaac.wheeled_robots.controllers.ackermann_controller] omni.isaac.wheeled_robots has been deprecated in favor of isaacsim.robot.wheeled_robots. Please update your code accordingly.
2026-03-16 15:22:13 [7,024ms] [Warning] [omni.isaac.wheeled_robots.controllers.differential_controller] omni.isaac.wheeled_robots has been deprecated in favor of isaacsim.robot.wheeled_robots. Please update your code accordingly.
2026-03-16 15:22:13 [7,024ms] [Warning] [omni.isaac.wheeled_robots.controllers.holonomic_controller] omni.isaac.wheeled_robots has been deprecated in favor of isaacsim.robot.wheeled_robots. Please update your code accordingly.
2026-03-16 15:22:13 [7,025ms] [Warning] [omni.isaac.wheeled_robots.controllers.quintic_path_planner] omni.isaac.wheeled_robots has been deprecated in favor of isaacsim.robot.wheeled_robots. Please update your code accordingly.
2026-03-16 15:22:13 [7,026ms] [Warning] [omni.isaac.wheeled_robots.controllers.stanley_control] omni.isaac.wheeled_robots has been deprecated in favor of isaacsim.robot.wheeled_robots. Please update your code accordingly.
2026-03-16 15:22:13 [7,026ms] [Warning] [omni.isaac.wheeled_robots.controllers.wheel_base_pose_controller] omni.isaac.wheeled_robots has been deprecated in favor of isaacsim.robot.wheeled_robots. Please update your code accordingly.
2026-03-16 15:22:13 [7,027ms] [Warning] [omni.isaac.wheeled_robots.impl] omni.isaac.wheeled_robots has been deprecated in favor of isaacsim.robot.wheeled_robots. Please update your code accordingly.
2026-03-16 15:22:13 [7,027ms] [Warning] [omni.isaac.wheeled_robots.robots] omni.isaac.wheeled_robots has been deprecated in favor of isaacsim.robot.wheeled_robots. Please update your code accordingly.
2026-03-16 15:22:13 [7,028ms] [Warning] [omni.isaac.wheeled_robots.robots.holonomic_robot_usd_setup] omni.isaac.wheeled_robots has been deprecated in favor of isaacsim.robot.wheeled_robots. Please update your code accordingly.
2026-03-16 15:22:13 [7,031ms] [Error] [omni.ext._impl.custom_importer] Failed to import python module omni.isaac.wheeled_robots. Error: DLL load failed while importing _isaacsim_robot_wheeled_robots: 檔名或副檔名太長。. Traceback:
Traceback (most recent call last):
  File "C:\Users\aa598\miniconda3\envs\robot_env_gpu\Lib\site-packages\omni\kernel\py\omni\ext\_impl\custom_importer.py", line 76, in import_module
    return importlib.import_module(name)
  File "C:\Users\aa598\miniconda3\envs\robot_env_gpu\lib\importlib\__init__.py", line 126, in import_module
    return _bootstrap._gcd_import(name[level:], package, level)
  File "<frozen importlib._bootstrap>", line 1050, in _gcd_import
  File "<frozen importlib._bootstrap>", line 1027, in _find_and_load
  File "<frozen importlib._bootstrap>", line 1006, in _find_and_load_unlocked
  File "<frozen importlib._bootstrap>", line 688, in _load_unlocked
  File "<frozen importlib._bootstrap_external>", line 883, in exec_module
  File "<frozen importlib._bootstrap>", line 241, in _call_with_frames_removed
  File "c:/users/aa598/miniconda3/envs/robot_env_gpu/lib/site-packages/omni/data/kit/isaac-sim python/4.5/exts/3/omni.isaac.wheeled_robots-3.0.3+106.5.0/omni/isaac/wheeled_robots/__init__.py", line 23, in <module>
    from .robots import *
  File "c:/users/aa598/miniconda3/envs/robot_env_gpu/lib/site-packages/omni/data/kit/isaac-sim python/4.5/exts/3/omni.isaac.wheeled_robots-3.0.3+106.5.0/omni/isaac/wheeled_robots/robots/__init__.py", line 22, in <module>
    from .holonomic_robot_usd_setup import *
  File "c:/users/aa598/miniconda3/envs/robot_env_gpu/lib/site-packages/omni/data/kit/isaac-sim python/4.5/exts/3/omni.isaac.wheeled_robots-3.0.3+106.5.0/omni/isaac/wheeled_robots/robots/holonomic_robot_usd_setup.py", line 17, in <module>
    from isaacsim.robot.wheeled_robots.robots.holonomic_robot_usd_setup import *
  File "c:/users/aa598/miniconda3/envs/robot_env_gpu/lib/site-packages/omni/data/kit/isaac-sim python/4.5/exts/3/isaacsim.robot.wheeled_robots-4.0.4+106.5.0.wx64.r.cp310/isaacsim/robot/wheeled_robots/__init__.py", line 10, in <module>
    from .impl.extension import Extension
  File "c:/users/aa598/miniconda3/envs/robot_env_gpu/lib/site-packages/omni/data/kit/isaac-sim python/4.5/exts/3/isaacsim.robot.wheeled_robots-4.0.4+106.5.0.wx64.r.cp310/isaacsim/robot/wheeled_robots/impl/__init__.py", line 11, in <module>
    from .extension import *
  File "c:/users/aa598/miniconda3/envs/robot_env_gpu/lib/site-packages/omni/data/kit/isaac-sim python/4.5/exts/3/isaacsim.robot.wheeled_robots-4.0.4+106.5.0.wx64.r.cp310/isaacsim/robot/wheeled_robots/impl/extension.py", line 12, in <module>
    from isaacsim.robot.wheeled_robots.bindings._isaacsim_robot_wheeled_robots import (
ImportError: DLL load failed while importing _isaacsim_robot_wheeled_robots: 檔名或副檔名太長。

2026-03-16 15:22:13 [7,031ms] [Error] [carb.scripting-python.plugin] Exception: Extension python module: 'omni.isaac.wheeled_robots' in 'c:\users\aa598\miniconda3\envs\robot_env_gpu\lib\site-packages\omni\data\kit\isaac-sim python\4.5\exts\3\omni.isaac.wheeled_robots-3.0.3+106.5.0' failed to load.

At:
  C:\Users\aa598\miniconda3\envs\robot_env_gpu\Lib\site-packages\omni\kernel\py\omni\ext\_impl\_internal.py(213): startup
  C:\Users\aa598\miniconda3\envs\robot_env_gpu\Lib\site-packages\omni\kernel\py\omni\ext\_impl\_internal.py(328): startup_extension
  PythonExtension.cpp::startup()(2): <module>
  C:\Users\aa598\miniconda3\envs\robot_env_gpu\Lib\site-packages\isaacsim\exts\isaacsim.simulation_app\isaacsim\simulation_app\simulation_app.py(427): _start_app
  C:\Users\aa598\miniconda3\envs\robot_env_gpu\Lib\site-packages\isaacsim\exts\isaacsim.simulation_app\isaacsim\simulation_app\simulation_app.py(212): __init__
  C:\Users\aa598\archimedes-survey\mechanics\isaac_sim_full_matrix.py(11): <module>

2026-03-16 15:22:13 [7,031ms] [Error] [omni.ext.plugin] [ext: omni.isaac.wheeled_robots-3.0.3] Failed to startup python extension.
[7.364s] [ext: omni.isaac.franka-1.0.2] startup
2026-03-16 15:22:13 [7,278ms] [Warning] [omni.isaac.wheeled_robots] omni.isaac.wheeled_robots has been deprecated in favor of isaacsim.robot.wheeled_robots. Please update your code accordingly.
2026-03-16 15:22:13 [7,278ms] [Warning] [omni.isaac.franka] omni.isaac.franka has been deprecated in favor of isaacsim.robot.manipulators.examples.franka. Please update your code accordingly.
2026-03-16 15:22:13 [7,278ms] [Warning] [omni.isaac.wheeled_robots.controllers] omni.isaac.wheeled_robots has been deprecated in favor of isaacsim.robot.wheeled_robots. Please update your code accordingly.
2026-03-16 15:22:13 [7,279ms] [Warning] [omni.isaac.franka.franka] omni.isaac.franka has been deprecated in favor of isaacsim.robot.manipulators.examples.franka. Please update your code accordingly.
2026-03-16 15:22:13 [7,279ms] [Warning] [omni.isaac.wheeled_robots.controllers.ackermann_controller] omni.isaac.wheeled_robots has been deprecated in favor of isaacsim.robot.wheeled_robots. Please update your code accordingly.
2026-03-16 15:22:13 [7,279ms] [Warning] [omni.isaac.wheeled_robots.controllers.differential_controller] omni.isaac.wheeled_robots has been deprecated in favor of isaacsim.robot.wheeled_robots. Please update your code accordingly.
2026-03-16 15:22:13 [7,280ms] [Warning] [omni.isaac.wheeled_robots.controllers.holonomic_controller] omni.isaac.wheeled_robots has been deprecated in favor of isaacsim.robot.wheeled_robots. Please update your code accordingly.
2026-03-16 15:22:13 [7,281ms] [Warning] [omni.isaac.wheeled_robots.controllers.quintic_path_planner] omni.isaac.wheeled_robots has been deprecated in favor of isaacsim.robot.wheeled_robots. Please update your code accordingly.
2026-03-16 15:22:13 [7,281ms] [Warning] [omni.isaac.franka.kinematics_solver] omni.isaac.franka has been deprecated in favor of isaacsim.robot.manipulators.examples.franka. Please update your code accordingly.
[7.369s] [ext: isaacsim.replicator.domain_randomization-1.0.2] startup
2026-03-16 15:22:13 [7,283ms] [Warning] [omni.isaac.wheeled_robots.controllers.stanley_control] omni.isaac.wheeled_robots has been deprecated in favor of isaacsim.robot.wheeled_robots. Please update your code accordingly.
2026-03-16 15:22:13 [7,284ms] [Warning] [omni.isaac.wheeled_robots.controllers.wheel_base_pose_controller] omni.isaac.wheeled_robots has been deprecated in favor of isaacsim.robot.wheeled_robots. Please update your code accordingly.
2026-03-16 15:22:13 [7,284ms] [Warning] [omni.isaac.wheeled_robots.impl] omni.isaac.wheeled_robots has been deprecated in favor of isaacsim.robot.wheeled_robots. Please update your code accordingly.
2026-03-16 15:22:13 [7,285ms] [Warning] [omni.isaac.wheeled_robots.robots] omni.isaac.wheeled_robots has been deprecated in favor of isaacsim.robot.wheeled_robots. Please update your code accordingly.
2026-03-16 15:22:13 [7,285ms] [Warning] [omni.isaac.wheeled_robots.robots.holonomic_robot_usd_setup] omni.isaac.wheeled_robots has been deprecated in favor of isaacsim.robot.wheeled_robots. Please update your code accordingly.
2026-03-16 15:22:13 [7,287ms] [Error] [omni.graph.core._impl.extension] OGN node registration completed with errors: DLL load failed while importing _isaacsim_robot_wheeled_robots: 檔名或副檔名太長。
[7.377s] [ext: isaacsim.replicator.examples-1.1.2] startup
[7.382s] [ext: omni.kit.window.status_bar-0.1.7] startup
[7.390s] [ext: omni.rtx.window.settings-0.6.17] startup
[7.401s] [ext: omni.usd.metrics.assembler-106.5.0] startup
[7.411s] [ext: omni.physx.bundle-106.5.7] startup
[7.411s] [ext: isaacsim.app.about-2.0.7] startup
[7.417s] [ext: omni.replicator.isaac-2.0.3] startup
2026-03-16 15:22:13 [7,331ms] [Warning] [omni.replicator.isaac] omni.replicator.isaac has been deprecated in favor of isaacsim.replicator.domain_randomization, isaacsim.replicator.examples, isaacsim.replicator.writers. Please update your code accordingly.
[7.419s] [ext: omni.replicator.replicator_yaml-2.0.10] startup
[7.447s] [ext: omni.rtx.settings.core-0.6.3] startup
[7.458s] [ext: omni.usd.metrics.assembler.ui-106.5.0] startup
[7.468s] [ext: isaacsim.simulation_app-2.4.2] startup
[7.469s] [ext: omni.isaac.window.about-2.0.2] startup
2026-03-16 15:22:14 [7,383ms] [Warning] [omni.isaac.window.about] omni.isaac.window.about has been deprecated in favor of isaacsim.app.about. Please update your code accordingly.
2026-03-16 15:22:14 [7,383ms] [Warning] [omni.isaac.window.about.about] omni.isaac.window.about.about has been deprecated in favor of isaacsim.app.about.about. Please update your code accordingly.
[7.471s] [ext: semantics.schema.editor-0.3.10] startup
[7.476s] [ext: omni.kit.ui.actions-1.0.2] startup
[7.479s] [ext: semantics.schema.property-1.0.5] startup
[7.483s] [ext: omni.kit.manipulator.camera-106.0.3] startup
[7.490s] [ext: omni.isaac.kit-2.0.3] startup
2026-03-16 15:22:14 [7,403ms] [Warning] [omni.isaac.kit] omni.isaac.kit has been deprecated in favor of isaacsim.simulation_app. Please update your code accordingly.
[7.491s] [ext: omni.isaac.asset_browser-1.0.2] startup
2026-03-16 15:22:14 [7,404ms] [Warning] [omni.isaac.asset_browser] omni.isaac.asset_browser has been deprecated in favor of isaacsim.asset.browser. Please update your code accordingly.
[7.492s] [ext: isaacsim.core.throttling-2.0.2] startup
[7.495s] [ext: omni.kit.menu.common-1.1.9] startup
[7.498s] [ext: isaacsim.exp.base-4.5.0] startup
[7.499s] [ext: isaacsim.exp.base.python-4.5.0] startup
[7.500s] Simulation App Starting
[7.705s] app ready
2026-03-16 15:22:14 [7,730ms] [Warning] [rtx.neuraylib.plugin] [IRAY:RENDER]   1.1   IRAY   rend warn : GPU 1 (NVIDIA GeForce RTX 5060 Ti) with CUDA compute capability 12.0 is unsupported by this version of iray photoreal. Please look for an update with your software provider.
2026-03-16 15:22:14 [7,739ms] [Warning] [rtx.scenedb.plugin] SceneDbContext : TLAS limit buffer size 7508933632
2026-03-16 15:22:14 [7,739ms] [Warning] [rtx.scenedb.plugin] SceneDbContext : TLAS limit : valid false, within: false
2026-03-16 15:22:14 [7,739ms] [Warning] [rtx.scenedb.plugin] SceneDbContext : TLAS limit : decrement: 167690, decrement size: 7433845248
2026-03-16 15:22:14 [7,739ms] [Warning] [rtx.scenedb.plugin] SceneDbContext : New limit 9574251 (slope: 447, intercept: 13179904)
2026-03-16 15:22:14 [7,739ms] [Warning] [rtx.scenedb.plugin] SceneDbContext : TLAS limit buffer size 4287216384
2026-03-16 15:22:14 [7,739ms] [Warning] [rtx.scenedb.plugin] SceneDbContext : TLAS limit : valid true, within: true
2026-03-16 15:22:16 [9,588ms] [Warning] [omni.usd-abi.plugin] No setting was found for '/rtx-defaults-transient/meshlights/forceDisable'
2026-03-16 15:22:16 [9,612ms] [Warning] [omni.usd-abi.plugin] No setting was found for '/rtx-defaults/post/dlss/execMode'
[12.030s] Simulation App Startup Complete
[53.125s] Simulation App Shutting Down
