[Warning] [simulation_app.simulation_app] Modules: ['omni.kit_app'] were loaded before SimulationApp was started and might not be loaded correctly.
[Warning] [simulation_app.simulation_app] Please check to make sure no extra omniverse or pxr modules are imported before the call to SimulationApp(...)
[Info] [carb] Logging to file: c:/users/aa598/miniconda3/envs/robot_env_gpu/lib/site-packages/omni/logs/Kit/Isaac-Sim Python/4.5/kit_20260316_231117.log
2026-03-16 15:11:17 [0ms] [Warning] [omni.kit.app.plugin] No crash reporter present, dumps uploading isn't available.
[0.162s] [ext: omni.kit.async_engine-0.0.1] startup
[0.701s] [ext: omni.metrics.core-0.0.1] startup
[0.702s] [ext: omni.client.lib-1.0.0] startup
[0.726s] [ext: omni.blobkey-1.1.2] startup
[0.727s] [ext: omni.stats-1.0.1] startup
[0.731s] [ext: omni.datastore-0.0.0] startup
[0.734s] [ext: omni.client-1.2.2] startup
[0.743s] [ext: omni.ujitso.default-1.0.0] startup
[0.748s] [ext: omni.hsscclient-1.1.1] startup
2026-03-16 15:11:18 [662ms] [Warning] [omni.datastore] OmniHub is inaccessible
[0.758s] [ext: omni.gpu_foundation.shadercache.vulkan-1.0.0] startup
[0.766s] [ext: omni.assets.plugins-0.0.0] startup
[0.772s] [ext: omni.gpu_foundation-0.0.0] startup
[0.809s] [ext: carb.windowing.plugins-1.0.0] startup
[1.074s] [ext: omni.kit.renderer.init-0.0.0] startup
[1.076s] [ext: omni.kit.pipapi-0.0.0] startup
[1.090s] [ext: omni.kit.pip_archive-0.0.0] startup
[1.091s] [ext: omni.pip.compute-1.4.5] startup
[1.092s] [ext: omni.pip.cloud-1.1.7] startup
[1.097s] [ext: omni.isaac.core_archive-2.3.3] startup
[1.099s] [ext: omni.materialx.libs-1.0.6] startup
[1.117s] [ext: omni.isaac.ml_archive-2.1.2] startup
[1.118s] [ext: omni.usd.config-1.0.5] startup
[1.139s] [ext: omni.gpucompute.plugins-0.0.0] startup
[1.143s] [ext: omni.usd.libs-1.0.1] startup
[1.343s] [ext: omni.mdl-55.0.1] startup
[1.369s] [ext: omni.iray.libs-0.0.0] startup
[1.404s] [ext: omni.mdl.neuraylib-0.2.10] startup
[1.413s] [ext: omni.kit.usd.mdl-1.0.7] startup
[1.586s] [ext: omni.kit.telemetry-0.5.1] startup
[1.610s] [ext: omni.kit.loop-isaac-1.2.1] startup
[1.613s] [ext: omni.kit.test-1.1.2] startup
2026-03-16 15:11:19 [1,531ms] [Warning] [gpu.foundation.plugin] Skipping unsupported non-NVIDIA GPU: AMD Radeon RX 6800 XT
2026-03-16 15:11:19 [1,531ms] [Warning] [gpu.foundation.plugin] Skipping unsupported non-NVIDIA GPU: AMD Radeon(TM) Graphics
2026-03-16 15:11:19 [1,531ms] [Warning] [gpu.foundation.plugin] Skipping unsupported non-NVIDIA GPU: AMD Radeon RX 6800 XT
2026-03-16 15:11:19 [1,531ms] [Warning] [gpu.foundation.plugin] Skipping unsupported non-NVIDIA GPU: AMD Radeon(TM) Graphics
[1.774s] [ext: omni.appwindow-1.1.9] startup
[1.796s] [ext: omni.kit.renderer.core-1.0.2] startup
[1.806s] [ext: omni.kit.renderer.capture-0.0.0] startup
[1.815s] [ext: omni.kit.renderer.imgui-1.0.2] startup
[1.840s] [ext: omni.ui-2.26.5] startup
[1.859s] [ext: omni.kit.mainwindow-1.0.3] startup
[1.862s] [ext: carb.audio-0.1.0] startup
[1.865s] [ext: omni.uiaudio-1.0.0] startup
[1.870s] [ext: omni.kit.uiapp-0.0.0] startup
[1.871s] [ext: omni.usd.schema.metrics.assembler-106.5.0] startup
[1.881s] [ext: omni.usd.schema.anim-0.0.0] startup

|---------------------------------------------------------------------------------------------|
| Driver Version: 591.74        | Graphics API: Vulkan
|=============================================================================================|
| GPU | Name                             | Active | LDA | GPU Memory | Vendor-ID | LUID       |
|     |                                  |        |     |            | Device-ID | UUID       |
|     |                                  |        |     |            | Bus-ID    |            |
|---------------------------------------------------------------------------------------------|
| 0   | NVIDIA GeForce RTX 5060 Ti       | Yes: 0 |     | 16050   MB | 10de      | e9f80100.. |
|     |                                  |        |     |            | 2d04      | 2a21c339.. |
|     |                                  |        |     |            | a         |            |
|---------------------------------------------------------------------------------------------|
| 1   | AMD Radeon RX 6800 XT            |        |     | 16368   MB | 1002      | 0aaf0100.. |
|     |                                  |        |     |            | 73bf      | 00000000.. |
|     |                                  |        |     |            | N/A       |            |
|---------------------------------------------------------------------------------------------|
| 2   | AMD Radeon(TM) Graphics          |        |     | 2048    MB | 1002      | 9fe00100.. |
|     |                                  |        |     |            | 13c0      | 00000000.. |
|     |                                  |        |     |            | N/A       |            |
|=============================================================================================|
| OS: Windows 11 Pro, Version: 10.0 (25H2), Build: 26200, Kernel: 10.0.26100.8036
| Processor: AMD Ryzen 9 9900X 12-Core Processor            
| Cores: 12 | Logical Cores: 24
|---------------------------------------------------------------------------------------------|
| Total Memory (MB): 128668 | Free Memory: 81821
| Total Page/Swap (MB): 136860 | Free Page/Swap: 69776
|---------------------------------------------------------------------------------------------|
[1.939s] [ext: omni.usd.schema.omniscripting-1.0.0] startup
[1.957s] [ext: omni.usd.schema.geospatial-0.0.0] startup
[1.966s] [ext: omni.usd.schema.physx-106.5.7] startup
[1.997s] [ext: omni.usd.schema.audio-0.0.0] startup
[2.007s] [ext: omni.usd.schema.semantics-0.0.0] startup
[2.016s] [ext: omni.usd_resolver-1.0.0] startup
[2.026s] [ext: usdrt.scenegraph-7.5.1] startup
[2.091s] [ext: omni.kit.actions.core-1.0.0] startup
[2.098s] [ext: omni.timeline-1.0.11] startup
[2.102s] [ext: omni.usd.core-1.4.2] startup
[2.104s] [ext: omni.resourcemonitor-107.0.0] startup
[2.110s] [ext: omni.activity.core-1.0.1] startup
[2.114s] [ext: omni.kit.audiodeviceenum-1.0.1] startup
[2.119s] [ext: omni.hydra.usdrt_delegate-7.5.1] startup
[2.137s] [ext: omni.graph.exec-0.9.4] startup
[2.139s] [ext: omni.kit.window.popup_dialog-2.0.24] startup
[2.148s] [ext: omni.kit.exec.core-0.13.4] startup
[2.154s] [ext: omni.kit.widget.nucleus_connector-1.1.10] startup
[2.158s] [ext: omni.kit.usd_undo-0.1.8] startup
[2.160s] [ext: omni.kit.commands-1.4.9] startup
[2.172s] [ext: omni.hydra.scene_delegate-0.3.3] startup
[2.177s] [ext: omni.usd-1.12.4] startup
[2.244s] [ext: omni.kit.asset_converter-2.8.3] startup
[2.260s] [ext: omni.usd.schema.isaac-3.0.2] startup
[2.260s] [ext: isaacsim.robot.schema-3.1.3] startup
[2.277s] [ext: omni.usd.schema.omnigraph-1.0.0] startup
[2.290s] [ext: omni.inspect-1.0.1] startup
[2.294s] [ext: omni.kit.notification_manager-1.0.9] startup
[2.299s] [ext: omni.graph.core-2.181.8] startup
[2.303s] [ext: isaacsim.core.deprecation_manager-0.2.2] startup
[2.305s] [ext: omni.usd.schema.forcefield-106.5.7] startup
[2.315s] [ext: omni.kit.menu.core-1.1.2] startup
[2.317s] [ext: omni.kvdb-106.5.7] startup
[2.321s] [ext: omni.graph.tools-1.79.1] startup
[2.380s] [ext: omni.localcache-106.5.7] startup
[2.386s] [ext: omni.convexdecomposition-106.5.7] startup
[2.392s] [ext: omni.kit.widget.text_editor-1.0.2] startup
[2.396s] [ext: omni.kit.menu.utils-1.7.7] startup
[2.412s] [ext: omni.graph-1.140.2] startup
[2.556s] [ext: omni.kit.widget.path_field-2.0.11] startup
[2.558s] [ext: omni.graph.image.core-0.6.0] startup
[2.562s] [ext: omni.kit.usd.layers-2.2.0] startup
[2.576s] [ext: omni.kit.helper.file_utils-0.1.9] startup
[2.580s] [ext: omni.graph.image.nodes-1.3.0] startup
[2.584s] [ext: omni.kit.menu.create-1.0.17] startup
[2.587s] [ext: omni.physx.foundation-106.5.7] startup
[2.598s] [ext: omni.graph.nodes-1.162.1] startup
[2.611s] [ext: omni.kit.widget.browser_bar-2.0.10] startup
[2.615s] [ext: omni.kit.widget.filebrowser-2.10.52] startup
[2.626s] [ext: omni.kit.widget.context_menu-1.2.4] startup
[2.629s] [ext: omni.kit.clipboard-1.0.5] startup
[2.633s] [ext: omni.kit.widget.graph-1.12.17] startup
[2.645s] [ext: omni.ujitso.processor.texture-1.0.0] startup
[2.649s] [ext: omni.index.libs-380600.1777.0] startup
[2.649s] [ext: omni.ujitso.client-0.0.0] startup
[2.651s] [ext: omni.index-1.0.1] startup
[2.654s] [ext: omni.hydra.rtx.shadercache.vulkan-1.0.0] startup
[2.656s] [ext: omni.kit.widget.options_menu-1.1.6] startup
[2.665s] [ext: omni.volume-0.5.0] startup
[2.672s] [ext: omni.ui.scene-1.11.2] startup
[2.679s] [ext: omni.kit.widget.options_button-1.0.3] startup
[2.681s] [ext: omni.hydra.rtx-1.0.0] startup
[2.727s] [ext: omni.kit.window.filepicker-2.11.7] startup
[2.758s] [ext: omni.kit.graph.delegate.default-1.2.2] startup
[2.761s] [ext: omni.kit.hydra_texture-1.4.0] startup
[2.766s] [ext: omni.kit.window.file_importer-1.1.14] startup
[2.773s] [ext: omni.kit.context_menu-1.8.3] startup
[2.778s] [ext: omni.kit.widget.searchfield-1.1.8] startup
[2.782s] [ext: omni.kit.graph.usd.commands-1.3.1] startup
[2.790s] [ext: omni.kit.widget.material_preview-1.0.16] startup
[2.795s] [ext: omni.kit.material.library-1.5.15] startup
[2.804s] [ext: omni.kit.graph.editor.core-1.5.3] startup
[2.811s] [ext: omni.graph.action_core-1.1.7] startup
[2.817s] [ext: omni.kit.stage_template.core-1.1.22] startup
[2.820s] [ext: omni.kit.widget.filter-1.1.4] startup
[2.822s] [ext: omni.kit.hotkeys.core-1.3.10] startup
[2.824s] [ext: omni.kit.window.file_exporter-1.0.31] startup
[2.827s] [ext: omni.kit.property.adapter.core-1.0.2] startup
[2.833s] [ext: omni.kit.window.drop_support-1.0.4] startup
[2.835s] [ext: omni.kit.window.file-1.3.57] startup
[2.841s] [ext: omni.kit.window.content_browser_registry-0.0.6] startup
[2.843s] [ext: omni.kit.widget.searchable_combobox-1.0.6] startup
[2.846s] [ext: omni.kit.widget.highlight_label-1.0.3] startup
[2.848s] [ext: omni.kit.window.content_browser-2.10.3] startup
2026-03-16 15:11:20 [2,767ms] [Warning] [omni.ext._impl._internal] Found class `WrappedClass` derived from `omni.ext.IExt` in module: 'omni.kit.window.content_browser', but it was imported from other extension: 'C:\Users\aa598\miniconda3\envs\robot_env_gpu\Lib\site-packages\omni\kernel\py\omni\kit\app\_impl\__init__.py', which is not a subpath to: 'c:\users\aa598\miniconda3\envs\robot_env_gpu\lib\site-packages\isaacsim\extscache\omni.kit.window.content_browser-2.10.3+d02c707b'. Do not import `IExt` derived class from other extension in your public namespace.
[3.229s] [ext: omni.kit.widget.stage-2.11.6] startup
[3.251s] [ext: omni.kit.property.adapter.usd-1.0.2] startup
[3.255s] [ext: omni.kit.widget.settings-1.2.2] startup
[3.259s] [ext: omni.kit.window.property-1.11.5] startup
[3.266s] [ext: omni.kit.property.adapter.fabric-1.0.3] startup
[3.271s] [ext: omni.kit.window.preferences-1.7.0] startup
[3.285s] [ext: omni.kit.property.usd-4.2.16] startup
[3.303s] [ext: omni.kit.window.material_graph-1.8.19] startup
[3.478s] [ext: omni.usdphysics-106.5.7] startup
[3.481s] [ext: omni.graph.action_nodes-1.40.1] startup
[3.486s] [ext: omni.kit.scripting-106.5.2] startup
[3.500s] [ext: omni.physx.cooking-106.5.7] startup
[3.507s] [ext: isaacsim.core.version-2.0.2] startup
[3.509s] [ext: omni.graph.action-1.120.0] startup
[3.511s] [ext: omni.warp.core-1.5.0] startup
[3.516s] [ext: omni.physx-106.5.7] startup
[3.531s] [ext: isaacsim.storage.native-1.0.6] startup
[3.541s] [ext: omni.warp-1.5.0] startup
[3.564s] [ext: isaacsim.replicator.behavior-1.0.8] startup
[3.568s] [ext: omni.kit.viewport.scene_camera_model-1.0.5] startup
[3.573s] [ext: omni.kit.viewport.legacy_gizmos-1.0.16] startup
[3.576s] [ext: omni.kit.viewport.registry-104.0.6] startup
[3.578s] [ext: omni.kit.widget.viewport-107.0.7] startup
[3.597s] [ext: omni.kit.raycast.query-1.0.5] startup
[3.605s] [ext: omni.hydra.engine.stats-1.0.3] startup
[3.610s] [ext: omni.kit.viewport.menubar.core-107.1.2] startup
[3.666s] [ext: omni.kit.viewport.window-107.0.8] startup
[3.702s] [ext: omni.kit.manipulator.viewport-107.0.1] startup
[3.705s] [ext: omni.ui_query-1.1.7] startup
[3.707s] [ext: omni.kit.viewport.utility-1.0.18] startup
[3.709s] [ext: omni.kit.window.extensions-1.4.25] startup
[3.722s] [ext: omni.kit.ui_test-1.3.3] startup
[3.726s] [ext: omni.graph.visualization.nodes-2.1.1] startup
[3.735s] [ext: omni.kit.widget.stage_icons-1.0.6] startup
[3.739s] [ext: isaacsim.gui.components-1.0.9] startup
[3.749s] [ext: omni.kit.window.stage-2.5.11] startup
[3.759s] [ext: omni.physx.stageupdate-106.5.7] startup
[3.767s] [ext: omni.kit.numpy.common-0.1.2] startup
[3.771s] [ext: omni.kit.menu.stage-1.2.5] startup
[3.773s] [ext: omni.isaac.dynamic_control-1.3.15] startup
2026-03-16 15:11:21 [3,693ms] [Warning] [omni.isaac.dynamic_control] omni.isaac.dynamic_control is deprecated as of Isaac Sim 4.5. No action is needed from end-users.
[3.782s] [ext: omni.kit.usd.collect-2.2.22] startup
[3.787s] [ext: omni.physics.tensors-106.5.7] startup
[3.796s] [ext: isaacsim.core.utils-2.2.8] startup
[3.801s] [ext: omni.kit.widget.zoombar-1.0.5] startup
[3.805s] [ext: omni.physx.tensors-106.5.7] startup
[3.809s] [ext: omni.kit.widget.prompt-1.0.7] startup
[3.811s] [ext: omni.kit.browser.core-2.3.11] startup
[3.821s] [ext: isaacsim.core.simulation_manager-0.3.3] startup
[5.576s] [ext: omni.kit.tool.collect-2.2.16] startup
[5.584s] [ext: omni.kit.browser.folder.core-1.10.1] startup
[5.605s] [ext: isaacsim.core.cloner-1.3.4] startup
[5.608s] [ext: isaacsim.examples.browser-0.1.8] startup
[5.615s] [ext: omni.isaac.cloner-1.0.2] startup
2026-03-16 15:11:23 [5,529ms] [Warning] [omni.isaac.cloner] omni.isaac.cloner has been deprecated in favor of isaacsim.core.cloner. Please update your code accordingly.
[5.618s] [ext: omni.kit.primitive.mesh-1.0.17] startup
[5.628s] [ext: omni.syntheticdata-0.6.10] startup
[5.652s] [ext: omni.graph.scriptnode-1.40.1] startup
[5.656s] [ext: omni.kit.stage_templates-1.2.6] startup
[5.669s] [ext: isaacsim.core.prims-0.3.7] startup
[5.723s] [ext: omni.replicator.core-1.11.35] startup
2026-03-16 15:11:23 [5,743ms] [Warning] [omni.replicator.core.scripts.extension] No material configuration file, adding configuration to material settings directly.
[5.835s] [ext: isaacsim.core.api-4.2.16] startup
[5.877s] [ext: omni.kit.tool.asset_importer-2.12.2] startup
[5.899s] [ext: isaacsim.core.nodes-2.1.4] startup
[5.922s] [ext: isaacsim.asset.importer.urdf-2.3.10] startup
[6.193s] [ext: omni.isaac.core-4.0.3] startup
2026-03-16 15:11:23 [6,108ms] [Warning] [omni.isaac.core.physics_context.physics_context] omni.isaac.core.physics_context.physics_context has been deprecated in favor of isaacsim.core.api.physics_context.physics_context. Please update your code accordingly.
2026-03-16 15:11:23 [6,112ms] [Warning] [omni.isaac.core.simulation_context.simulation_context] omni.isaac.core.simulation_context.simulation_context has been deprecated in favor of isaacsim.core.api.simulation_context.simulation_context. Please update your code accordingly.
2026-03-16 15:11:23 [6,116ms] [Warning] [omni.isaac.core.world.world] omni.isaac.core.world.world has been deprecated in favor of isaacsim.core.api.world.world. Please update your code accordingly.
2026-03-16 15:11:23 [6,116ms] [Warning] [omni.isaac.core] omni.isaac.core has been deprecated in favor of isaacsim.core.api. Please update your code accordingly.
[6.204s] [ext: omni.isaac.core_nodes-2.0.2] startup
2026-03-16 15:11:23 [6,119ms] [Warning] [omni.isaac.core_nodes] omni.isaac.core_nodes has been deprecated in favor of isaacsim.core.nodes. Please update your code accordingly.
[6.208s] [ext: omni.anim.curve.core-1.2.0] startup
[6.227s] [ext: isaacsim.asset.importer.mjcf-2.3.3] startup
[6.240s] [ext: isaacsim.asset.browser-1.3.4] startup
[6.537s] [ext: isaacsim.robot_motion.lula-4.0.4] startup
[6.563s] [ext: omni.isaac.assets_check-0.3.9] startup
2026-03-16 15:11:24 [6,476ms] [Warning] [omni.isaac.assets_check] omni.isaac.assets_check has been deprecated in favor of isaacsim.asset.browser. Please update your code accordingly.
[6.565s] [ext: isaacsim.robot_motion.motion_generation-8.0.6] startup
[6.584s] [ext: isaacsim.robot.surface_gripper-2.0.6] startup
[6.593s] [ext: omni.kit.selection-0.1.5] startup
[6.598s] [ext: isaacsim.robot_motion.lula_test_widget-1.0.5] startup
[6.605s] [ext: isaacsim.robot.manipulators-3.0.4] startup
[6.618s] [ext: isaacsim.gui.menu-2.0.9] startup
[6.645s] [ext: omni.isaac.lula_test_widget-1.0.2] startup
2026-03-16 15:11:24 [6,559ms] [Warning] [omni.isaac.lula_test_widget] omni.isaac.lula_test_widget has been deprecated in favor of isaacsim.robot_motion.lula_test_widget. Please update your code accordingly.
[6.648s] [ext: omni.isaac.manipulators-3.0.3] startup
2026-03-16 15:11:24 [6,562ms] [Warning] [omni.isaac.manipulators] omni.isaac.manipulators has been deprecated in favor of isaacsim.robot.manipulators. Please update your code accordingly.
2026-03-16 15:11:24 [6,564ms] [Warning] [omni.isaac.manipulators.controllers] omni.isaac.manipulators has been deprecated in favor of isaacsim.robot.manipulators. Please update your code accordingly.
2026-03-16 15:11:24 [6,566ms] [Warning] [omni.isaac.manipulators.controllers.pick_place_controller] omni.isaac.manipulators has been deprecated in favor of isaacsim.robot.manipulators. Please update your code accordingly.
2026-03-16 15:11:24 [6,568ms] [Warning] [omni.isaac.manipulators.controllers.stacking_controller] omni.isaac.manipulators has been deprecated in favor of isaacsim.robot.manipulators. Please update your code accordingly.
2026-03-16 15:11:24 [6,568ms] [Warning] [omni.isaac.manipulators.grippers] omni.isaac.manipulators has been deprecated in favor of isaacsim.robot.manipulators. Please update your code accordingly.
2026-03-16 15:11:24 [6,569ms] [Warning] [omni.isaac.manipulators.grippers.gripper] omni.isaac.manipulators has been deprecated in favor of isaacsim.robot.manipulators. Please update your code accordingly.
2026-03-16 15:11:24 [6,569ms] [Warning] [omni.isaac.manipulators.grippers.parallel_gripper] omni.isaac.manipulators has been deprecated in favor of isaacsim.robot.manipulators. Please update your code accordingly.
2026-03-16 15:11:24 [6,570ms] [Warning] [omni.isaac.manipulators.grippers.surface_gripper] omni.isaac.manipulators has been deprecated in favor of isaacsim.robot.manipulators. Please update your code accordingly.
2026-03-16 15:11:24 [6,571ms] [Warning] [omni.isaac.manipulators.manipulators] omni.isaac.manipulators has been deprecated in favor of isaacsim.robot.manipulators. Please update your code accordingly.
2026-03-16 15:11:24 [6,572ms] [Warning] [omni.isaac.manipulators.manipulators.single_manipulator] omni.isaac.manipulators has been deprecated in favor of isaacsim.robot.manipulators. Please update your code accordingly.
[6.660s] [ext: omni.isaac.menu-1.0.2] startup
2026-03-16 15:11:24 [6,574ms] [Warning] [omni.isaac.menu] omni.isaac.menu has been deprecated in favor of isaacsim.gui.menu. Please update your code accordingly.
[6.662s] [ext: isaacsim.sensors.physics-0.3.6] startup
[6.675s] [ext: isaacsim.util.debug_draw-2.0.3] startup
[6.684s] [ext: omni.isaac.motion_generation-8.0.2] startup
2026-03-16 15:11:24 [6,598ms] [Warning] [omni.isaac.motion_generation] omni.isaac.motion_generation has been deprecated in favor of isaacsim.robot_motion.motion_generation. Please update your code accordingly.
2026-03-16 15:11:24 [6,600ms] [Warning] [omni.isaac.motion_generation.articulation_kinematics_solver] omni.isaac.motion_generation has been deprecated in favor of isaacsim.robot_motion.motion_generation. Please update your code accordingly.
2026-03-16 15:11:24 [6,600ms] [Warning] [omni.isaac.motion_generation.articulation_motion_policy] omni.isaac.motion_generation has been deprecated in favor of isaacsim.robot_motion.motion_generation. Please update your code accordingly.
2026-03-16 15:11:24 [6,601ms] [Warning] [omni.isaac.motion_generation.articulation_trajectory] omni.isaac.motion_generation has been deprecated in favor of isaacsim.robot_motion.motion_generation. Please update your code accordingly.
2026-03-16 15:11:24 [6,602ms] [Warning] [omni.isaac.motion_generation.kinematics_interface] omni.isaac.motion_generation has been deprecated in favor of isaacsim.robot_motion.motion_generation. Please update your code accordingly.
2026-03-16 15:11:24 [6,602ms] [Warning] [omni.isaac.motion_generation.lula] omni.isaac.motion_generation has been deprecated in favor of isaacsim.robot_motion.motion_generation. Please update your code accordingly.
2026-03-16 15:11:24 [6,603ms] [Warning] [omni.isaac.motion_generation.lula.kinematics] omni.isaac.motion_generation has been deprecated in favor of isaacsim.robot_motion.motion_generation. Please update your code accordingly.
2026-03-16 15:11:24 [6,604ms] [Warning] [omni.isaac.motion_generation.lula.motion_policies] omni.isaac.motion_generation has been deprecated in favor of isaacsim.robot_motion.motion_generation. Please update your code accordingly.
2026-03-16 15:11:24 [6,605ms] [Warning] [omni.isaac.motion_generation.lula.path_planners] omni.isaac.motion_generation has been deprecated in favor of isaacsim.robot_motion.motion_generation. Please update your code accordingly.
2026-03-16 15:11:24 [6,606ms] [Warning] [omni.isaac.motion_generation.lula.trajectory_generator] omni.isaac.motion_generation has been deprecated in favor of isaacsim.robot_motion.motion_generation. Please update your code accordingly.
2026-03-16 15:11:24 [6,606ms] [Warning] [omni.isaac.motion_generation.motion_policy_controller] omni.isaac.motion_generation has been deprecated in favor of isaacsim.robot_motion.motion_generation. Please update your code accordingly.
2026-03-16 15:11:24 [6,608ms] [Warning] [omni.isaac.motion_generation.motion_policy_interface] omni.isaac.motion_generation has been deprecated in favor of isaacsim.robot_motion.motion_generation. Please update your code accordingly.
2026-03-16 15:11:24 [6,609ms] [Warning] [omni.isaac.motion_generation.path_planner_visualizer] omni.isaac.motion_generation has been deprecated in favor of isaacsim.robot_motion.motion_generation. Please update your code accordingly.
2026-03-16 15:11:24 [6,610ms] [Warning] [omni.isaac.motion_generation.path_planning_interface] omni.isaac.motion_generation has been deprecated in favor of isaacsim.robot_motion.motion_generation. Please update your code accordingly.
2026-03-16 15:11:24 [6,611ms] [Warning] [omni.isaac.motion_generation.trajectory] omni.isaac.motion_generation has been deprecated in favor of isaacsim.robot_motion.motion_generation. Please update your code accordingly.
2026-03-16 15:11:24 [6,612ms] [Warning] [omni.isaac.motion_generation.world_interface] omni.isaac.motion_generation has been deprecated in favor of isaacsim.robot_motion.motion_generation. Please update your code accordingly.
[6.700s] [ext: omni.sensors.nv.common-2.5.0-coreapi] startup
[6.732s] [ext: isaacsim.robot.policy.examples-4.0.3] startup
[6.737s] [ext: isaacsim.sensors.physx-2.2.5] startup
[6.749s] [ext: omni.isaac.nucleus-1.0.3] startup
2026-03-16 15:11:24 [6,662ms] [Warning] [omni.isaac.nucleus] omni.isaac.nucleus has been deprecated in favor of isaacsim.storage.native. Please update your code accordingly.
2026-03-16 15:11:24 [6,663ms] [Warning] [omni.isaac.nucleus.nucleus] omni.isaac.nucleus.nucleus has been deprecated in favor of isaacsim.storage.native. Please update your code accordingly.
[6.752s] [ext: omni.sensors.nv.materials-1.4.0-coreapi] startup
[6.769s] [ext: omni.isaac.quadruped-3.0.2] startup
2026-03-16 15:11:24 [6,683ms] [Warning] [omni.isaac.quadruped] omni.isaac.quadruped has been deprecated in favor of isaacsim.robot.policy.examples. Please update your code accordingly.
[6.771s] [ext: omni.isaac.range_sensor-4.0.2] startup
[6.778s] [ext: omni.sensors.nv.wpm-2.4.0-coreapi] startup
[6.786s] [ext: omni.sensors.nv.lidar-2.6.3-coreapi] startup
[6.796s] [ext: omni.sensors.nv.ids-1.4.0-coreapi] startup
[6.801s] [ext: omni.sensors.tiled-0.0.6] startup
[6.805s] [ext: omni.sensors.nv.radar-2.6.1-coreapi] startup
[6.824s] [ext: isaacsim.robot.manipulators.examples-1.0.3] startup
[6.827s] [ext: isaacsim.sensors.camera-0.2.9] startup
[6.841s] [ext: omni.kit.widget.toolbar-1.7.3] startup
[6.869s] [ext: isaacsim.sensors.rtx-13.6.4] startup
[6.882s] [ext: omni.kit.manipulator.transform-106.0.1] startup
[6.899s] [ext: isaacsim.cortex.framework-1.0.2] startup
[6.904s] [ext: omni.kit.manipulator.selector-1.1.1] startup
[6.911s] [ext: omni.isaac.sensor-13.0.3] startup
2026-03-16 15:11:24 [6,824ms] [Warning] [omni.isaac.sensor] omni.isaac.sensor has been deprecated in favor of isaacsim.sensors.camera, isaacsim.sensors.physics, isaacsim.sensors.physx, and isaacsim.sensors.rtx. Please update your code accordingly.
2026-03-16 15:11:24 [6,825ms] [Warning] [omni.isaac.sensor.camera] omni.isaac.sensor.camera has been deprecated in favor of isaacsim.sensors.camera.camera. Please update your code accordingly.
2026-03-16 15:11:24 [6,826ms] [Warning] [omni.isaac.sensor.camera_view] omni.isaac.sensor.camera_view has been deprecated in favor of isaacsim.sensors.camera.camera_view. Please update your code accordingly.
2026-03-16 15:11:24 [6,827ms] [Warning] [omni.isaac.sensor.commands] omni.isaac.sensor.commands has been deprecated in favor of isaacsim.sensors.physics.commands, isaacsim.sensors.physx.commands, and isaacsim.sensors.rtx.commands. Please update your code accordingly.
2026-03-16 15:11:24 [6,828ms] [Warning] [omni.isaac.sensor.contact_sensor] omni.isaac.sensor.contact_sensor has been deprecated in favor of isaacsim.sensors.physics.contact_sensor. Please update your code accordingly.
2026-03-16 15:11:24 [6,829ms] [Warning] [omni.isaac.sensor.imu_sensor] omni.isaac.sensor.imu_sensor has been deprecated in favor of isaacsim.sensors.physics.imu_sensor. Please update your code accordingly.
2026-03-16 15:11:24 [6,831ms] [Warning] [omni.isaac.sensor.lidar_rtx] omni.isaac.sensor.lidar_rtx has been deprecated in favor of isaacsim.sensors.rtx.lidar_rtx. Please update your code accordingly.
2026-03-16 15:11:24 [6,832ms] [Warning] [omni.isaac.sensor.rotating_lidar_physX] omni.isaac.sensor.imu_sensor has been deprecated in favor of isaacsim.sensors.physix.rotating_lidar_physX. Please update your code accordingly.
2026-03-16 15:11:24 [6,837ms] [Warning] [omni.isaac.sensor.scripts.samples.contact_sensor] omni.isaac.sensor.scripts.samples.contact_sensor has been deprecated in favor of isaacsim.sensors.physics.scripts.samples.contact_sensor. Please update your code accordingly.
2026-03-16 15:11:24 [6,838ms] [Warning] [omni.isaac.sensor.scripts.samples.imu_sensor] omni.isaac.sensor.scripts.samples.imu_sensor has been deprecated in favor of isaacsim.sensors.physics.scripts.samples.imu_sensor. Please update your code accordingly.
2026-03-16 15:11:24 [6,839ms] [Warning] [omni.isaac.sensor.scripts.samples.lightbeam_sensor] omni.isaac.sensor.scripts.samples.lightbeam_sensor has been deprecated in favor of isaacsim.sensors.physx.scripts.samples.lightbeam_sensor. Please update your code accordingly.
[6.928s] [ext: omni.kit.manipulator.tool.snap-1.5.12] startup
[6.947s] [ext: omni.isaac.surface_gripper-2.0.2] startup
2026-03-16 15:11:24 [6,861ms] [Warning] [omni.isaac.surface_gripper] omni.isaac.surface_gripper has been deprecated in favor of isaacsim.robot.surface_gripper. Please update your code accordingly.
[6.949s] [ext: omni.isaac.cortex-1.0.2] startup
2026-03-16 15:11:24 [6,864ms] [Warning] [omni.isaac.cortex] omni.isaac.cortex has been deprecated in favor of isaacsim.cortex.framework. Please update your code accordingly.
[6.952s] [ext: isaacsim.cortex.behaviors-2.0.3] startup
[6.955s] [ext: omni.kit.viewport.manipulator.transform-107.0.4] startup
[6.961s] [ext: omni.isaac.universal_robots-1.0.2] startup
2026-03-16 15:11:24 [6,874ms] [Warning] [omni.isaac.universal_robots] omni.isaac.universal_robots has been deprecated in favor of isaacsim.robot.manipulators.examples.universal_robots. Please update your code accordingly.
2026-03-16 15:11:24 [6,874ms] [Warning] [omni.isaac.universal_robots.kinematics_solver] omni.isaac.franka has been deprecated in favor of isaacsim.robot.manipulators.examples.universal_robots. Please update your code accordingly.
2026-03-16 15:11:24 [6,877ms] [Warning] [omni.isaac.universal_robots.ur10] omni.isaac.franka has been deprecated in favor of isaacsim.robot.manipulators.examples.universal_robots. Please update your code accordingly.
[6.966s] [ext: omni.isaac.utils-2.0.2] startup
[6.970s] [ext: omni.isaac.cortex.sample_behaviors-2.0.2] startup
2026-03-16 15:11:24 [6,883ms] [Warning] [omni.isaac.cortex.sample_behaviors] omni.isaac.cortex.sample_behaviors has been deprecated in favor of isaacsim.cortex.behaviors. Please update your code accordingly.
[6.971s] [ext: omni.kit.manipulator.prim.core-107.0.7] startup
[6.987s] [ext: omni.fabric.commands-1.1.5] startup
[6.995s] [ext: omni.kit.viewport.actions-107.0.0] startup
[7.002s] [ext: omni.kit.manipulator.prim.usd-107.0.3] startup
[7.006s] [ext: omni.kit.manipulator.prim.fabric-107.0.4] startup
[7.010s] [ext: omni.kit.viewport.menubar.display-107.0.3] startup
[7.016s] [ext: omni.kit.widget.layers-1.8.2] startup
[7.044s] [ext: omni.kit.manipulator.selection-106.0.1] startup
[7.049s] [ext: omni.kit.manipulator.prim-107.0.0] startup
[7.049s] [ext: omni.debugdraw-0.1.3] startup
[7.056s] [ext: omni.graph.ui_nodes-1.40.1] startup
[7.062s] [ext: omni.physx.commands-106.5.7] startup
[7.067s] [ext: omni.usdphysics.ui-106.5.7] startup
[7.094s] [ext: omni.kit.property.audio-1.0.16] startup
[7.099s] [ext: omni.kit.property.camera-1.0.9] startup
[7.102s] [ext: omni.kit.property.geometry-1.3.3] startup
[7.114s] [ext: omni.hydra.scene_api-0.1.2] startup
[7.123s] [ext: omni.physx.ui-106.5.7] startup
[7.163s] [ext: omni.kit.property.material-1.10.17] startup
[7.183s] [ext: omni.kit.property.light-1.0.11] startup
[7.188s] [ext: omni.kit.property.render-1.1.3] startup
[7.191s] [ext: omni.kit.property.transform-1.5.10] startup
[7.199s] [ext: isaacsim.gui.property-1.0.4] startup
[7.204s] [ext: omni.kit.property.physx-106.5.7] startup
[7.247s] [ext: omni.physx.demos-106.5.7] startup
[7.309s] [ext: omni.isaac.lula-4.0.2] startup
2026-03-16 15:11:24 [7,223ms] [Warning] [omni.isaac.lula] omni.isaac.lula has been deprecated in favor of isaacsim.robot_motion.lula. Please update your code accordingly.
[7.312s] [ext: omni.kit.property.bundle-1.3.2] startup
[7.316s] [ext: omni.kit.property.isaac-1.0.2] startup
2026-03-16 15:11:24 [7,230ms] [Warning] [omni.kit.property.isaac] omni.kit.property.isaac has been deprecated in favor of isaacsim.gui.property. Please update your code accordingly.
2026-03-16 15:11:24 [7,231ms] [Warning] [omni.kit.property.isaac.widgets] omni.kit.property.isaac.widgets has been deprecated in favor of isaacsim.gui.property.widgets. Please update your code accordingly.
2026-03-16 15:11:24 [7,231ms] [Warning] [omni.ext._impl._internal] Found class `IsaacPropertyWidgets` derived from `omni.ext.IExt` in module: 'omni.kit.property.isaac', but it was imported from other extension: 'c:/users/aa598/miniconda3/envs/robot_env_gpu/lib/site-packages/omni/data/kit/isaac-sim python/4.5/exts/3/isaacsim.gui.property-1.0.4+106.5.0/isaacsim/gui/property/widgets.py', which is not a subpath to: 'c:\users\aa598\miniconda3\envs\robot_env_gpu\lib\site-packages\omni\data\kit\isaac-sim python\4.5\exts\3\omni.kit.property.isaac-1.0.2+106.5.0'. Do not import `IExt` derived class from other extension in your public namespace.
[7.320s] [ext: omni.kit.viewport.menubar.camera-107.0.2] startup
[7.334s] [ext: omni.physx.vehicle-106.5.7] startup
[7.374s] [ext: omni.kit.viewport.menubar.lighting-106.0.2] startup
[7.382s] [ext: omni.kit.viewport.menubar.render-107.0.8] startup
[7.390s] [ext: omni.kit.viewport.menubar.settings-107.0.3] startup
[7.400s] [ext: omni.kit.window.console-0.2.14] startup
[7.412s] [ext: omni.physx.camera-106.5.7] startup
[7.429s] [ext: omni.kit.window.toolbar-1.6.2] startup
[7.436s] [ext: omni.isaac.version-2.0.2] startup
2026-03-16 15:11:24 [7,349ms] [Warning] [omni.isaac.version] omni.isaac.version has been deprecated in favor of isaacsim.core.version. Please update your code accordingly.
[7.437s] [ext: isaacsim.robot.wheeled_robots-4.0.4] startup
2026-03-16 15:11:24 [7,368ms] [Error] [omni.ext._impl.custom_importer] Failed to import python module isaacsim.robot.wheeled_robots. Error: DLL load failed while importing _isaacsim_robot_wheeled_robots: 檔名或副檔名太長。. Traceback:
Traceback (most recent call last):
  File "C:\Users\aa598\miniconda3\envs\robot_env_gpu\Lib\site-packages\omni\kernel\py\omni\ext\_impl\custom_importer.py", line 76, in import_module
    return importlib.import_module(name)
  File "C:\Users\aa598\miniconda3\envs\robot_env_gpu\lib\importlib\__init__.py", line 126, in import_module
    return _bootstrap._gcd_import(name[level:], package, level)
  File "<frozen importlib._bootstrap>", line 1050, in _gcd_import
  File "<frozen importlib._bootstrap>", line 1027, in _find_and_load
  File "<frozen importlib._bootstrap>", line 1006, in _find_and_load_unlocked
  File "<frozen importlib._bootstrap>", line 688, in _load_unlocked
  File "<frozen importlib._bootstrap_external>", line 883, in exec_module
  File "<frozen importlib._bootstrap>", line 241, in _call_with_frames_removed
  File "c:/users/aa598/miniconda3/envs/robot_env_gpu/lib/site-packages/omni/data/kit/isaac-sim python/4.5/exts/3/isaacsim.robot.wheeled_robots-4.0.4+106.5.0.wx64.r.cp310/isaacsim/robot/wheeled_robots/__init__.py", line 10, in <module>
    from .impl.extension import Extension
  File "c:/users/aa598/miniconda3/envs/robot_env_gpu/lib/site-packages/omni/data/kit/isaac-sim python/4.5/exts/3/isaacsim.robot.wheeled_robots-4.0.4+106.5.0.wx64.r.cp310/isaacsim/robot/wheeled_robots/impl/__init__.py", line 11, in <module>
    from .extension import *
  File "c:/users/aa598/miniconda3/envs/robot_env_gpu/lib/site-packages/omni/data/kit/isaac-sim python/4.5/exts/3/isaacsim.robot.wheeled_robots-4.0.4+106.5.0.wx64.r.cp310/isaacsim/robot/wheeled_robots/impl/extension.py", line 12, in <module>
    from isaacsim.robot.wheeled_robots.bindings._isaacsim_robot_wheeled_robots import (
ImportError: DLL load failed while importing _isaacsim_robot_wheeled_robots: 檔名或副檔名太長。

2026-03-16 15:11:24 [7,368ms] [Error] [carb.scripting-python.plugin] Exception: Extension python module: 'isaacsim.robot.wheeled_robots' in 'c:\users\aa598\miniconda3\envs\robot_env_gpu\lib\site-packages\omni\data\kit\isaac-sim python\4.5\exts\3\isaacsim.robot.wheeled_robots-4.0.4+106.5.0.wx64.r.cp310' failed to load.

At:
  C:\Users\aa598\miniconda3\envs\robot_env_gpu\Lib\site-packages\omni\kernel\py\omni\ext\_impl\_internal.py(213): startup
  C:\Users\aa598\miniconda3\envs\robot_env_gpu\Lib\site-packages\omni\kernel\py\omni\ext\_impl\_internal.py(328): startup_extension
  PythonExtension.cpp::startup()(2): <module>
  C:\Users\aa598\miniconda3\envs\robot_env_gpu\Lib\site-packages\isaacsim\exts\isaacsim.simulation_app\isaacsim\simulation_app\simulation_app.py(427): _start_app
  C:\Users\aa598\miniconda3\envs\robot_env_gpu\Lib\site-packages\isaacsim\exts\isaacsim.simulation_app\isaacsim\simulation_app\simulation_app.py(212): __init__
  C:\Users\aa598\archimedes-survey\mechanics\isaac_sim_beach.py(21): <module>

2026-03-16 15:11:24 [7,368ms] [Error] [omni.ext.plugin] [ext: isaacsim.robot.wheeled_robots-4.0.4] Failed to startup python extension.
[7.762s] [ext: omni.physx.cct-106.5.7] startup
2026-03-16 15:11:25 [7,683ms] [Error] [omni.graph.core._impl.extension] OGN node registration completed with errors: DLL load failed while importing _isaacsim_robot_wheeled_robots: 檔名或副檔名太長。
[7.781s] [ext: omni.physx.graph-106.5.7] startup
[7.803s] [ext: isaacsim.replicator.writers-1.0.1] startup
[7.855s] [ext: omni.physx.supportui-106.5.7] startup
[7.888s] [ext: omni.physx.telemetry-106.5.7] startup
[7.900s] [ext: omni.isaac.wheeled_robots-3.0.3] startup
2026-03-16 15:11:25 [7,813ms] [Warning] [omni.isaac.wheeled_robots] omni.isaac.wheeled_robots has been deprecated in favor of isaacsim.robot.wheeled_robots. Please update your code accordingly.
2026-03-16 15:11:25 [7,814ms] [Warning] [omni.isaac.wheeled_robots.controllers] omni.isaac.wheeled_robots has been deprecated in favor of isaacsim.robot.wheeled_robots. Please update your code accordingly.
2026-03-16 15:11:25 [7,815ms] [Warning] [omni.isaac.wheeled_robots.controllers.ackermann_controller] omni.isaac.wheeled_robots has been deprecated in favor of isaacsim.robot.wheeled_robots. Please update your code accordingly.
2026-03-16 15:11:25 [7,816ms] [Warning] [omni.isaac.wheeled_robots.controllers.differential_controller] omni.isaac.wheeled_robots has been deprecated in favor of isaacsim.robot.wheeled_robots. Please update your code accordingly.
2026-03-16 15:11:25 [7,816ms] [Warning] [omni.isaac.wheeled_robots.controllers.holonomic_controller] omni.isaac.wheeled_robots has been deprecated in favor of isaacsim.robot.wheeled_robots. Please update your code accordingly.
2026-03-16 15:11:25 [7,817ms] [Warning] [omni.isaac.wheeled_robots.controllers.quintic_path_planner] omni.isaac.wheeled_robots has been deprecated in favor of isaacsim.robot.wheeled_robots. Please update your code accordingly.
2026-03-16 15:11:25 [7,817ms] [Warning] [omni.isaac.wheeled_robots.controllers.stanley_control] omni.isaac.wheeled_robots has been deprecated in favor of isaacsim.robot.wheeled_robots. Please update your code accordingly.
2026-03-16 15:11:25 [7,818ms] [Warning] [omni.isaac.wheeled_robots.controllers.wheel_base_pose_controller] omni.isaac.wheeled_robots has been deprecated in favor of isaacsim.robot.wheeled_robots. Please update your code accordingly.
2026-03-16 15:11:25 [7,818ms] [Warning] [omni.isaac.wheeled_robots.impl] omni.isaac.wheeled_robots has been deprecated in favor of isaacsim.robot.wheeled_robots. Please update your code accordingly.
2026-03-16 15:11:25 [7,819ms] [Warning] [omni.isaac.wheeled_robots.robots] omni.isaac.wheeled_robots has been deprecated in favor of isaacsim.robot.wheeled_robots. Please update your code accordingly.
2026-03-16 15:11:25 [7,819ms] [Warning] [omni.isaac.wheeled_robots.robots.holonomic_robot_usd_setup] omni.isaac.wheeled_robots has been deprecated in favor of isaacsim.robot.wheeled_robots. Please update your code accordingly.
2026-03-16 15:11:25 [7,822ms] [Error] [omni.ext._impl.custom_importer] Failed to import python module omni.isaac.wheeled_robots. Error: DLL load failed while importing _isaacsim_robot_wheeled_robots: 檔名或副檔名太長。. Traceback:
Traceback (most recent call last):
  File "C:\Users\aa598\miniconda3\envs\robot_env_gpu\Lib\site-packages\omni\kernel\py\omni\ext\_impl\custom_importer.py", line 76, in import_module
    return importlib.import_module(name)
  File "C:\Users\aa598\miniconda3\envs\robot_env_gpu\lib\importlib\__init__.py", line 126, in import_module
    return _bootstrap._gcd_import(name[level:], package, level)
  File "<frozen importlib._bootstrap>", line 1050, in _gcd_import
  File "<frozen importlib._bootstrap>", line 1027, in _find_and_load
  File "<frozen importlib._bootstrap>", line 1006, in _find_and_load_unlocked
  File "<frozen importlib._bootstrap>", line 688, in _load_unlocked
  File "<frozen importlib._bootstrap_external>", line 883, in exec_module
  File "<frozen importlib._bootstrap>", line 241, in _call_with_frames_removed
  File "c:/users/aa598/miniconda3/envs/robot_env_gpu/lib/site-packages/omni/data/kit/isaac-sim python/4.5/exts/3/omni.isaac.wheeled_robots-3.0.3+106.5.0/omni/isaac/wheeled_robots/__init__.py", line 23, in <module>
    from .robots import *
  File "c:/users/aa598/miniconda3/envs/robot_env_gpu/lib/site-packages/omni/data/kit/isaac-sim python/4.5/exts/3/omni.isaac.wheeled_robots-3.0.3+106.5.0/omni/isaac/wheeled_robots/robots/__init__.py", line 22, in <module>
    from .holonomic_robot_usd_setup import *
  File "c:/users/aa598/miniconda3/envs/robot_env_gpu/lib/site-packages/omni/data/kit/isaac-sim python/4.5/exts/3/omni.isaac.wheeled_robots-3.0.3+106.5.0/omni/isaac/wheeled_robots/robots/holonomic_robot_usd_setup.py", line 17, in <module>
    from isaacsim.robot.wheeled_robots.robots.holonomic_robot_usd_setup import *
  File "c:/users/aa598/miniconda3/envs/robot_env_gpu/lib/site-packages/omni/data/kit/isaac-sim python/4.5/exts/3/isaacsim.robot.wheeled_robots-4.0.4+106.5.0.wx64.r.cp310/isaacsim/robot/wheeled_robots/__init__.py", line 10, in <module>
    from .impl.extension import Extension
  File "c:/users/aa598/miniconda3/envs/robot_env_gpu/lib/site-packages/omni/data/kit/isaac-sim python/4.5/exts/3/isaacsim.robot.wheeled_robots-4.0.4+106.5.0.wx64.r.cp310/isaacsim/robot/wheeled_robots/impl/__init__.py", line 11, in <module>
    from .extension import *
  File "c:/users/aa598/miniconda3/envs/robot_env_gpu/lib/site-packages/omni/data/kit/isaac-sim python/4.5/exts/3/isaacsim.robot.wheeled_robots-4.0.4+106.5.0.wx64.r.cp310/isaacsim/robot/wheeled_robots/impl/extension.py", line 12, in <module>
    from isaacsim.robot.wheeled_robots.bindings._isaacsim_robot_wheeled_robots import (
ImportError: DLL load failed while importing _isaacsim_robot_wheeled_robots: 檔名或副檔名太長。

2026-03-16 15:11:25 [7,822ms] [Error] [carb.scripting-python.plugin] Exception: Extension python module: 'omni.isaac.wheeled_robots' in 'c:\users\aa598\miniconda3\envs\robot_env_gpu\lib\site-packages\omni\data\kit\isaac-sim python\4.5\exts\3\omni.isaac.wheeled_robots-3.0.3+106.5.0' failed to load.

At:
  C:\Users\aa598\miniconda3\envs\robot_env_gpu\Lib\site-packages\omni\kernel\py\omni\ext\_impl\_internal.py(213): startup
  C:\Users\aa598\miniconda3\envs\robot_env_gpu\Lib\site-packages\omni\kernel\py\omni\ext\_impl\_internal.py(328): startup_extension
  PythonExtension.cpp::startup()(2): <module>
  C:\Users\aa598\miniconda3\envs\robot_env_gpu\Lib\site-packages\isaacsim\exts\isaacsim.simulation_app\isaacsim\simulation_app\simulation_app.py(427): _start_app
  C:\Users\aa598\miniconda3\envs\robot_env_gpu\Lib\site-packages\isaacsim\exts\isaacsim.simulation_app\isaacsim\simulation_app\simulation_app.py(212): __init__
  C:\Users\aa598\archimedes-survey\mechanics\isaac_sim_beach.py(21): <module>

2026-03-16 15:11:25 [7,822ms] [Error] [omni.ext.plugin] [ext: omni.isaac.wheeled_robots-3.0.3] Failed to startup python extension.
[8.205s] [ext: omni.isaac.franka-1.0.2] startup
2026-03-16 15:11:25 [8,120ms] [Warning] [omni.isaac.wheeled_robots] omni.isaac.wheeled_robots has been deprecated in favor of isaacsim.robot.wheeled_robots. Please update your code accordingly.
2026-03-16 15:11:25 [8,120ms] [Warning] [omni.isaac.wheeled_robots.controllers] omni.isaac.wheeled_robots has been deprecated in favor of isaacsim.robot.wheeled_robots. Please update your code accordingly.
2026-03-16 15:11:25 [8,121ms] [Warning] [omni.isaac.franka] omni.isaac.franka has been deprecated in favor of isaacsim.robot.manipulators.examples.franka. Please update your code accordingly.
2026-03-16 15:11:25 [8,121ms] [Warning] [omni.isaac.wheeled_robots.controllers.ackermann_controller] omni.isaac.wheeled_robots has been deprecated in favor of isaacsim.robot.wheeled_robots. Please update your code accordingly.
2026-03-16 15:11:25 [8,122ms] [Warning] [omni.isaac.franka.franka] omni.isaac.franka has been deprecated in favor of isaacsim.robot.manipulators.examples.franka. Please update your code accordingly.
2026-03-16 15:11:25 [8,122ms] [Warning] [omni.isaac.wheeled_robots.controllers.differential_controller] omni.isaac.wheeled_robots has been deprecated in favor of isaacsim.robot.wheeled_robots. Please update your code accordingly.
2026-03-16 15:11:25 [8,122ms] [Warning] [omni.isaac.wheeled_robots.controllers.holonomic_controller] omni.isaac.wheeled_robots has been deprecated in favor of isaacsim.robot.wheeled_robots. Please update your code accordingly.
2026-03-16 15:11:25 [8,123ms] [Warning] [omni.isaac.wheeled_robots.controllers.quintic_path_planner] omni.isaac.wheeled_robots has been deprecated in favor of isaacsim.robot.wheeled_robots. Please update your code accordingly.
2026-03-16 15:11:25 [8,124ms] [Warning] [omni.isaac.wheeled_robots.controllers.stanley_control] omni.isaac.wheeled_robots has been deprecated in favor of isaacsim.robot.wheeled_robots. Please update your code accordingly.
2026-03-16 15:11:25 [8,124ms] [Warning] [omni.isaac.wheeled_robots.controllers.wheel_base_pose_controller] omni.isaac.wheeled_robots has been deprecated in favor of isaacsim.robot.wheeled_robots. Please update your code accordingly.
2026-03-16 15:11:25 [8,125ms] [Warning] [omni.isaac.wheeled_robots.impl] omni.isaac.wheeled_robots has been deprecated in favor of isaacsim.robot.wheeled_robots. Please update your code accordingly.
2026-03-16 15:11:25 [8,125ms] [Warning] [omni.isaac.franka.kinematics_solver] omni.isaac.franka has been deprecated in favor of isaacsim.robot.manipulators.examples.franka. Please update your code accordingly.
[8.214s] [ext: isaacsim.replicator.domain_randomization-1.0.2] startup
2026-03-16 15:11:25 [8,127ms] [Warning] [omni.isaac.wheeled_robots.robots] omni.isaac.wheeled_robots has been deprecated in favor of isaacsim.robot.wheeled_robots. Please update your code accordingly.
2026-03-16 15:11:25 [8,128ms] [Warning] [omni.isaac.wheeled_robots.robots.holonomic_robot_usd_setup] omni.isaac.wheeled_robots has been deprecated in favor of isaacsim.robot.wheeled_robots. Please update your code accordingly.
2026-03-16 15:11:25 [8,131ms] [Error] [omni.graph.core._impl.extension] OGN node registration completed with errors: DLL load failed while importing _isaacsim_robot_wheeled_robots: 檔名或副檔名太長。
[8.224s] [ext: isaacsim.replicator.examples-1.1.2] startup
[8.230s] [ext: omni.kit.window.status_bar-0.1.7] startup
[8.242s] [ext: omni.rtx.window.settings-0.6.17] startup
[8.258s] [ext: omni.usd.metrics.assembler-106.5.0] startup
[8.268s] [ext: omni.physx.bundle-106.5.7] startup
[8.269s] [ext: isaacsim.app.about-2.0.7] startup
[8.276s] [ext: omni.replicator.isaac-2.0.3] startup
2026-03-16 15:11:25 [8,191ms] [Warning] [omni.replicator.isaac] omni.replicator.isaac has been deprecated in favor of isaacsim.replicator.domain_randomization, isaacsim.replicator.examples, isaacsim.replicator.writers. Please update your code accordingly.
[8.280s] [ext: omni.replicator.replicator_yaml-2.0.10] startup
[8.315s] [ext: omni.rtx.settings.core-0.6.3] startup
[8.325s] [ext: omni.usd.metrics.assembler.ui-106.5.0] startup
[8.335s] [ext: isaacsim.simulation_app-2.4.2] startup
[8.336s] [ext: omni.isaac.window.about-2.0.2] startup
2026-03-16 15:11:25 [8,250ms] [Warning] [omni.isaac.window.about] omni.isaac.window.about has been deprecated in favor of isaacsim.app.about. Please update your code accordingly.
2026-03-16 15:11:25 [8,251ms] [Warning] [omni.isaac.window.about.about] omni.isaac.window.about.about has been deprecated in favor of isaacsim.app.about.about. Please update your code accordingly.
[8.339s] [ext: semantics.schema.editor-0.3.10] startup
[8.346s] [ext: omni.kit.ui.actions-1.0.2] startup
[8.350s] [ext: semantics.schema.property-1.0.5] startup
[8.354s] [ext: omni.kit.manipulator.camera-106.0.3] startup
[8.364s] [ext: omni.isaac.kit-2.0.3] startup
2026-03-16 15:11:25 [8,276ms] [Warning] [omni.isaac.kit] omni.isaac.kit has been deprecated in favor of isaacsim.simulation_app. Please update your code accordingly.
[8.365s] [ext: omni.isaac.asset_browser-1.0.2] startup
2026-03-16 15:11:25 [8,278ms] [Warning] [omni.isaac.asset_browser] omni.isaac.asset_browser has been deprecated in favor of isaacsim.asset.browser. Please update your code accordingly.
[8.366s] [ext: isaacsim.core.throttling-2.0.2] startup
[8.369s] [ext: omni.kit.menu.common-1.1.9] startup
[8.372s] [ext: isaacsim.exp.base-4.5.0] startup
[8.373s] [ext: isaacsim.exp.base.python-4.5.0] startup
[8.375s] Simulation App Starting
[8.837s] app ready
2026-03-16 15:11:26 [8,801ms] [Warning] [rtx.neuraylib.plugin] [IRAY:RENDER]   1.1   IRAY   rend warn : GPU 1 (NVIDIA GeForce RTX 5060 Ti) with CUDA compute capability 12.0 is unsupported by this version of iray photoreal. Please look for an update with your software provider.
2026-03-16 15:11:26 [8,812ms] [Warning] [rtx.scenedb.plugin] SceneDbContext : TLAS limit buffer size 7508933632
2026-03-16 15:11:26 [8,812ms] [Warning] [rtx.scenedb.plugin] SceneDbContext : TLAS limit : valid false, within: false
2026-03-16 15:11:26 [8,812ms] [Warning] [rtx.scenedb.plugin] SceneDbContext : TLAS limit : decrement: 167690, decrement size: 7433845248
2026-03-16 15:11:26 [8,812ms] [Warning] [rtx.scenedb.plugin] SceneDbContext : New limit 9574251 (slope: 447, intercept: 13179904)
2026-03-16 15:11:26 [8,812ms] [Warning] [rtx.scenedb.plugin] SceneDbContext : TLAS limit buffer size 4287216384
2026-03-16 15:11:26 [8,812ms] [Warning] [rtx.scenedb.plugin] SceneDbContext : TLAS limit : valid true, within: true
2026-03-16 15:11:28 [10,943ms] [Warning] [omni.usd-abi.plugin] No setting was found for '/rtx-defaults-transient/meshlights/forceDisable'
2026-03-16 15:11:28 [10,967ms] [Warning] [omni.usd-abi.plugin] No setting was found for '/rtx-defaults/post/dlss/execMode'
[13.625s] Simulation App Startup Complete
2026-03-16 15:11:42 [24,444ms] [Warning] [omni.fabric.plugin] getTypes called on non-existent path /OmniKit_Viewport_LightRig
[95.848s] Simulation App Shutting Down
