[Warning] [simulation_app.simulation_app] Modules: ['omni.kit_app'] were loaded before SimulationApp was started and might not be loaded correctly.
[Warning] [simulation_app.simulation_app] Please check to make sure no extra omniverse or pxr modules are imported before the call to SimulationApp(...)
[Info] [carb] Logging to file: c:/users/aa598/miniconda3/envs/robot_env_gpu/lib/site-packages/omni/logs/Kit/Isaac-Sim Python/4.5/kit_20260316_223015.log
2026-03-16 14:30:15 [0ms] [Warning] [omni.kit.app.plugin] No crash reporter present, dumps uploading isn't available.
[0.163s] [ext: omni.kit.async_engine-0.0.1] startup
[0.620s] [ext: omni.metrics.core-0.0.1] startup
[0.622s] [ext: omni.client.lib-1.0.0] startup
[0.645s] [ext: omni.blobkey-1.1.2] startup
[0.647s] [ext: omni.stats-1.0.1] startup
[0.650s] [ext: omni.datastore-0.0.0] startup
[0.653s] [ext: omni.client-1.2.2] startup
[0.662s] [ext: omni.ujitso.default-1.0.0] startup
[0.667s] [ext: omni.hsscclient-1.1.1] startup
2026-03-16 14:30:16 [575ms] [Warning] [omni.datastore] OmniHub is inaccessible
[0.676s] [ext: omni.gpu_foundation.shadercache.vulkan-1.0.0] startup
[0.685s] [ext: omni.assets.plugins-0.0.0] startup
[0.691s] [ext: omni.gpu_foundation-0.0.0] startup
[0.731s] [ext: carb.windowing.plugins-1.0.0] startup
[0.997s] [ext: omni.kit.renderer.init-0.0.0] startup
[1.001s] [ext: omni.kit.pipapi-0.0.0] startup
[1.015s] [ext: omni.kit.pip_archive-0.0.0] startup
[1.016s] [ext: omni.pip.compute-1.4.5] startup
[1.017s] [ext: omni.pip.cloud-1.1.7] startup
[1.023s] [ext: omni.isaac.core_archive-2.3.3] startup
[1.025s] [ext: omni.materialx.libs-1.0.6] startup
[1.054s] [ext: omni.isaac.ml_archive-2.1.2] startup
[1.055s] [ext: omni.usd.config-1.0.5] startup
[1.074s] [ext: omni.gpucompute.plugins-0.0.0] startup
[1.079s] [ext: omni.usd.libs-1.0.1] startup
[1.307s] [ext: omni.mdl-55.0.1] startup
[1.332s] [ext: omni.iray.libs-0.0.0] startup
[1.370s] [ext: omni.mdl.neuraylib-0.2.10] startup
[1.378s] [ext: omni.kit.usd.mdl-1.0.7] startup
[1.567s] [ext: omni.kit.telemetry-0.5.1] startup
[1.591s] [ext: omni.kit.loop-isaac-1.2.1] startup
[1.595s] [ext: omni.kit.test-1.1.2] startup
2026-03-16 14:30:17 [1,502ms] [Warning] [gpu.foundation.plugin] Skipping unsupported non-NVIDIA GPU: AMD Radeon RX 6800 XT
2026-03-16 14:30:17 [1,502ms] [Warning] [gpu.foundation.plugin] Skipping unsupported non-NVIDIA GPU: AMD Radeon(TM) Graphics
2026-03-16 14:30:17 [1,502ms] [Warning] [gpu.foundation.plugin] Skipping unsupported non-NVIDIA GPU: AMD Radeon RX 6800 XT
2026-03-16 14:30:17 [1,502ms] [Warning] [gpu.foundation.plugin] Skipping unsupported non-NVIDIA GPU: AMD Radeon(TM) Graphics
[1.750s] [ext: omni.appwindow-1.1.9] startup
[1.770s] [ext: omni.kit.renderer.core-1.0.2] startup
[1.779s] [ext: omni.kit.renderer.capture-0.0.0] startup
[1.788s] [ext: omni.kit.renderer.imgui-1.0.2] startup
[1.812s] [ext: omni.ui-2.26.5] startup
[1.830s] [ext: omni.kit.mainwindow-1.0.3] startup
[1.833s] [ext: carb.audio-0.1.0] startup
[1.836s] [ext: omni.uiaudio-1.0.0] startup
[1.842s] [ext: omni.kit.uiapp-0.0.0] startup
[1.842s] [ext: omni.usd.schema.metrics.assembler-106.5.0] startup
[1.853s] [ext: omni.usd.schema.anim-0.0.0] startup

|---------------------------------------------------------------------------------------------|
| Driver Version: 591.74        | Graphics API: Vulkan
|=============================================================================================|
| GPU | Name                             | Active | LDA | GPU Memory | Vendor-ID | LUID       |
|     |                                  |        |     |            | Device-ID | UUID       |
|     |                                  |        |     |            | Bus-ID    |            |
|---------------------------------------------------------------------------------------------|
| 0   | NVIDIA GeForce RTX 5060 Ti       | Yes: 0 |     | 16050   MB | 10de      | e9f80100.. |
|     |                                  |        |     |            | 2d04      | 2a21c339.. |
|     |                                  |        |     |            | a         |            |
|---------------------------------------------------------------------------------------------|
| 1   | AMD Radeon RX 6800 XT            |        |     | 16368   MB | 1002      | 0aaf0100.. |
|     |                                  |        |     |            | 73bf      | 00000000.. |
|     |                                  |        |     |            | N/A       |            |
|---------------------------------------------------------------------------------------------|
| 2   | AMD Radeon(TM) Graphics          |        |     | 2048    MB | 1002      | 9fe00100.. |
|     |                                  |        |     |            | 13c0      | 00000000.. |
|     |                                  |        |     |            | N/A       |            |
|=============================================================================================|
| OS: Windows 11 Pro, Version: 10.0 (25H2), Build: 26200, Kernel: 10.0.26100.8036
| Processor: AMD Ryzen 9 9900X 12-Core Processor            
| Cores: 12 | Logical Cores: 24
|---------------------------------------------------------------------------------------------|
| Total Memory (MB): 128668 | Free Memory: 82222
| Total Page/Swap (MB): 136860 | Free Page/Swap: 70695
|---------------------------------------------------------------------------------------------|
[1.912s] [ext: omni.usd.schema.omniscripting-1.0.0] startup
[1.927s] [ext: omni.usd.schema.geospatial-0.0.0] startup
[1.938s] [ext: omni.usd.schema.physx-106.5.7] startup
[1.972s] [ext: omni.usd.schema.audio-0.0.0] startup
[1.981s] [ext: omni.usd.schema.semantics-0.0.0] startup
[1.989s] [ext: omni.usd_resolver-1.0.0] startup
[2.005s] [ext: usdrt.scenegraph-7.5.1] startup
[2.069s] [ext: omni.kit.actions.core-1.0.0] startup
[2.076s] [ext: omni.timeline-1.0.11] startup
[2.082s] [ext: omni.usd.core-1.4.2] startup
[2.084s] [ext: omni.resourcemonitor-107.0.0] startup
[2.089s] [ext: omni.activity.core-1.0.1] startup
[2.093s] [ext: omni.kit.audiodeviceenum-1.0.1] startup
[2.097s] [ext: omni.hydra.usdrt_delegate-7.5.1] startup
[2.114s] [ext: omni.graph.exec-0.9.4] startup
[2.116s] [ext: omni.kit.window.popup_dialog-2.0.24] startup
[2.124s] [ext: omni.kit.exec.core-0.13.4] startup
[2.129s] [ext: omni.kit.widget.nucleus_connector-1.1.10] startup
[2.133s] [ext: omni.kit.usd_undo-0.1.8] startup
[2.135s] [ext: omni.kit.commands-1.4.9] startup
[2.145s] [ext: omni.hydra.scene_delegate-0.3.3] startup
[2.149s] [ext: omni.usd-1.12.4] startup
[2.213s] [ext: omni.kit.asset_converter-2.8.3] startup
[2.226s] [ext: omni.usd.schema.isaac-3.0.2] startup
[2.226s] [ext: isaacsim.robot.schema-3.1.3] startup
[2.242s] [ext: omni.usd.schema.omnigraph-1.0.0] startup
[2.254s] [ext: omni.inspect-1.0.1] startup
[2.258s] [ext: omni.kit.notification_manager-1.0.9] startup
[2.263s] [ext: omni.graph.core-2.181.8] startup
[2.267s] [ext: isaacsim.core.deprecation_manager-0.2.2] startup
[2.269s] [ext: omni.usd.schema.forcefield-106.5.7] startup
[2.280s] [ext: omni.kit.menu.core-1.1.2] startup
[2.282s] [ext: omni.kvdb-106.5.7] startup
[2.286s] [ext: omni.graph.tools-1.79.1] startup
[2.343s] [ext: omni.localcache-106.5.7] startup
[2.348s] [ext: omni.convexdecomposition-106.5.7] startup
[2.354s] [ext: omni.kit.widget.text_editor-1.0.2] startup
[2.359s] [ext: omni.kit.menu.utils-1.7.7] startup
[2.374s] [ext: omni.graph-1.140.2] startup
[2.513s] [ext: omni.kit.widget.path_field-2.0.11] startup
[2.516s] [ext: omni.graph.image.core-0.6.0] startup
[2.518s] [ext: omni.kit.usd.layers-2.2.0] startup
[2.532s] [ext: omni.kit.helper.file_utils-0.1.9] startup
[2.536s] [ext: omni.graph.image.nodes-1.3.0] startup
[2.540s] [ext: omni.kit.menu.create-1.0.17] startup
[2.543s] [ext: omni.physx.foundation-106.5.7] startup
[2.553s] [ext: omni.graph.nodes-1.162.1] startup
[2.564s] [ext: omni.kit.widget.browser_bar-2.0.10] startup
[2.567s] [ext: omni.kit.widget.filebrowser-2.10.52] startup
[2.578s] [ext: omni.kit.widget.context_menu-1.2.4] startup
[2.580s] [ext: omni.kit.clipboard-1.0.5] startup
[2.583s] [ext: omni.kit.widget.graph-1.12.17] startup
[2.594s] [ext: omni.ujitso.processor.texture-1.0.0] startup
[2.598s] [ext: omni.index.libs-380600.1777.0] startup
[2.598s] [ext: omni.ujitso.client-0.0.0] startup
[2.600s] [ext: omni.index-1.0.1] startup
[2.602s] [ext: omni.hydra.rtx.shadercache.vulkan-1.0.0] startup
[2.605s] [ext: omni.kit.widget.options_menu-1.1.6] startup
[2.612s] [ext: omni.volume-0.5.0] startup
[2.619s] [ext: omni.ui.scene-1.11.2] startup
[2.626s] [ext: omni.kit.widget.options_button-1.0.3] startup
[2.628s] [ext: omni.hydra.rtx-1.0.0] startup
[2.671s] [ext: omni.kit.window.filepicker-2.11.7] startup
[2.700s] [ext: omni.kit.graph.delegate.default-1.2.2] startup
[2.703s] [ext: omni.kit.hydra_texture-1.4.0] startup
[2.709s] [ext: omni.kit.window.file_importer-1.1.14] startup
[2.716s] [ext: omni.kit.context_menu-1.8.3] startup
[2.721s] [ext: omni.kit.widget.searchfield-1.1.8] startup
[2.725s] [ext: omni.kit.graph.usd.commands-1.3.1] startup
[2.733s] [ext: omni.kit.widget.material_preview-1.0.16] startup
[2.737s] [ext: omni.kit.material.library-1.5.15] startup
[2.747s] [ext: omni.kit.graph.editor.core-1.5.3] startup
[2.753s] [ext: omni.graph.action_core-1.1.7] startup
[2.759s] [ext: omni.kit.stage_template.core-1.1.22] startup
[2.760s] [ext: omni.kit.widget.filter-1.1.4] startup
[2.763s] [ext: omni.kit.hotkeys.core-1.3.10] startup
[2.764s] [ext: omni.kit.window.file_exporter-1.0.31] startup
[2.766s] [ext: omni.kit.property.adapter.core-1.0.2] startup
[2.772s] [ext: omni.kit.window.drop_support-1.0.4] startup
[2.774s] [ext: omni.kit.window.file-1.3.57] startup
[2.780s] [ext: omni.kit.window.content_browser_registry-0.0.6] startup
[2.782s] [ext: omni.kit.widget.searchable_combobox-1.0.6] startup
[2.785s] [ext: omni.kit.widget.highlight_label-1.0.3] startup
[2.787s] [ext: omni.kit.window.content_browser-2.10.3] startup
2026-03-16 14:30:18 [2,699ms] [Warning] [omni.ext._impl._internal] Found class `WrappedClass` derived from `omni.ext.IExt` in module: 'omni.kit.window.content_browser', but it was imported from other extension: 'C:\Users\aa598\miniconda3\envs\robot_env_gpu\Lib\site-packages\omni\kernel\py\omni\kit\app\_impl\__init__.py', which is not a subpath to: 'c:\users\aa598\miniconda3\envs\robot_env_gpu\lib\site-packages\isaacsim\extscache\omni.kit.window.content_browser-2.10.3+d02c707b'. Do not import `IExt` derived class from other extension in your public namespace.
[3.168s] [ext: omni.kit.widget.stage-2.11.6] startup
[3.188s] [ext: omni.kit.property.adapter.usd-1.0.2] startup
[3.192s] [ext: omni.kit.widget.settings-1.2.2] startup
[3.196s] [ext: omni.kit.window.property-1.11.5] startup
[3.203s] [ext: omni.kit.property.adapter.fabric-1.0.3] startup
[3.207s] [ext: omni.kit.window.preferences-1.7.0] startup
[3.220s] [ext: omni.kit.property.usd-4.2.16] startup
[3.238s] [ext: omni.kit.window.material_graph-1.8.19] startup
[3.411s] [ext: omni.usdphysics-106.5.7] startup
[3.414s] [ext: omni.graph.action_nodes-1.40.1] startup
[3.419s] [ext: omni.kit.scripting-106.5.2] startup
[3.436s] [ext: omni.physx.cooking-106.5.7] startup
[3.443s] [ext: isaacsim.core.version-2.0.2] startup
[3.447s] [ext: omni.graph.action-1.120.0] startup
[3.448s] [ext: omni.warp.core-1.5.0] startup
[3.454s] [ext: omni.physx-106.5.7] startup
[3.468s] [ext: isaacsim.storage.native-1.0.6] startup
[3.473s] [ext: omni.warp-1.5.0] startup
[3.506s] [ext: isaacsim.replicator.behavior-1.0.8] startup
[3.510s] [ext: omni.kit.viewport.scene_camera_model-1.0.5] startup
[3.515s] [ext: omni.kit.viewport.legacy_gizmos-1.0.16] startup
[3.520s] [ext: omni.kit.viewport.registry-104.0.6] startup
[3.523s] [ext: omni.kit.widget.viewport-107.0.7] startup
[3.544s] [ext: omni.kit.raycast.query-1.0.5] startup
[3.555s] [ext: omni.hydra.engine.stats-1.0.3] startup
[3.562s] [ext: omni.kit.viewport.menubar.core-107.1.2] startup
[3.624s] [ext: omni.kit.viewport.window-107.0.8] startup
[3.666s] [ext: omni.kit.manipulator.viewport-107.0.1] startup
[3.670s] [ext: omni.ui_query-1.1.7] startup
[3.672s] [ext: omni.kit.viewport.utility-1.0.18] startup
[3.674s] [ext: omni.kit.window.extensions-1.4.25] startup
[3.690s] [ext: omni.kit.ui_test-1.3.3] startup
[3.694s] [ext: omni.graph.visualization.nodes-2.1.1] startup
[3.704s] [ext: omni.kit.widget.stage_icons-1.0.6] startup
[3.709s] [ext: isaacsim.gui.components-1.0.9] startup
[3.721s] [ext: omni.kit.window.stage-2.5.11] startup
[3.735s] [ext: omni.physx.stageupdate-106.5.7] startup
[3.745s] [ext: omni.kit.numpy.common-0.1.2] startup
[3.749s] [ext: omni.kit.menu.stage-1.2.5] startup
[3.752s] [ext: omni.isaac.dynamic_control-1.3.15] startup
2026-03-16 14:30:19 [3,666ms] [Warning] [omni.isaac.dynamic_control] omni.isaac.dynamic_control is deprecated as of Isaac Sim 4.5. No action is needed from end-users.
[3.762s] [ext: omni.kit.usd.collect-2.2.22] startup
[3.768s] [ext: omni.physics.tensors-106.5.7] startup
[3.778s] [ext: isaacsim.core.utils-2.2.8] startup
[3.783s] [ext: omni.kit.widget.zoombar-1.0.5] startup
[3.788s] [ext: omni.physx.tensors-106.5.7] startup
[3.793s] [ext: omni.kit.widget.prompt-1.0.7] startup
[3.795s] [ext: omni.kit.browser.core-2.3.11] startup
[3.808s] [ext: isaacsim.core.simulation_manager-0.3.3] startup
[5.622s] [ext: omni.kit.tool.collect-2.2.16] startup
[5.628s] [ext: omni.kit.browser.folder.core-1.10.1] startup
[5.645s] [ext: isaacsim.core.cloner-1.3.4] startup
[5.648s] [ext: isaacsim.examples.browser-0.1.8] startup
[5.655s] [ext: omni.isaac.cloner-1.0.2] startup
2026-03-16 14:30:21 [5,562ms] [Warning] [omni.isaac.cloner] omni.isaac.cloner has been deprecated in favor of isaacsim.core.cloner. Please update your code accordingly.
[5.657s] [ext: omni.kit.primitive.mesh-1.0.17] startup
[5.665s] [ext: omni.syntheticdata-0.6.10] startup
[5.689s] [ext: omni.graph.scriptnode-1.40.1] startup
[5.694s] [ext: omni.kit.stage_templates-1.2.6] startup
[5.705s] [ext: isaacsim.core.prims-0.3.7] startup
[5.752s] [ext: omni.replicator.core-1.11.35] startup
2026-03-16 14:30:21 [5,762ms] [Warning] [omni.replicator.core.scripts.extension] No material configuration file, adding configuration to material settings directly.
[5.859s] [ext: isaacsim.core.api-4.2.16] startup
[5.895s] [ext: omni.kit.tool.asset_importer-2.12.2] startup
[5.909s] [ext: isaacsim.core.nodes-2.1.4] startup
[5.931s] [ext: isaacsim.asset.importer.urdf-2.3.10] startup
[6.198s] [ext: omni.isaac.core-4.0.3] startup
2026-03-16 14:30:21 [6,106ms] [Warning] [omni.isaac.core.physics_context.physics_context] omni.isaac.core.physics_context.physics_context has been deprecated in favor of isaacsim.core.api.physics_context.physics_context. Please update your code accordingly.
2026-03-16 14:30:21 [6,110ms] [Warning] [omni.isaac.core.simulation_context.simulation_context] omni.isaac.core.simulation_context.simulation_context has been deprecated in favor of isaacsim.core.api.simulation_context.simulation_context. Please update your code accordingly.
2026-03-16 14:30:21 [6,113ms] [Warning] [omni.isaac.core.world.world] omni.isaac.core.world.world has been deprecated in favor of isaacsim.core.api.world.world. Please update your code accordingly.
2026-03-16 14:30:21 [6,113ms] [Warning] [omni.isaac.core] omni.isaac.core has been deprecated in favor of isaacsim.core.api. Please update your code accordingly.
[6.208s] [ext: omni.isaac.core_nodes-2.0.2] startup
2026-03-16 14:30:21 [6,116ms] [Warning] [omni.isaac.core_nodes] omni.isaac.core_nodes has been deprecated in favor of isaacsim.core.nodes. Please update your code accordingly.
[6.211s] [ext: omni.anim.curve.core-1.2.0] startup
[6.230s] [ext: isaacsim.asset.importer.mjcf-2.3.3] startup
[6.240s] [ext: isaacsim.asset.browser-1.3.4] startup
[6.539s] [ext: isaacsim.robot_motion.lula-4.0.4] startup
[6.560s] [ext: omni.isaac.assets_check-0.3.9] startup
2026-03-16 14:30:21 [6,467ms] [Warning] [omni.isaac.assets_check] omni.isaac.assets_check has been deprecated in favor of isaacsim.asset.browser. Please update your code accordingly.
[6.562s] [ext: isaacsim.robot_motion.motion_generation-8.0.6] startup
[6.578s] [ext: isaacsim.robot.surface_gripper-2.0.6] startup
[6.586s] [ext: omni.kit.selection-0.1.5] startup
[6.590s] [ext: isaacsim.robot_motion.lula_test_widget-1.0.5] startup
[6.595s] [ext: isaacsim.robot.manipulators-3.0.4] startup
[6.605s] [ext: isaacsim.gui.menu-2.0.9] startup
[6.630s] [ext: omni.isaac.lula_test_widget-1.0.2] startup
2026-03-16 14:30:22 [6,538ms] [Warning] [omni.isaac.lula_test_widget] omni.isaac.lula_test_widget has been deprecated in favor of isaacsim.robot_motion.lula_test_widget. Please update your code accordingly.
[6.633s] [ext: omni.isaac.manipulators-3.0.3] startup
2026-03-16 14:30:22 [6,541ms] [Warning] [omni.isaac.manipulators] omni.isaac.manipulators has been deprecated in favor of isaacsim.robot.manipulators. Please update your code accordingly.
2026-03-16 14:30:22 [6,542ms] [Warning] [omni.isaac.manipulators.controllers] omni.isaac.manipulators has been deprecated in favor of isaacsim.robot.manipulators. Please update your code accordingly.
2026-03-16 14:30:22 [6,545ms] [Warning] [omni.isaac.manipulators.controllers.pick_place_controller] omni.isaac.manipulators has been deprecated in favor of isaacsim.robot.manipulators. Please update your code accordingly.
2026-03-16 14:30:22 [6,548ms] [Warning] [omni.isaac.manipulators.controllers.stacking_controller] omni.isaac.manipulators has been deprecated in favor of isaacsim.robot.manipulators. Please update your code accordingly.
2026-03-16 14:30:22 [6,549ms] [Warning] [omni.isaac.manipulators.grippers] omni.isaac.manipulators has been deprecated in favor of isaacsim.robot.manipulators. Please update your code accordingly.
2026-03-16 14:30:22 [6,549ms] [Warning] [omni.isaac.manipulators.grippers.gripper] omni.isaac.manipulators has been deprecated in favor of isaacsim.robot.manipulators. Please update your code accordingly.
2026-03-16 14:30:22 [6,550ms] [Warning] [omni.isaac.manipulators.grippers.parallel_gripper] omni.isaac.manipulators has been deprecated in favor of isaacsim.robot.manipulators. Please update your code accordingly.
2026-03-16 14:30:22 [6,550ms] [Warning] [omni.isaac.manipulators.grippers.surface_gripper] omni.isaac.manipulators has been deprecated in favor of isaacsim.robot.manipulators. Please update your code accordingly.
2026-03-16 14:30:22 [6,551ms] [Warning] [omni.isaac.manipulators.manipulators] omni.isaac.manipulators has been deprecated in favor of isaacsim.robot.manipulators. Please update your code accordingly.
2026-03-16 14:30:22 [6,551ms] [Warning] [omni.isaac.manipulators.manipulators.single_manipulator] omni.isaac.manipulators has been deprecated in favor of isaacsim.robot.manipulators. Please update your code accordingly.
[6.646s] [ext: omni.isaac.menu-1.0.2] startup
2026-03-16 14:30:22 [6,554ms] [Warning] [omni.isaac.menu] omni.isaac.menu has been deprecated in favor of isaacsim.gui.menu. Please update your code accordingly.
[6.649s] [ext: isaacsim.sensors.physics-0.3.6] startup
[6.659s] [ext: isaacsim.util.debug_draw-2.0.3] startup
[6.668s] [ext: omni.isaac.motion_generation-8.0.2] startup
2026-03-16 14:30:22 [6,575ms] [Warning] [omni.isaac.motion_generation] omni.isaac.motion_generation has been deprecated in favor of isaacsim.robot_motion.motion_generation. Please update your code accordingly.
2026-03-16 14:30:22 [6,576ms] [Warning] [omni.isaac.motion_generation.articulation_kinematics_solver] omni.isaac.motion_generation has been deprecated in favor of isaacsim.robot_motion.motion_generation. Please update your code accordingly.
2026-03-16 14:30:22 [6,577ms] [Warning] [omni.isaac.motion_generation.articulation_motion_policy] omni.isaac.motion_generation has been deprecated in favor of isaacsim.robot_motion.motion_generation. Please update your code accordingly.
2026-03-16 14:30:22 [6,578ms] [Warning] [omni.isaac.motion_generation.articulation_trajectory] omni.isaac.motion_generation has been deprecated in favor of isaacsim.robot_motion.motion_generation. Please update your code accordingly.
2026-03-16 14:30:22 [6,578ms] [Warning] [omni.isaac.motion_generation.kinematics_interface] omni.isaac.motion_generation has been deprecated in favor of isaacsim.robot_motion.motion_generation. Please update your code accordingly.
2026-03-16 14:30:22 [6,579ms] [Warning] [omni.isaac.motion_generation.lula] omni.isaac.motion_generation has been deprecated in favor of isaacsim.robot_motion.motion_generation. Please update your code accordingly.
2026-03-16 14:30:22 [6,580ms] [Warning] [omni.isaac.motion_generation.lula.kinematics] omni.isaac.motion_generation has been deprecated in favor of isaacsim.robot_motion.motion_generation. Please update your code accordingly.
2026-03-16 14:30:22 [6,581ms] [Warning] [omni.isaac.motion_generation.lula.motion_policies] omni.isaac.motion_generation has been deprecated in favor of isaacsim.robot_motion.motion_generation. Please update your code accordingly.
2026-03-16 14:30:22 [6,582ms] [Warning] [omni.isaac.motion_generation.lula.path_planners] omni.isaac.motion_generation has been deprecated in favor of isaacsim.robot_motion.motion_generation. Please update your code accordingly.
2026-03-16 14:30:22 [6,583ms] [Warning] [omni.isaac.motion_generation.lula.trajectory_generator] omni.isaac.motion_generation has been deprecated in favor of isaacsim.robot_motion.motion_generation. Please update your code accordingly.
2026-03-16 14:30:22 [6,584ms] [Warning] [omni.isaac.motion_generation.motion_policy_controller] omni.isaac.motion_generation has been deprecated in favor of isaacsim.robot_motion.motion_generation. Please update your code accordingly.
2026-03-16 14:30:22 [6,585ms] [Warning] [omni.isaac.motion_generation.motion_policy_interface] omni.isaac.motion_generation has been deprecated in favor of isaacsim.robot_motion.motion_generation. Please update your code accordingly.
2026-03-16 14:30:22 [6,585ms] [Warning] [omni.isaac.motion_generation.path_planner_visualizer] omni.isaac.motion_generation has been deprecated in favor of isaacsim.robot_motion.motion_generation. Please update your code accordingly.
2026-03-16 14:30:22 [6,586ms] [Warning] [omni.isaac.motion_generation.path_planning_interface] omni.isaac.motion_generation has been deprecated in favor of isaacsim.robot_motion.motion_generation. Please update your code accordingly.
2026-03-16 14:30:22 [6,587ms] [Warning] [omni.isaac.motion_generation.trajectory] omni.isaac.motion_generation has been deprecated in favor of isaacsim.robot_motion.motion_generation. Please update your code accordingly.
2026-03-16 14:30:22 [6,588ms] [Warning] [omni.isaac.motion_generation.world_interface] omni.isaac.motion_generation has been deprecated in favor of isaacsim.robot_motion.motion_generation. Please update your code accordingly.
[6.683s] [ext: omni.sensors.nv.common-2.5.0-coreapi] startup
[6.712s] [ext: isaacsim.robot.policy.examples-4.0.3] startup
[6.715s] [ext: isaacsim.sensors.physx-2.2.5] startup
[6.725s] [ext: omni.isaac.nucleus-1.0.3] startup
2026-03-16 14:30:22 [6,633ms] [Warning] [omni.isaac.nucleus] omni.isaac.nucleus has been deprecated in favor of isaacsim.storage.native. Please update your code accordingly.
2026-03-16 14:30:22 [6,633ms] [Warning] [omni.isaac.nucleus.nucleus] omni.isaac.nucleus.nucleus has been deprecated in favor of isaacsim.storage.native. Please update your code accordingly.
[6.730s] [ext: omni.sensors.nv.materials-1.4.0-coreapi] startup
[6.746s] [ext: omni.isaac.quadruped-3.0.2] startup
2026-03-16 14:30:22 [6,653ms] [Warning] [omni.isaac.quadruped] omni.isaac.quadruped has been deprecated in favor of isaacsim.robot.policy.examples. Please update your code accordingly.
[6.748s] [ext: omni.isaac.range_sensor-4.0.2] startup
[6.754s] [ext: omni.sensors.nv.wpm-2.4.0-coreapi] startup
[6.761s] [ext: omni.sensors.nv.lidar-2.6.3-coreapi] startup
[6.772s] [ext: omni.sensors.nv.ids-1.4.0-coreapi] startup
[6.778s] [ext: omni.sensors.tiled-0.0.6] startup
[6.781s] [ext: omni.sensors.nv.radar-2.6.1-coreapi] startup
[6.796s] [ext: isaacsim.robot.manipulators.examples-1.0.3] startup
[6.799s] [ext: isaacsim.sensors.camera-0.2.9] startup
[6.811s] [ext: omni.kit.widget.toolbar-1.7.3] startup
[6.830s] [ext: isaacsim.sensors.rtx-13.6.4] startup
[6.840s] [ext: omni.kit.manipulator.transform-106.0.1] startup
[6.854s] [ext: isaacsim.cortex.framework-1.0.2] startup
[6.858s] [ext: omni.kit.manipulator.selector-1.1.1] startup
[6.864s] [ext: omni.isaac.sensor-13.0.3] startup
2026-03-16 14:30:22 [6,772ms] [Warning] [omni.isaac.sensor] omni.isaac.sensor has been deprecated in favor of isaacsim.sensors.camera, isaacsim.sensors.physics, isaacsim.sensors.physx, and isaacsim.sensors.rtx. Please update your code accordingly.
2026-03-16 14:30:22 [6,773ms] [Warning] [omni.isaac.sensor.camera] omni.isaac.sensor.camera has been deprecated in favor of isaacsim.sensors.camera.camera. Please update your code accordingly.
2026-03-16 14:30:22 [6,774ms] [Warning] [omni.isaac.sensor.camera_view] omni.isaac.sensor.camera_view has been deprecated in favor of isaacsim.sensors.camera.camera_view. Please update your code accordingly.
2026-03-16 14:30:22 [6,775ms] [Warning] [omni.isaac.sensor.commands] omni.isaac.sensor.commands has been deprecated in favor of isaacsim.sensors.physics.commands, isaacsim.sensors.physx.commands, and isaacsim.sensors.rtx.commands. Please update your code accordingly.
2026-03-16 14:30:22 [6,775ms] [Warning] [omni.isaac.sensor.contact_sensor] omni.isaac.sensor.contact_sensor has been deprecated in favor of isaacsim.sensors.physics.contact_sensor. Please update your code accordingly.
2026-03-16 14:30:22 [6,777ms] [Warning] [omni.isaac.sensor.imu_sensor] omni.isaac.sensor.imu_sensor has been deprecated in favor of isaacsim.sensors.physics.imu_sensor. Please update your code accordingly.
2026-03-16 14:30:22 [6,778ms] [Warning] [omni.isaac.sensor.lidar_rtx] omni.isaac.sensor.lidar_rtx has been deprecated in favor of isaacsim.sensors.rtx.lidar_rtx. Please update your code accordingly.
2026-03-16 14:30:22 [6,779ms] [Warning] [omni.isaac.sensor.rotating_lidar_physX] omni.isaac.sensor.imu_sensor has been deprecated in favor of isaacsim.sensors.physix.rotating_lidar_physX. Please update your code accordingly.
2026-03-16 14:30:22 [6,784ms] [Warning] [omni.isaac.sensor.scripts.samples.contact_sensor] omni.isaac.sensor.scripts.samples.contact_sensor has been deprecated in favor of isaacsim.sensors.physics.scripts.samples.contact_sensor. Please update your code accordingly.
2026-03-16 14:30:22 [6,785ms] [Warning] [omni.isaac.sensor.scripts.samples.imu_sensor] omni.isaac.sensor.scripts.samples.imu_sensor has been deprecated in favor of isaacsim.sensors.physics.scripts.samples.imu_sensor. Please update your code accordingly.
2026-03-16 14:30:22 [6,785ms] [Warning] [omni.isaac.sensor.scripts.samples.lightbeam_sensor] omni.isaac.sensor.scripts.samples.lightbeam_sensor has been deprecated in favor of isaacsim.sensors.physx.scripts.samples.lightbeam_sensor. Please update your code accordingly.
[6.880s] [ext: omni.kit.manipulator.tool.snap-1.5.12] startup
[6.896s] [ext: omni.isaac.surface_gripper-2.0.2] startup
2026-03-16 14:30:22 [6,804ms] [Warning] [omni.isaac.surface_gripper] omni.isaac.surface_gripper has been deprecated in favor of isaacsim.robot.surface_gripper. Please update your code accordingly.
[6.898s] [ext: omni.isaac.cortex-1.0.2] startup
2026-03-16 14:30:22 [6,806ms] [Warning] [omni.isaac.cortex] omni.isaac.cortex has been deprecated in favor of isaacsim.cortex.framework. Please update your code accordingly.
[6.901s] [ext: isaacsim.cortex.behaviors-2.0.3] startup
[6.904s] [ext: omni.kit.viewport.manipulator.transform-107.0.4] startup
[6.909s] [ext: omni.isaac.universal_robots-1.0.2] startup
2026-03-16 14:30:22 [6,816ms] [Warning] [omni.isaac.universal_robots] omni.isaac.universal_robots has been deprecated in favor of isaacsim.robot.manipulators.examples.universal_robots. Please update your code accordingly.
2026-03-16 14:30:22 [6,817ms] [Warning] [omni.isaac.universal_robots.kinematics_solver] omni.isaac.franka has been deprecated in favor of isaacsim.robot.manipulators.examples.universal_robots. Please update your code accordingly.
2026-03-16 14:30:22 [6,819ms] [Warning] [omni.isaac.universal_robots.ur10] omni.isaac.franka has been deprecated in favor of isaacsim.robot.manipulators.examples.universal_robots. Please update your code accordingly.
[6.914s] [ext: omni.isaac.utils-2.0.2] startup
[6.917s] [ext: omni.isaac.cortex.sample_behaviors-2.0.2] startup
2026-03-16 14:30:22 [6,824ms] [Warning] [omni.isaac.cortex.sample_behaviors] omni.isaac.cortex.sample_behaviors has been deprecated in favor of isaacsim.cortex.behaviors. Please update your code accordingly.
[6.919s] [ext: omni.kit.manipulator.prim.core-107.0.7] startup
[6.934s] [ext: omni.fabric.commands-1.1.5] startup
[6.941s] [ext: omni.kit.viewport.actions-107.0.0] startup
[6.948s] [ext: omni.kit.manipulator.prim.usd-107.0.3] startup
[6.951s] [ext: omni.kit.manipulator.prim.fabric-107.0.4] startup
[6.954s] [ext: omni.kit.viewport.menubar.display-107.0.3] startup
[6.958s] [ext: omni.kit.widget.layers-1.8.2] startup
[6.983s] [ext: omni.kit.manipulator.selection-106.0.1] startup
[6.987s] [ext: omni.kit.manipulator.prim-107.0.0] startup
[6.988s] [ext: omni.debugdraw-0.1.3] startup
[6.993s] [ext: omni.graph.ui_nodes-1.40.1] startup
[6.999s] [ext: omni.physx.commands-106.5.7] startup
[7.006s] [ext: omni.usdphysics.ui-106.5.7] startup
[7.032s] [ext: omni.kit.property.audio-1.0.16] startup
[7.038s] [ext: omni.kit.property.camera-1.0.9] startup
[7.042s] [ext: omni.kit.property.geometry-1.3.3] startup
[7.051s] [ext: omni.hydra.scene_api-0.1.2] startup
[7.057s] [ext: omni.physx.ui-106.5.7] startup
[7.095s] [ext: omni.kit.property.material-1.10.17] startup
[7.113s] [ext: omni.kit.property.light-1.0.11] startup
[7.117s] [ext: omni.kit.property.render-1.1.3] startup
[7.120s] [ext: omni.kit.property.transform-1.5.10] startup
[7.126s] [ext: isaacsim.gui.property-1.0.4] startup
[7.130s] [ext: omni.kit.property.physx-106.5.7] startup
[7.167s] [ext: omni.physx.demos-106.5.7] startup
[7.219s] [ext: omni.isaac.lula-4.0.2] startup
2026-03-16 14:30:22 [7,127ms] [Warning] [omni.isaac.lula] omni.isaac.lula has been deprecated in favor of isaacsim.robot_motion.lula. Please update your code accordingly.
[7.222s] [ext: omni.kit.property.bundle-1.3.2] startup
[7.226s] [ext: omni.kit.property.isaac-1.0.2] startup
2026-03-16 14:30:22 [7,133ms] [Warning] [omni.kit.property.isaac] omni.kit.property.isaac has been deprecated in favor of isaacsim.gui.property. Please update your code accordingly.
2026-03-16 14:30:22 [7,134ms] [Warning] [omni.kit.property.isaac.widgets] omni.kit.property.isaac.widgets has been deprecated in favor of isaacsim.gui.property.widgets. Please update your code accordingly.
2026-03-16 14:30:22 [7,134ms] [Warning] [omni.ext._impl._internal] Found class `IsaacPropertyWidgets` derived from `omni.ext.IExt` in module: 'omni.kit.property.isaac', but it was imported from other extension: 'c:/users/aa598/miniconda3/envs/robot_env_gpu/lib/site-packages/omni/data/kit/isaac-sim python/4.5/exts/3/isaacsim.gui.property-1.0.4+106.5.0/isaacsim/gui/property/widgets.py', which is not a subpath to: 'c:\users\aa598\miniconda3\envs\robot_env_gpu\lib\site-packages\omni\data\kit\isaac-sim python\4.5\exts\3\omni.kit.property.isaac-1.0.2+106.5.0'. Do not import `IExt` derived class from other extension in your public namespace.
[7.229s] [ext: omni.kit.viewport.menubar.camera-107.0.2] startup
[7.244s] [ext: omni.physx.vehicle-106.5.7] startup
[7.280s] [ext: omni.kit.viewport.menubar.lighting-106.0.2] startup
[7.287s] [ext: omni.kit.viewport.menubar.render-107.0.8] startup
[7.294s] [ext: omni.kit.viewport.menubar.settings-107.0.3] startup
[7.305s] [ext: omni.kit.window.console-0.2.14] startup
[7.317s] [ext: omni.physx.camera-106.5.7] startup
[7.331s] [ext: omni.kit.window.toolbar-1.6.2] startup
[7.337s] [ext: omni.isaac.version-2.0.2] startup
2026-03-16 14:30:22 [7,244ms] [Warning] [omni.isaac.version] omni.isaac.version has been deprecated in favor of isaacsim.core.version. Please update your code accordingly.
[7.339s] [ext: isaacsim.robot.wheeled_robots-4.0.4] startup
2026-03-16 14:30:22 [7,260ms] [Error] [omni.ext._impl.custom_importer] Failed to import python module isaacsim.robot.wheeled_robots. Error: DLL load failed while importing _isaacsim_robot_wheeled_robots: 檔名或副檔名太長。. Traceback:
Traceback (most recent call last):
  File "C:\Users\aa598\miniconda3\envs\robot_env_gpu\Lib\site-packages\omni\kernel\py\omni\ext\_impl\custom_importer.py", line 76, in import_module
    return importlib.import_module(name)
  File "C:\Users\aa598\miniconda3\envs\robot_env_gpu\lib\importlib\__init__.py", line 126, in import_module
    return _bootstrap._gcd_import(name[level:], package, level)
  File "<frozen importlib._bootstrap>", line 1050, in _gcd_import
  File "<frozen importlib._bootstrap>", line 1027, in _find_and_load
  File "<frozen importlib._bootstrap>", line 1006, in _find_and_load_unlocked
  File "<frozen importlib._bootstrap>", line 688, in _load_unlocked
  File "<frozen importlib._bootstrap_external>", line 883, in exec_module
  File "<frozen importlib._bootstrap>", line 241, in _call_with_frames_removed
  File "c:/users/aa598/miniconda3/envs/robot_env_gpu/lib/site-packages/omni/data/kit/isaac-sim python/4.5/exts/3/isaacsim.robot.wheeled_robots-4.0.4+106.5.0.wx64.r.cp310/isaacsim/robot/wheeled_robots/__init__.py", line 10, in <module>
    from .impl.extension import Extension
  File "c:/users/aa598/miniconda3/envs/robot_env_gpu/lib/site-packages/omni/data/kit/isaac-sim python/4.5/exts/3/isaacsim.robot.wheeled_robots-4.0.4+106.5.0.wx64.r.cp310/isaacsim/robot/wheeled_robots/impl/__init__.py", line 11, in <module>
    from .extension import *
  File "c:/users/aa598/miniconda3/envs/robot_env_gpu/lib/site-packages/omni/data/kit/isaac-sim python/4.5/exts/3/isaacsim.robot.wheeled_robots-4.0.4+106.5.0.wx64.r.cp310/isaacsim/robot/wheeled_robots/impl/extension.py", line 12, in <module>
    from isaacsim.robot.wheeled_robots.bindings._isaacsim_robot_wheeled_robots import (
ImportError: DLL load failed while importing _isaacsim_robot_wheeled_robots: 檔名或副檔名太長。

2026-03-16 14:30:22 [7,260ms] [Error] [carb.scripting-python.plugin] Exception: Extension python module: 'isaacsim.robot.wheeled_robots' in 'c:\users\aa598\miniconda3\envs\robot_env_gpu\lib\site-packages\omni\data\kit\isaac-sim python\4.5\exts\3\isaacsim.robot.wheeled_robots-4.0.4+106.5.0.wx64.r.cp310' failed to load.

At:
  C:\Users\aa598\miniconda3\envs\robot_env_gpu\Lib\site-packages\omni\kernel\py\omni\ext\_impl\_internal.py(213): startup
  C:\Users\aa598\miniconda3\envs\robot_env_gpu\Lib\site-packages\omni\kernel\py\omni\ext\_impl\_internal.py(328): startup_extension
  PythonExtension.cpp::startup()(2): <module>
  C:\Users\aa598\miniconda3\envs\robot_env_gpu\Lib\site-packages\isaacsim\exts\isaacsim.simulation_app\isaacsim\simulation_app\simulation_app.py(427): _start_app
  C:\Users\aa598\miniconda3\envs\robot_env_gpu\Lib\site-packages\isaacsim\exts\isaacsim.simulation_app\isaacsim\simulation_app\simulation_app.py(212): __init__
  C:\Users\aa598\archimedes-survey\mechanics\isaac_sim_beach.py(10): <module>

2026-03-16 14:30:22 [7,260ms] [Error] [omni.ext.plugin] [ext: isaacsim.robot.wheeled_robots-4.0.4] Failed to startup python extension.
[7.636s] [ext: omni.physx.cct-106.5.7] startup
2026-03-16 14:30:23 [7,551ms] [Error] [omni.graph.core._impl.extension] OGN node registration completed with errors: DLL load failed while importing _isaacsim_robot_wheeled_robots: 檔名或副檔名太長。
[7.654s] [ext: omni.physx.graph-106.5.7] startup
[7.677s] [ext: isaacsim.replicator.writers-1.0.1] startup
[7.721s] [ext: omni.physx.supportui-106.5.7] startup
[7.752s] [ext: omni.physx.telemetry-106.5.7] startup
[7.764s] [ext: omni.isaac.wheeled_robots-3.0.3] startup
2026-03-16 14:30:23 [7,670ms] [Warning] [omni.isaac.wheeled_robots] omni.isaac.wheeled_robots has been deprecated in favor of isaacsim.robot.wheeled_robots. Please update your code accordingly.
2026-03-16 14:30:23 [7,671ms] [Warning] [omni.isaac.wheeled_robots.controllers] omni.isaac.wheeled_robots has been deprecated in favor of isaacsim.robot.wheeled_robots. Please update your code accordingly.
2026-03-16 14:30:23 [7,672ms] [Warning] [omni.isaac.wheeled_robots.controllers.ackermann_controller] omni.isaac.wheeled_robots has been deprecated in favor of isaacsim.robot.wheeled_robots. Please update your code accordingly.
2026-03-16 14:30:23 [7,673ms] [Warning] [omni.isaac.wheeled_robots.controllers.differential_controller] omni.isaac.wheeled_robots has been deprecated in favor of isaacsim.robot.wheeled_robots. Please update your code accordingly.
2026-03-16 14:30:23 [7,673ms] [Warning] [omni.isaac.wheeled_robots.controllers.holonomic_controller] omni.isaac.wheeled_robots has been deprecated in favor of isaacsim.robot.wheeled_robots. Please update your code accordingly.
2026-03-16 14:30:23 [7,673ms] [Warning] [omni.isaac.wheeled_robots.controllers.quintic_path_planner] omni.isaac.wheeled_robots has been deprecated in favor of isaacsim.robot.wheeled_robots. Please update your code accordingly.
2026-03-16 14:30:23 [7,674ms] [Warning] [omni.isaac.wheeled_robots.controllers.stanley_control] omni.isaac.wheeled_robots has been deprecated in favor of isaacsim.robot.wheeled_robots. Please update your code accordingly.
2026-03-16 14:30:23 [7,674ms] [Warning] [omni.isaac.wheeled_robots.controllers.wheel_base_pose_controller] omni.isaac.wheeled_robots has been deprecated in favor of isaacsim.robot.wheeled_robots. Please update your code accordingly.
2026-03-16 14:30:23 [7,675ms] [Warning] [omni.isaac.wheeled_robots.impl] omni.isaac.wheeled_robots has been deprecated in favor of isaacsim.robot.wheeled_robots. Please update your code accordingly.
2026-03-16 14:30:23 [7,676ms] [Warning] [omni.isaac.wheeled_robots.robots] omni.isaac.wheeled_robots has been deprecated in favor of isaacsim.robot.wheeled_robots. Please update your code accordingly.
2026-03-16 14:30:23 [7,677ms] [Warning] [omni.isaac.wheeled_robots.robots.holonomic_robot_usd_setup] omni.isaac.wheeled_robots has been deprecated in favor of isaacsim.robot.wheeled_robots. Please update your code accordingly.
2026-03-16 14:30:23 [7,681ms] [Error] [omni.ext._impl.custom_importer] Failed to import python module omni.isaac.wheeled_robots. Error: DLL load failed while importing _isaacsim_robot_wheeled_robots: 檔名或副檔名太長。. Traceback:
Traceback (most recent call last):
  File "C:\Users\aa598\miniconda3\envs\robot_env_gpu\Lib\site-packages\omni\kernel\py\omni\ext\_impl\custom_importer.py", line 76, in import_module
    return importlib.import_module(name)
  File "C:\Users\aa598\miniconda3\envs\robot_env_gpu\lib\importlib\__init__.py", line 126, in import_module
    return _bootstrap._gcd_import(name[level:], package, level)
  File "<frozen importlib._bootstrap>", line 1050, in _gcd_import
  File "<frozen importlib._bootstrap>", line 1027, in _find_and_load
  File "<frozen importlib._bootstrap>", line 1006, in _find_and_load_unlocked
  File "<frozen importlib._bootstrap>", line 688, in _load_unlocked
  File "<frozen importlib._bootstrap_external>", line 883, in exec_module
  File "<frozen importlib._bootstrap>", line 241, in _call_with_frames_removed
  File "c:/users/aa598/miniconda3/envs/robot_env_gpu/lib/site-packages/omni/data/kit/isaac-sim python/4.5/exts/3/omni.isaac.wheeled_robots-3.0.3+106.5.0/omni/isaac/wheeled_robots/__init__.py", line 23, in <module>
    from .robots import *
  File "c:/users/aa598/miniconda3/envs/robot_env_gpu/lib/site-packages/omni/data/kit/isaac-sim python/4.5/exts/3/omni.isaac.wheeled_robots-3.0.3+106.5.0/omni/isaac/wheeled_robots/robots/__init__.py", line 22, in <module>
    from .holonomic_robot_usd_setup import *
  File "c:/users/aa598/miniconda3/envs/robot_env_gpu/lib/site-packages/omni/data/kit/isaac-sim python/4.5/exts/3/omni.isaac.wheeled_robots-3.0.3+106.5.0/omni/isaac/wheeled_robots/robots/holonomic_robot_usd_setup.py", line 17, in <module>
    from isaacsim.robot.wheeled_robots.robots.holonomic_robot_usd_setup import *
  File "c:/users/aa598/miniconda3/envs/robot_env_gpu/lib/site-packages/omni/data/kit/isaac-sim python/4.5/exts/3/isaacsim.robot.wheeled_robots-4.0.4+106.5.0.wx64.r.cp310/isaacsim/robot/wheeled_robots/__init__.py", line 10, in <module>
    from .impl.extension import Extension
  File "c:/users/aa598/miniconda3/envs/robot_env_gpu/lib/site-packages/omni/data/kit/isaac-sim python/4.5/exts/3/isaacsim.robot.wheeled_robots-4.0.4+106.5.0.wx64.r.cp310/isaacsim/robot/wheeled_robots/impl/__init__.py", line 11, in <module>
    from .extension import *
  File "c:/users/aa598/miniconda3/envs/robot_env_gpu/lib/site-packages/omni/data/kit/isaac-sim python/4.5/exts/3/isaacsim.robot.wheeled_robots-4.0.4+106.5.0.wx64.r.cp310/isaacsim/robot/wheeled_robots/impl/extension.py", line 12, in <module>
    from isaacsim.robot.wheeled_robots.bindings._isaacsim_robot_wheeled_robots import (
ImportError: DLL load failed while importing _isaacsim_robot_wheeled_robots: 檔名或副檔名太長。

2026-03-16 14:30:23 [7,681ms] [Error] [carb.scripting-python.plugin] Exception: Extension python module: 'omni.isaac.wheeled_robots' in 'c:\users\aa598\miniconda3\envs\robot_env_gpu\lib\site-packages\omni\data\kit\isaac-sim python\4.5\exts\3\omni.isaac.wheeled_robots-3.0.3+106.5.0' failed to load.

At:
  C:\Users\aa598\miniconda3\envs\robot_env_gpu\Lib\site-packages\omni\kernel\py\omni\ext\_impl\_internal.py(213): startup
  C:\Users\aa598\miniconda3\envs\robot_env_gpu\Lib\site-packages\omni\kernel\py\omni\ext\_impl\_internal.py(328): startup_extension
  PythonExtension.cpp::startup()(2): <module>
  C:\Users\aa598\miniconda3\envs\robot_env_gpu\Lib\site-packages\isaacsim\exts\isaacsim.simulation_app\isaacsim\simulation_app\simulation_app.py(427): _start_app
  C:\Users\aa598\miniconda3\envs\robot_env_gpu\Lib\site-packages\isaacsim\exts\isaacsim.simulation_app\isaacsim\simulation_app\simulation_app.py(212): __init__
  C:\Users\aa598\archimedes-survey\mechanics\isaac_sim_beach.py(10): <module>

2026-03-16 14:30:23 [7,681ms] [Error] [omni.ext.plugin] [ext: omni.isaac.wheeled_robots-3.0.3] Failed to startup python extension.
[8.082s] [ext: omni.isaac.franka-1.0.2] startup
2026-03-16 14:30:23 [7,991ms] [Warning] [omni.isaac.wheeled_robots] omni.isaac.wheeled_robots has been deprecated in favor of isaacsim.robot.wheeled_robots. Please update your code accordingly.
2026-03-16 14:30:23 [7,991ms] [Warning] [omni.isaac.franka] omni.isaac.franka has been deprecated in favor of isaacsim.robot.manipulators.examples.franka. Please update your code accordingly.
2026-03-16 14:30:23 [7,991ms] [Warning] [omni.isaac.wheeled_robots.controllers] omni.isaac.wheeled_robots has been deprecated in favor of isaacsim.robot.wheeled_robots. Please update your code accordingly.
2026-03-16 14:30:23 [7,992ms] [Warning] [omni.isaac.franka.franka] omni.isaac.franka has been deprecated in favor of isaacsim.robot.manipulators.examples.franka. Please update your code accordingly.
2026-03-16 14:30:23 [7,992ms] [Warning] [omni.isaac.wheeled_robots.controllers.ackermann_controller] omni.isaac.wheeled_robots has been deprecated in favor of isaacsim.robot.wheeled_robots. Please update your code accordingly.
2026-03-16 14:30:23 [7,993ms] [Warning] [omni.isaac.wheeled_robots.controllers.differential_controller] omni.isaac.wheeled_robots has been deprecated in favor of isaacsim.robot.wheeled_robots. Please update your code accordingly.
2026-03-16 14:30:23 [7,993ms] [Warning] [omni.isaac.wheeled_robots.controllers.holonomic_controller] omni.isaac.wheeled_robots has been deprecated in favor of isaacsim.robot.wheeled_robots. Please update your code accordingly.
2026-03-16 14:30:23 [7,994ms] [Warning] [omni.isaac.wheeled_robots.controllers.quintic_path_planner] omni.isaac.wheeled_robots has been deprecated in favor of isaacsim.robot.wheeled_robots. Please update your code accordingly.
2026-03-16 14:30:23 [7,994ms] [Warning] [omni.isaac.wheeled_robots.controllers.stanley_control] omni.isaac.wheeled_robots has been deprecated in favor of isaacsim.robot.wheeled_robots. Please update your code accordingly.
2026-03-16 14:30:23 [7,995ms] [Warning] [omni.isaac.wheeled_robots.controllers.wheel_base_pose_controller] omni.isaac.wheeled_robots has been deprecated in favor of isaacsim.robot.wheeled_robots. Please update your code accordingly.
2026-03-16 14:30:23 [7,995ms] [Warning] [omni.isaac.franka.kinematics_solver] omni.isaac.franka has been deprecated in favor of isaacsim.robot.manipulators.examples.franka. Please update your code accordingly.
[8.090s] [ext: isaacsim.replicator.domain_randomization-1.0.2] startup
2026-03-16 14:30:23 [7,998ms] [Warning] [omni.isaac.wheeled_robots.impl] omni.isaac.wheeled_robots has been deprecated in favor of isaacsim.robot.wheeled_robots. Please update your code accordingly.
2026-03-16 14:30:23 [7,998ms] [Warning] [omni.isaac.wheeled_robots.robots] omni.isaac.wheeled_robots has been deprecated in favor of isaacsim.robot.wheeled_robots. Please update your code accordingly.
2026-03-16 14:30:23 [7,999ms] [Warning] [omni.isaac.wheeled_robots.robots.holonomic_robot_usd_setup] omni.isaac.wheeled_robots has been deprecated in favor of isaacsim.robot.wheeled_robots. Please update your code accordingly.
2026-03-16 14:30:23 [8,001ms] [Error] [omni.graph.core._impl.extension] OGN node registration completed with errors: DLL load failed while importing _isaacsim_robot_wheeled_robots: 檔名或副檔名太長。
[8.099s] [ext: isaacsim.replicator.examples-1.1.2] startup
[8.104s] [ext: omni.kit.window.status_bar-0.1.7] startup
[8.111s] [ext: omni.rtx.window.settings-0.6.17] startup
[8.127s] [ext: omni.usd.metrics.assembler-106.5.0] startup
[8.138s] [ext: omni.physx.bundle-106.5.7] startup
[8.139s] [ext: isaacsim.app.about-2.0.7] startup
[8.142s] [ext: omni.replicator.isaac-2.0.3] startup
2026-03-16 14:30:23 [8,049ms] [Warning] [omni.replicator.isaac] omni.replicator.isaac has been deprecated in favor of isaacsim.replicator.domain_randomization, isaacsim.replicator.examples, isaacsim.replicator.writers. Please update your code accordingly.
[8.145s] [ext: omni.replicator.replicator_yaml-2.0.10] startup
[8.178s] [ext: omni.rtx.settings.core-0.6.3] startup
[8.186s] [ext: omni.usd.metrics.assembler.ui-106.5.0] startup
[8.196s] [ext: isaacsim.simulation_app-2.4.2] startup
[8.197s] [ext: omni.isaac.window.about-2.0.2] startup
2026-03-16 14:30:23 [8,105ms] [Warning] [omni.isaac.window.about] omni.isaac.window.about has been deprecated in favor of isaacsim.app.about. Please update your code accordingly.
2026-03-16 14:30:23 [8,106ms] [Warning] [omni.isaac.window.about.about] omni.isaac.window.about.about has been deprecated in favor of isaacsim.app.about.about. Please update your code accordingly.
[8.202s] [ext: semantics.schema.editor-0.3.10] startup
[8.208s] [ext: omni.kit.ui.actions-1.0.2] startup
[8.212s] [ext: semantics.schema.property-1.0.5] startup
[8.216s] [ext: omni.kit.manipulator.camera-106.0.3] startup
[8.224s] [ext: omni.isaac.kit-2.0.3] startup
2026-03-16 14:30:23 [8,130ms] [Warning] [omni.isaac.kit] omni.isaac.kit has been deprecated in favor of isaacsim.simulation_app. Please update your code accordingly.
[8.225s] [ext: omni.isaac.asset_browser-1.0.2] startup
2026-03-16 14:30:23 [8,132ms] [Warning] [omni.isaac.asset_browser] omni.isaac.asset_browser has been deprecated in favor of isaacsim.asset.browser. Please update your code accordingly.
[8.227s] [ext: isaacsim.core.throttling-2.0.2] startup
[8.230s] [ext: omni.kit.menu.common-1.1.9] startup
[8.233s] [ext: isaacsim.exp.base-4.5.0] startup
[8.234s] [ext: isaacsim.exp.base.python-4.5.0] startup
[8.235s] Simulation App Starting
[8.715s] app ready
2026-03-16 14:30:24 [8,669ms] [Warning] [rtx.neuraylib.plugin] [IRAY:RENDER]   1.1   IRAY   rend warn : GPU 1 (NVIDIA GeForce RTX 5060 Ti) with CUDA compute capability 12.0 is unsupported by this version of iray photoreal. Please look for an update with your software provider.
2026-03-16 14:30:24 [8,678ms] [Warning] [rtx.scenedb.plugin] SceneDbContext : TLAS limit buffer size 7508933632
2026-03-16 14:30:24 [8,678ms] [Warning] [rtx.scenedb.plugin] SceneDbContext : TLAS limit : valid false, within: false
2026-03-16 14:30:24 [8,678ms] [Warning] [rtx.scenedb.plugin] SceneDbContext : TLAS limit : decrement: 167690, decrement size: 7433845248
2026-03-16 14:30:24 [8,678ms] [Warning] [rtx.scenedb.plugin] SceneDbContext : New limit 9574251 (slope: 447, intercept: 13179904)
2026-03-16 14:30:24 [8,678ms] [Warning] [rtx.scenedb.plugin] SceneDbContext : TLAS limit buffer size 4287216384
2026-03-16 14:30:24 [8,678ms] [Warning] [rtx.scenedb.plugin] SceneDbContext : TLAS limit : valid true, within: true
2026-03-16 14:30:26 [10,650ms] [Warning] [omni.usd-abi.plugin] No setting was found for '/rtx-defaults-transient/meshlights/forceDisable'
2026-03-16 14:30:26 [10,674ms] [Warning] [omni.usd-abi.plugin] No setting was found for '/rtx-defaults/post/dlss/execMode'
[13.580s] Simulation App Startup Complete
2026-03-16 14:30:29 [14,454ms] [Warning] [omni.physx.plugin] PhysicsUSD: Parse collision - triangle mesh collision (approximation None/MeshSimplification) cannot be a part of a dynamic body, falling back to convexHull approximation: /World/Machine. For dynamic collision please use approximations: convex hull, convex decomposition, box, sphere or SDF approximation.
2026-03-16 14:30:30 [14,771ms] [Warning] [omni.physx.plugin] PhysicsUSD: Parse collision - triangle mesh collision (approximation None/MeshSimplification) cannot be a part of a dynamic body, falling back to convexHull approximation: /World/Machine. For dynamic collision please use approximations: convex hull, convex decomposition, box, sphere or SDF approximation.
2026-03-16 14:30:30 [14,774ms] [Warning] [omni.physx.plugin] IPhysx::addForceAtPos is deprecated, please use IPhysxSimulation:addForceAtPos instead.
2026-03-16 14:30:38 [22,497ms] [Warning] [omni.physx.plugin] PhysicsUSD: Parse collision - triangle mesh collision (approximation None/MeshSimplification) cannot be a part of a dynamic body, falling back to convexHull approximation: /World/Machine. For dynamic collision please use approximations: convex hull, convex decomposition, box, sphere or SDF approximation.
2026-03-16 14:30:48 [32,596ms] [Warning] [omni.physx.plugin] PhysicsUSD: Parse collision - triangle mesh collision (approximation None/MeshSimplification) cannot be a part of a dynamic body, falling back to convexHull approximation: /World/Machine. For dynamic collision please use approximations: convex hull, convex decomposition, box, sphere or SDF approximation.
2026-03-16 14:30:58 [43,041ms] [Warning] [omni.physx.plugin] PhysicsUSD: Parse collision - triangle mesh collision (approximation None/MeshSimplification) cannot be a part of a dynamic body, falling back to convexHull approximation: /World/Machine. For dynamic collision please use approximations: convex hull, convex decomposition, box, sphere or SDF approximation.
2026-03-16 14:31:07 [51,978ms] [Warning] [omni.physx.plugin] PhysicsUSD: Parse collision - triangle mesh collision (approximation None/MeshSimplification) cannot be a part of a dynamic body, falling back to convexHull approximation: /World/Machine. For dynamic collision please use approximations: convex hull, convex decomposition, box, sphere or SDF approximation.
2026-03-16 14:31:14 [59,388ms] [Warning] [omni.physx.plugin] PhysicsUSD: Parse collision - triangle mesh collision (approximation None/MeshSimplification) cannot be a part of a dynamic body, falling back to convexHull approximation: /World/Machine. For dynamic collision please use approximations: convex hull, convex decomposition, box, sphere or SDF approximation.
2026-03-16 14:31:21 [66,365ms] [Warning] [omni.physx.plugin] PhysicsUSD: Parse collision - triangle mesh collision (approximation None/MeshSimplification) cannot be a part of a dynamic body, falling back to convexHull approximation: /World/Machine. For dynamic collision please use approximations: convex hull, convex decomposition, box, sphere or SDF approximation.
2026-03-16 14:31:28 [73,235ms] [Warning] [omni.physx.plugin] PhysicsUSD: Parse collision - triangle mesh collision (approximation None/MeshSimplification) cannot be a part of a dynamic body, falling back to convexHull approximation: /World/Machine. For dynamic collision please use approximations: convex hull, convex decomposition, box, sphere or SDF approximation.
2026-03-16 14:31:32 [77,097ms] [Warning] [omni.physx.plugin] PhysicsUSD: Parse collision - triangle mesh collision (approximation None/MeshSimplification) cannot be a part of a dynamic body, falling back to convexHull approximation: /World/Machine. For dynamic collision please use approximations: convex hull, convex decomposition, box, sphere or SDF approximation.
[82.177s] Simulation App Shutting Down
